# Log file : cell.log
# Generated on : 2022-Apr-25 17:06:46
# (1) step (2) area (3) avg_perim (4) size (5) vp_energy 
       0  2.74103735  6.58170530     324  -1.563511e+02  
     100  2.70620851  6.56370681     324  -3.432436e+02  
     200  2.69491806  6.57588263     324  -3.843216e+02  
     300  2.68769922  6.56953364     324  -4.031923e+02  
     400  2.68176919  6.56131289     324  -4.135677e+02  
     500  2.67655250  6.55522921     324  -4.199463e+02  
     600  2.67191624  6.54926378     324  -4.243330e+02  
     700  2.66791761  6.54095374     324  -4.275332e+02  
     800  2.66412901  6.53224236     324  -4.299235e+02  
     900  2.66081503  6.52483533     324  -4.316793e+02  
    1000  2.65769600  6.51715540     324  -4.330850e+02  
    1100  2.65477253  6.51057974     324  -4.341955e+02  
    1200  2.65206115  6.50450905     324  -4.350974e+02  
    1300  2.64959581  6.49936581     324  -4.358245e+02  
    1400  2.64731226  6.49437509     324  -4.364388e+02  
    1500  2.64504213  6.48914693     324  -4.370030e+02  
    1600  2.64283158  6.48318106     324  -4.375182e+02  
    1700  2.64067498  6.47768136     324  -4.379548e+02  
    1800  2.63858489  6.47250972     324  -4.383401e+02  
    1900  2.63652798  6.46761690     324  -4.386959e+02  
    2000  2.63446810  6.46312061     324  -4.390216e+02  
    2100  2.63241726  6.45850185     324  -4.393287e+02  
    2200  2.63037505  6.45423213     324  -4.396124e+02  
    2300  2.62832258  6.45039351     324  -4.398759e+02  
    2400  2.62628092  6.44671612     324  -4.401234e+02  
    2500  2.62427359  6.44306141     324  -4.403422e+02  
    2600  2.62235806  6.43930091     324  -4.405377e+02  
    2700  2.62052882  6.43562083     324  -4.407160e+02  
    2800  2.61876115  6.43212355     324  -4.408807e+02  
    2900  2.61706142  6.42887212     324  -4.410347e+02  
    3000  2.61543099  6.42552421     324  -4.411814e+02  
    3100  2.61386335  6.42234155     324  -4.413171e+02  
    3200  2.61236559  6.41940851     324  -4.414428e+02  
    3300  2.61090415  6.41629123     324  -4.415673e+02  
    3400  2.60948885  6.41306633     324  -4.416878e+02  
    3500  2.60808345  6.40965340     324  -4.418233e+02  
    3600  2.60669698  6.40603223     324  -4.419559e+02  
    3700  2.60534457  6.40240956     324  -4.420810e+02  
    3800  2.60401729  6.39925648     324  -4.421959e+02  
    3900  2.60272881  6.39624392     324  -4.423024e+02  
    4000  2.60145358  6.39370748     324  -4.424045e+02  
    4100  2.60021502  6.39127699     324  -4.425000e+02  
    4200  2.59900427  6.38888874     324  -4.425947e+02  
    4300  2.59783046  6.38669120     324  -4.426812e+02  
    4400  2.59668601  6.38473327     324  -4.427623e+02  
    4500  2.59549080  6.38311679     324  -4.428709e+02  
    4600  2.59433891  6.38153131     324  -4.429583e+02  
    4700  2.59323046  6.37990004     324  -4.430333e+02  
    4800  2.59211852  6.37780059     324  -4.431236e+02  
    4900  2.59097424  6.37573083     324  -4.432201e+02  
    5000  2.58983416  6.37389540     324  -4.433039e+02  
    5100  2.58871665  6.37217377     324  -4.433812e+02  
    5200  2.58762025  6.37043050     324  -4.434560e+02  
    5300  2.58654717  6.36873885     324  -4.435258e+02  
    5400  2.58553182  6.36693651     324  -4.435932e+02  
    5500  2.58453612  6.36472860     324  -4.436676e+02  
    5600  2.58352853  6.36190419     324  -4.437553e+02  
    5700  2.58251070  6.35937984     324  -4.438357e+02  
    5800  2.58149192  6.35688030     324  -4.439107e+02  
    5900  2.58049017  6.35434288     324  -4.439848e+02  
    6000  2.57949008  6.35212327     324  -4.440534e+02  
    6100  2.57852632  6.34992306     324  -4.441183e+02  
    6200  2.57759060  6.34794843     324  -4.441778e+02  
    6300  2.57671612  6.34624885     324  -4.442320e+02  
    6400  2.57588822  6.34467804     324  -4.442843e+02  
    6500  2.57509112  6.34315735     324  -4.443331e+02  
    6600  2.57430925  6.34178560     324  -4.443789e+02  
    6700  2.57351442  6.34056671     324  -4.444215e+02  
    6800  2.57273970  6.33941289     324  -4.444615e+02  
    6900  2.57202873  6.33798679     324  -4.445049e+02  
    7000  2.57135043  6.33656245     324  -4.445494e+02  
    7100  2.57069362  6.33519476     324  -4.445894e+02  
    7200  2.57004963  6.33410469     324  -4.446263e+02  
    7300  2.56942774  6.33296023     324  -4.446645e+02  
    7400  2.56888176  6.33198401     324  -4.446982e+02  
    7500  2.56834712  6.33099194     324  -4.447296e+02  
    7600  2.56781094  6.33006467     324  -4.447592e+02  
    7700  2.56728956  6.32918973     324  -4.447872e+02  
    7800  2.56680741  6.32847137     324  -4.448137e+02  
    7900  2.56637446  6.32769991     324  -4.448389e+02  
    8000  2.56594585  6.32705212     324  -4.448632e+02  
    8100  2.56550219  6.32645576     324  -4.448865e+02  
    8200  2.56509700  6.32587183     324  -4.449091e+02  
    8300  2.56470740  6.32526293     324  -4.449308e+02  
    8400  2.56431751  6.32477864     324  -4.449523e+02  
    8500  2.56396919  6.32427312     324  -4.449738e+02  
    8600  2.56360275  6.32374028     324  -4.449941e+02  
    8700  2.56322266  6.32318019     324  -4.450147e+02  
    8800  2.56290394  6.32276811     324  -4.450359e+02  
    8900  2.56262841  6.32228750     324  -4.450564e+02  
    9000  2.56232549  6.32192674     324  -4.450755e+02  
    9100  2.56200915  6.32147989     324  -4.450938e+02  
    9200  2.56168198  6.32102010     324  -4.451106e+02  
    9300  2.56135318  6.32064305     324  -4.451272e+02  
    9400  2.56107595  6.32030078     324  -4.451424e+02  
    9500  2.56083835  6.32004039     324  -4.451571e+02  
    9600  2.56054617  6.31977871     324  -4.451711e+02  
    9700  2.56026707  6.31944311     324  -4.451848e+02  
    9800  2.56000176  6.31926554     324  -4.451983e+02  
    9900  2.55977026  6.31897308     324  -4.452106e+02  
   10000  2.55956756  6.31865227     324  -4.452229e+02  
   10100  2.55936949  6.31853781     324  -4.452347e+02  
   10200  2.55910903  6.31834372     324  -4.452457e+02  
   10300  2.55891389  6.31818376     324  -4.452569e+02  
   10400  2.55873127  6.31804017     324  -4.452677e+02  
   10500  2.55858270  6.31792129     324  -4.452776e+02  
   10600  2.55839836  6.31775090     324  -4.452873e+02  
   10700  2.55822471  6.31759514     324  -4.452964e+02  
   10800  2.55804540  6.31745779     324  -4.453058e+02  
   10900  2.55788269  6.31728813     324  -4.453147e+02  
   11000  2.55768406  6.31722315     324  -4.453232e+02  
   11100  2.55749982  6.31710478     324  -4.453320e+02  
   11200  2.55726417  6.31687297     324  -4.453406e+02  
   11300  2.55702138  6.31682145     324  -4.453489e+02  
   11400  2.55687367  6.31680341     324  -4.453573e+02  
   11500  2.55676442  6.31673789     324  -4.453649e+02  
   11600  2.55660923  6.31671312     324  -4.453729e+02  
   11700  2.55639340  6.31667025     324  -4.453808e+02  
   11800  2.55620716  6.31644273     324  -4.453892e+02  
   11900  2.55605932  6.31605759     324  -4.453990e+02  
   12000  2.55590062  6.31536719     324  -4.454122e+02  
   12100  2.55574118  6.31472219     324  -4.454247e+02  
   12200  2.55553209  6.31418018     324  -4.454371e+02  
   12300  2.55523807  6.31366504     324  -4.454479e+02  
   12400  2.55501856  6.31327050     324  -4.454582e+02  
   12500  2.55482333  6.31305886     324  -4.454685e+02  
   12600  2.55462182  6.31279807     324  -4.454802e+02  
   12700  2.55444506  6.31257731     324  -4.454906e+02  
   12800  2.55429045  6.31234133     324  -4.455007e+02  
   12900  2.55412144  6.31205957     324  -4.455104e+02  
   13000  2.55395248  6.31169930     324  -4.455202e+02  
   13100  2.55373011  6.31149512     324  -4.455304e+02  
   13200  2.55352818  6.31133793     324  -4.455398e+02  
   13300  2.55328312  6.31112699     324  -4.455495e+02  
   13400  2.55306441  6.31097207     324  -4.455589e+02  
   13500  2.55283347  6.31084257     324  -4.455673e+02  
   13600  2.55264857  6.31067950     324  -4.455764e+02  
   13700  2.55251543  6.31056655     324  -4.455850e+02  
   13800  2.55231278  6.31032592     324  -4.455930e+02  
   13900  2.55213509  6.31022117     324  -4.456000e+02  
   14000  2.55194678  6.31015108     324  -4.456071e+02  
   14100  2.55176147  6.30998651     324  -4.456135e+02  
   14200  2.55158211  6.30977103     324  -4.456198e+02  
   14300  2.55149134  6.30963713     324  -4.456255e+02  
   14400  2.55137780  6.30959554     324  -4.456305e+02  
   14500  2.55127569  6.30931807     324  -4.456416e+02  
   14600  2.55119738  6.30892392     324  -4.456496e+02  
   14700  2.55103612  6.30836118     324  -4.456710e+02  
   14800  2.55083509  6.30791632     324  -4.456860e+02  
   14900  2.55073736  6.30768213     324  -4.456971e+02  
   15000  2.55068809  6.30762871     324  -4.457069e+02  
   15100  2.55056422  6.30751631     324  -4.457150e+02  
   15200  2.55043439  6.30758691     324  -4.457225e+02  
   15300  2.55029615  6.30758145     324  -4.457295e+02  
   15400  2.55010857  6.30750321     324  -4.457360e+02  
   15500  2.54996276  6.30752649     324  -4.457425e+02  
   15600  2.54983160  6.30756330     324  -4.457482e+02  
   15700  2.54962114  6.30746868     324  -4.457538e+02  
   15800  2.54945048  6.30736266     324  -4.457587e+02  
   15900  2.54930502  6.30723038     324  -4.457640e+02  
   16000  2.54922716  6.30707182     324  -4.457698e+02  
   16100  2.54919499  6.30709181     324  -4.457755e+02  
   16200  2.54913892  6.30697470     324  -4.457803e+02  
   16300  2.54901207  6.30677424     324  -4.457852e+02  
   16400  2.54892561  6.30672059     324  -4.457899e+02  
   16500  2.54888292  6.30636235     324  -4.457940e+02  
   16600  2.54877564  6.30629089     324  -4.457985e+02  
   16700  2.54864886  6.30619347     324  -4.458026e+02  
   16800  2.54854783  6.30611695     324  -4.458065e+02  
   16900  2.54849091  6.30605665     324  -4.458103e+02  
   17000  2.54843022  6.30593817     324  -4.458133e+02  
   17100  2.54840935  6.30578750     324  -4.458170e+02  
   17200  2.54839953  6.30567798     324  -4.458198e+02  
   17300  2.54830288  6.30555603     324  -4.458235e+02  
   17400  2.54817528  6.30549073     324  -4.458269e+02  
   17500  2.54806925  6.30538544     324  -4.458299e+02  
   17600  2.54801316  6.30549513     324  -4.458327e+02  
   17700  2.54791838  6.30545299     324  -4.458363e+02  
   17800  2.54780205  6.30531087     324  -4.458388e+02  
   17900  2.54774869  6.30538995     324  -4.458414e+02  
   18000  2.54772963  6.30558167     324  -4.458442e+02  
   18100  2.54770695  6.30564816     324  -4.458468e+02  
   18200  2.54760998  6.30567726     324  -4.458491e+02  
   18300  2.54755156  6.30536637     324  -4.458514e+02  
   18400  2.54752513  6.30541621     324  -4.458540e+02  
   18500  2.54744959  6.30524948     324  -4.458613e+02  
   18600  2.54735518  6.30515998     324  -4.458690e+02  
   18700  2.54727061  6.30464342     324  -4.458787e+02  
   18800  2.54715335  6.30398465     324  -4.458888e+02  
   18900  2.54705831  6.30355426     324  -4.458972e+02  
   19000  2.54695674  6.30334263     324  -4.459045e+02  
   19100  2.54685942  6.30315793     324  -4.459109e+02  
   19200  2.54680035  6.30306214     324  -4.459167e+02  
   19300  2.54676472  6.30251869     324  -4.459222e+02  
   19400  2.54663889  6.30210537     324  -4.459273e+02  
   19500  2.54651909  6.30200090     324  -4.459325e+02  
   19600  2.54648554  6.30200799     324  -4.459368e+02  
   19700  2.54640846  6.30191131     324  -4.459416e+02  
   19800  2.54641418  6.30151457     324  -4.459472e+02  
   19900  2.54639722  6.30087897     324  -4.459545e+02  
   20000  2.54631789  6.30033247     324  -4.459608e+02  
   20100  2.54621791  6.29997507     324  -4.459659e+02  
   20200  2.54606450  6.29968236     324  -4.459714e+02  
   20300  2.54594519  6.29953253     324  -4.459767e+02  
   20400  2.54590130  6.29945187     324  -4.459814e+02  
   20500  2.54591224  6.29932849     324  -4.459854e+02  
   20600  2.54585075  6.29927194     324  -4.459899e+02  
   20700  2.54573411  6.29927795     324  -4.459948e+02  
   20800  2.54566265  6.29893037     324  -4.459994e+02  
   20900  2.54563856  6.29863929     324  -4.460039e+02  
   21000  2.54563675  6.29835310     324  -4.460081e+02  
   21100  2.54558649  6.29820392     324  -4.460119e+02  
   21200  2.54547311  6.29800985     324  -4.460164e+02  
   21300  2.54534251  6.29790556     324  -4.460207e+02  
   21400  2.54525061  6.29780889     324  -4.460238e+02  
   21500  2.54525552  6.29758992     324  -4.460276e+02  
   21600  2.54528616  6.29753129     324  -4.460307e+02  
   21700  2.54524553  6.29749360     324  -4.460345e+02  
   21800  2.54520662  6.29740279     324  -4.460391e+02  
   21900  2.54519413  6.29702079     324  -4.460449e+02  
   22000  2.54515703  6.29663565     324  -4.460500e+02  
   22100  2.54503727  6.29631062     324  -4.460550e+02  
   22200  2.54496812  6.29604360     324  -4.460589e+02  
   22300  2.54498624  6.29597138     324  -4.460620e+02  
   22400  2.54499238  6.29585780     324  -4.460653e+02  
   22500  2.54502443  6.29575288     324  -4.460683e+02  
   22600  2.54506798  6.29573332     324  -4.460714e+02  
   22700  2.54504093  6.29563218     324  -4.460741e+02  
   22800  2.54492961  6.29540137     324  -4.460772e+02  
   22900  2.54487067  6.29527163     324  -4.460797e+02  
   23000  2.54480897  6.29506823     324  -4.460843e+02  
   23100  2.54466724  6.29466093     324  -4.460899e+02  
   23200  2.54458151  6.29423048     324  -4.460943e+02  
   23300  2.54456650  6.29388856     324  -4.460989e+02  
   23400  2.54464153  6.29357006     324  -4.461020e+02  
   23500  2.54466286  6.29322985     324  -4.461055e+02  
   23600  2.54459657  6.29296611     324  -4.461088e+02  
   23700  2.54457050  6.29248919     324  -4.461115e+02  
   23800  2.54455839  6.29244300     324  -4.461145e+02  
   23900  2.54453431  6.29223051     324  -4.461168e+02  
   24000  2.54450515  6.29204359     324  -4.461195e+02  
   24100  2.54444053  6.29197000     324  -4.461215e+02  
   24200  2.54432866  6.29193654     324  -4.461238e+02  
   24300  2.54431124  6.29201639     324  -4.461262e+02  
   24400  2.54431637  6.29203517     324  -4.461283e+02  
   24500  2.54424562  6.29205649     324  -4.461301e+02  
   24600  2.54409731  6.29191393     324  -4.461322e+02  
   24700  2.54396663  6.29173253     324  -4.461344e+02  
   24800  2.54396815  6.29170825     324  -4.461372e+02  
   24900  2.54398231  6.29176735     324  -4.461389e+02  
   25000  2.54392782  6.29186679     324  -4.461406e+02  
   25100  2.54381814  6.29187014     324  -4.461430e+02  
   25200  2.54372606  6.29197426     324  -4.461446e+02  
   25300  2.54363022  6.29189719     324  -4.461465e+02  
   25400  2.54363320  6.29182204     324  -4.461477e+02  
   25500  2.54362068  6.29173669     324  -4.461500e+02  
   25600  2.54358541  6.29165230     324  -4.461516e+02  
   25700  2.54359152  6.29154148     324  -4.461536e+02  
   25800  2.54365624  6.29163669     324  -4.461542e+02  
   25900  2.54360519  6.29165138     324  -4.461566e+02  
   26000  2.54352568  6.29170816     324  -4.461582e+02  
   26100  2.54341503  6.29189023     324  -4.461597e+02  
   26200  2.54329782  6.29190074     324  -4.461610e+02  
   26300  2.54315878  6.29212856     324  -4.461625e+02  
   26400  2.54309528  6.29212469     324  -4.461639e+02  
   26500  2.54306403  6.29211844     324  -4.461654e+02  
   26600  2.54308280  6.29221452     324  -4.461662e+02  
   26700  2.54311608  6.29221830     324  -4.461679e+02  
   26800  2.54311578  6.29210143     324  -4.461694e+02  
   26900  2.54301823  6.29206637     324  -4.461708e+02  
   27000  2.54291560  6.29219879     324  -4.461715e+02  
   27100  2.54277408  6.29219977     324  -4.461726e+02  
   27200  2.54261466  6.29236201     324  -4.461739e+02  
   27300  2.54254671  6.29223731     324  -4.461755e+02  
   27400  2.54254952  6.29221899     324  -4.461770e+02  
   27500  2.54258219  6.29235931     324  -4.461781e+02  
   27600  2.54259290  6.29245245     324  -4.461794e+02  
   27700  2.54256375  6.29237947     324  -4.461801e+02  
   27800  2.54249841  6.29217130     324  -4.461814e+02  
   27900  2.54236255  6.29226088     324  -4.461827e+02  
   28000  2.54226176  6.29231603     324  -4.461843e+02  
   28100  2.54227155  6.29239421     324  -4.461851e+02  
   28200  2.54224370  6.29248809     324  -4.461862e+02  
   28300  2.54219342  6.29227300     324  -4.461873e+02  
   28400  2.54214589  6.29229171     324  -4.461887e+02  
   28500  2.54216932  6.29253191     324  -4.461900e+02  
   28600  2.54216000  6.29227440     324  -4.461912e+02  
   28700  2.54212414  6.29224916     324  -4.461927e+02  
   28800  2.54210518  6.29221234     324  -4.461937e+02  
   28900  2.54205912  6.29250867     324  -4.461952e+02  
   29000  2.54205110  6.29250575     324  -4.461965e+02  
   29100  2.54212128  6.29282148     324  -4.461977e+02  
   29200  2.54213840  6.29290031     324  -4.461988e+02  
   29300  2.54202180  6.29275134     324  -4.462007e+02  
   29400  2.54191581  6.29267158     324  -4.462014e+02  
   29500  2.54188446  6.29247580     324  -4.462022e+02  
   29600  2.54188336  6.29243135     324  -4.462028e+02  
   29700  2.54189899  6.29261445     324  -4.462036e+02  
   29800  2.54184013  6.29269231     324  -4.462048e+02  
   29900  2.54173986  6.29277062     324  -4.462054e+02  
   30000  2.54168014  6.29291015     324  -4.462059e+02  
   30100  2.54163253  6.29288994     324  -4.462058e+02  
   30200  2.54158735  6.29285055     324  -4.462064e+02  
   30300  2.54167249  6.29286350     324  -4.462069e+02  
   30400  2.54179879  6.29284488     324  -4.462067e+02  
   30500  2.54178131  6.29287290     324  -4.462072e+02  
   30600  2.54166717  6.29261795     324  -4.462076e+02  
   30700  2.54158811  6.29284822     324  -4.462080e+02  
   30800  2.54158823  6.29288263     324  -4.462081e+02  
   30900  2.54158415  6.29276692     324  -4.462087e+02  
   31000  2.54155560  6.29280296     324  -4.462095e+02  
   31100  2.54155958  6.29307336     324  -4.462091e+02  
   31200  2.54154447  6.29309089     324  -4.462098e+02  
   31300  2.54154376  6.29296468     324  -4.462097e+02  
   31400  2.54159432  6.29288933     324  -4.462102e+02  
   31500  2.54168196  6.29302243     324  -4.462104e+02  
   31600  2.54171159  6.29301559     324  -4.462109e+02  
   31700  2.54169735  6.29295249     324  -4.462108e+02  
   31800  2.54163890  6.29297641     324  -4.462113e+02  
   31900  2.54160455  6.29310151     324  -4.462113e+02  
   32000  2.54156106  6.29320674     324  -4.462119e+02  
   32100  2.54156653  6.29345435     324  -4.462123e+02  
   32200  2.54159989  6.29325105     324  -4.462126e+02  
   32300  2.54160369  6.29329789     324  -4.462127e+02  
   32400  2.54157745  6.29337955     324  -4.462133e+02  
   32500  2.54150787  6.29324227     324  -4.462140e+02  
   32600  2.54151024  6.29335508     324  -4.462152e+02  
   32700  2.54148675  6.29348101     324  -4.462151e+02  
   32800  2.54140087  6.29339837     324  -4.462161e+02  
   32900  2.54139902  6.29337958     324  -4.462168e+02  
   33000  2.54137336  6.29326218     324  -4.462173e+02  
   33100  2.54136593  6.29325562     324  -4.462176e+02  
   33200  2.54134561  6.29318669     324  -4.462180e+02  
   33300  2.54135042  6.29297101     324  -4.462186e+02  
   33400  2.54136420  6.29291104     324  -4.462188e+02  
   33500  2.54140908  6.29295304     324  -4.462192e+02  
   33600  2.54147404  6.29271192     324  -4.462193e+02  
   33700  2.54154993  6.29254434     324  -4.462198e+02  
   33800  2.54163663  6.29246902     324  -4.462201e+02  
   33900  2.54164955  6.29238014     324  -4.462202e+02  
   34000  2.54162896  6.29241635     324  -4.462204e+02  
   34100  2.54153503  6.29238051     324  -4.462203e+02  
   34200  2.54152305  6.29228682     324  -4.462211e+02  
   34300  2.54151558  6.29239984     324  -4.462217e+02  
   34400  2.54153764  6.29239502     324  -4.462217e+02  
   34500  2.54155570  6.29217481     324  -4.462224e+02  
   34600  2.54160215  6.29216971     324  -4.462226e+02  
   34700  2.54165807  6.29234554     324  -4.462230e+02  
   34800  2.54167552  6.29224975     324  -4.462244e+02  
   34900  2.54168065  6.29205984     324  -4.462251e+02  
   35000  2.54159350  6.29188696     324  -4.462263e+02  
   35100  2.54145879  6.29179171     324  -4.462267e+02  
   35200  2.54141777  6.29179062     324  -4.462276e+02  
   35300  2.54146755  6.29188010     324  -4.462280e+02  
   35400  2.54147587  6.29207681     324  -4.462283e+02  
   35500  2.54147380  6.29210554     324  -4.462292e+02  
   35600  2.54146610  6.29222795     324  -4.462292e+02  
   35700  2.54145758  6.29218714     324  -4.462296e+02  
   35800  2.54144058  6.29189513     324  -4.462305e+02  
   35900  2.54139398  6.29165346     324  -4.462307e+02  
   36000  2.54136548  6.29165319     324  -4.462310e+02  
   36100  2.54136131  6.29153086     324  -4.462320e+02  
   36200  2.54139187  6.29139647     324  -4.462322e+02  
   36300  2.54146725  6.29151172     324  -4.462317e+02  
   36400  2.54154806  6.29166997     324  -4.462325e+02  
   36500  2.54153568  6.29159747     324  -4.462328e+02  
   36600  2.54147204  6.29149056     324  -4.462332e+02  
   36700  2.54139482  6.29143746     324  -4.462334e+02  
   36800  2.54143591  6.29128206     324  -4.462335e+02  
   36900  2.54147018  6.29134005     324  -4.462340e+02  
   37000  2.54146016  6.29122247     324  -4.462342e+02  
   37100  2.54145795  6.29112605     324  -4.462343e+02  
   37200  2.54150362  6.29113298     324  -4.462343e+02  
   37300  2.54156583  6.29113485     324  -4.462344e+02  
   37400  2.54160851  6.29096075     324  -4.462345e+02  
   37500  2.54159543  6.29095095     324  -4.462353e+02  
   37600  2.54160485  6.29101696     324  -4.462354e+02  
   37700  2.54161630  6.29104506     324  -4.462351e+02  
   37800  2.54156099  6.29102111     324  -4.462352e+02  
   37900  2.54150939  6.29076747     324  -4.462355e+02  
   38000  2.54147400  6.29062396     324  -4.462357e+02  
   38100  2.54147160  6.29065648     324  -4.462359e+02  
   38200  2.54150395  6.29091167     324  -4.462360e+02  
   38300  2.54150731  6.29059430     324  -4.462362e+02  
   38400  2.54150606  6.29055494     324  -4.462363e+02  
   38500  2.54160972  6.29060911     324  -4.462367e+02  
   38600  2.54170188  6.29054889     324  -4.462366e+02  
   38700  2.54176960  6.29045615     324  -4.462367e+02  
   38800  2.54177700  6.29038324     324  -4.462369e+02  
   38900  2.54166273  6.29054703     324  -4.462363e+02  
   39000  2.54156023  6.29079274     324  -4.462368e+02  
   39100  2.54149303  6.29079535     324  -4.462373e+02  
   39200  2.54145691  6.29091866     324  -4.462374e+02  
   39300  2.54145850  6.29094911     324  -4.462372e+02  
   39400  2.54150530  6.29093669     324  -4.462371e+02  
   39500  2.54155092  6.29081580     324  -4.462375e+02  
   39600  2.54155075  6.29064981     324  -4.462376e+02  
   39700  2.54158061  6.29047258     324  -4.462381e+02  
   39800  2.54158641  6.29047437     324  -4.462380e+02  
   39900  2.54146519  6.29048750     324  -4.462381e+02  
   40000  2.54139020  6.29055568     324  -4.462379e+02  
   40100  2.54138009  6.29069452     324  -4.462377e+02  
   40200  2.54150041  6.29074737     324  -4.462380e+02  
   40300  2.54164678  6.29083129     324  -4.462382e+02  
   40400  2.54168621  6.29092086     324  -4.462384e+02  
   40500  2.54156344  6.29088328     324  -4.462386e+02  
   40600  2.54148164  6.29097970     324  -4.462384e+02  
   40700  2.54150730  6.29083706     324  -4.462386e+02  
   40800  2.54151065  6.29057809     324  -4.462388e+02  
   40900  2.54144293  6.29059244     324  -4.462390e+02  
   41000  2.54139761  6.29062454     324  -4.462387e+02  
   41100  2.54140932  6.29053549     324  -4.462388e+02  
   41200  2.54146504  6.29063006     324  -4.462386e+02  
   41300  2.54151738  6.29076488     324  -4.462387e+02  
   41400  2.54151799  6.29079416     324  -4.462389e+02  
   41500  2.54151042  6.29058001     324  -4.462390e+02  
   41600  2.54163379  6.29026528     324  -4.462383e+02  
   41700  2.54174204  6.29000389     324  -4.462383e+02  
   41800  2.54179274  6.29008810     324  -4.462388e+02  
   41900  2.54183636  6.29047529     324  -4.462390e+02  
   42000  2.54167555  6.29043821     324  -4.462390e+02  
   42100  2.54151449  6.29029272     324  -4.462392e+02  
   42200  2.54140880  6.29039257     324  -4.462388e+02  
   42300  2.54145528  6.29043705     324  -4.462390e+02  
   42400  2.54149463  6.29049633     324  -4.462398e+02  
   42500  2.54157626  6.29067371     324  -4.462390e+02  
   42600  2.54159850  6.29078502     324  -4.462388e+02  
   42700  2.54166607  6.29072646     324  -4.462386e+02  
   42800  2.54171798  6.29047799     324  -4.462384e+02  
   42900  2.54169360  6.29034771     324  -4.462387e+02  
   43000  2.54164121  6.29038153     324  -4.462393e+02  
   43100  2.54156441  6.29047795     324  -4.462393e+02  
   43200  2.54157950  6.29005110     324  -4.462392e+02  
   43300  2.54164022  6.28994672     324  -4.462393e+02  
   43400  2.54163287  6.29021534     324  -4.462387e+02  
   43500  2.54158372  6.29031143     324  -4.462388e+02  
   43600  2.54163950  6.29026661     324  -4.462388e+02  
   43700  2.54162790  6.29008530     324  -4.462392e+02  
   43800  2.54155665  6.29007698     324  -4.462394e+02  
   43900  2.54154141  6.29004344     324  -4.462393e+02  
   44000  2.54152148  6.29030601     324  -4.462389e+02  
   44100  2.54149615  6.29045548     324  -4.462387e+02  
   44200  2.54154890  6.29033822     324  -4.462388e+02  
   44300  2.54169950  6.29018880     324  -4.462388e+02  
   44400  2.54178867  6.29018532     324  -4.462392e+02  
   44500  2.54177733  6.29012631     324  -4.462390e+02  
   44600  2.54168395  6.29015437     324  -4.462392e+02  
   44700  2.54165891  6.29030571     324  -4.462393e+02  
   44800  2.54165466  6.29020670     324  -4.462392e+02  
   44900  2.54166424  6.29002230     324  -4.462388e+02  
   45000  2.54170162  6.29007356     324  -4.462392e+02  
   45100  2.54170089  6.29020014     324  -4.462388e+02  
   45200  2.54161714  6.29002769     324  -4.462390e+02  
   45300  2.54160515  6.29016088     324  -4.462389e+02  
   45400  2.54155940  6.29040593     324  -4.462392e+02  
   45500  2.54148055  6.29026630     324  -4.462392e+02  
   45600  2.54150048  6.29043610     324  -4.462394e+02  
   45700  2.54153125  6.29069946     324  -4.462393e+02  
   45800  2.54162270  6.29079228     324  -4.462393e+02  
   45900  2.54166447  6.29061789     324  -4.462392e+02  
   46000  2.54162995  6.29035378     324  -4.462390e+02  
   46100  2.54156781  6.29034797     324  -4.462392e+02  
   46200  2.54147430  6.29027362     324  -4.462394e+02  
   46300  2.54140916  6.29036838     324  -4.462391e+02  
   46400  2.54149173  6.29050975     324  -4.462387e+02  
   46500  2.54157286  6.29064726     324  -4.462387e+02  
   46600  2.54164829  6.29058132     324  -4.462384e+02  
   46700  2.54171581  6.29031122     324  -4.462389e+02  
   46800  2.54173153  6.29008708     324  -4.462392e+02  
   46900  2.54168512  6.29036981     324  -4.462387e+02  
   47000  2.54159670  6.29038350     324  -4.462391e+02  
   47100  2.54160505  6.29028914     324  -4.462389e+02  
   47200  2.54158242  6.29012240     324  -4.462394e+02  
   47300  2.54156009  6.29020432     324  -4.462398e+02  
   47400  2.54155954  6.29038571     324  -4.462395e+02  
   47500  2.54152013  6.29066165     324  -4.462392e+02  
   47600  2.54149643  6.29072266     324  -4.462391e+02  
   47700  2.54152318  6.29056505     324  -4.462394e+02  
   47800  2.54157107  6.29059855     324  -4.462392e+02  
   47900  2.54161227  6.29057366     324  -4.462386e+02  
   48000  2.54163358  6.29043636     324  -4.462390e+02  
   48100  2.54162418  6.29030021     324  -4.462389e+02  
   48200  2.54165620  6.29027220     324  -4.462392e+02  
   48300  2.54163528  6.29037248     324  -4.462391e+02  
   48400  2.54154430  6.29054561     324  -4.462391e+02  
   48500  2.54143634  6.29037708     324  -4.462391e+02  
   48600  2.54143679  6.29027069     324  -4.462392e+02  
   48700  2.54162244  6.29046200     324  -4.462390e+02  
   48800  2.54176977  6.29043862     324  -4.462390e+02  
   48900  2.54176410  6.29012627     324  -4.462393e+02  
   49000  2.54165931  6.29029483     324  -4.462394e+02  
   49100  2.54158243  6.29053522     324  -4.462390e+02  
   49200  2.54149298  6.29058311     324  -4.462394e+02  
   49300  2.54141877  6.29064645     324  -4.462394e+02  
   49400  2.54135498  6.29067588     324  -4.462392e+02  
   49500  2.54142252  6.29061900     324  -4.462389e+02  
   49600  2.54148210  6.29056615     324  -4.462387e+02  
   49700  2.54150656  6.29063428     324  -4.462394e+02  
   49800  2.54166966  6.29071264     324  -4.462393e+02  
   49900  2.54173037  6.29062915     324  -4.462399e+02  
   50000  2.54167163  6.29072152     324  -4.462392e+02  
   50100  2.54158731  6.29076784     324  -4.462394e+02  
   50200  2.54157048  6.29045997     324  -4.462389e+02  
   50300  2.54162533  6.29030682     324  -4.462390e+02  
   50400  2.54176414  6.29019727     324  -4.462389e+02  
   50500  2.54187712  6.29022983     324  -4.462388e+02  
   50600  2.54185583  6.29008814     324  -4.462388e+02  
   50700  2.54182180  6.29014746     324  -4.462392e+02  
   50800  2.54173149  6.29026018     324  -4.462390e+02  
   50900  2.54161031  6.29021733     324  -4.462392e+02  
   51000  2.54154959  6.29036815     324  -4.462392e+02  
   51100  2.54157793  6.29061173     324  -4.462389e+02  
   51200  2.54172013  6.29062094     324  -4.462387e+02  
   51300  2.54175031  6.29061915     324  -4.462388e+02  
   51400  2.54171506  6.29058680     324  -4.462392e+02  
   51500  2.54169245  6.29044847     324  -4.462390e+02  
   51600  2.54158850  6.29054941     324  -4.462393e+02  
   51700  2.54148654  6.29065508     324  -4.462391e+02  
   51800  2.54147027  6.29059566     324  -4.462392e+02  
   51900  2.54148522  6.29032001     324  -4.462393e+02  
   52000  2.54155482  6.29016738     324  -4.462389e+02  
   52100  2.54161837  6.29013854     324  -4.462391e+02  
   52200  2.54164230  6.29001423     324  -4.462391e+02  
   52300  2.54163638  6.29010976     324  -4.462392e+02  
   52400  2.54163828  6.29015704     324  -4.462393e+02  
   52500  2.54169338  6.29044649     324  -4.462390e+02  
   52600  2.54168455  6.29057987     324  -4.462392e+02  
   52700  2.54163417  6.29039027     324  -4.462390e+02  
   52800  2.54165955  6.29023090     324  -4.462387e+02  
   52900  2.54168539  6.29030403     324  -4.462395e+02  
   53000  2.54171183  6.29014831     324  -4.462388e+02  
   53100  2.54163973  6.29022679     324  -4.462388e+02  
   53200  2.54155944  6.29021645     324  -4.462391e+02  
   53300  2.54157547  6.29040195     324  -4.462386e+02  
   53400  2.54151764  6.29040214     324  -4.462389e+02  
   53500  2.54144234  6.29012459     324  -4.462392e+02  
   53600  2.54143407  6.28999444     324  -4.462393e+02  
   53700  2.54155343  6.29018776     324  -4.462385e+02  
   53800  2.54166195  6.29041057     324  -4.462392e+02  
   53900  2.54169831  6.29041906     324  -4.462389e+02  
   54000  2.54164171  6.29038249     324  -4.462393e+02  
   54100  2.54160561  6.29033846     324  -4.462392e+02  
   54200  2.54169603  6.29049862     324  -4.462391e+02  
   54300  2.54182533  6.29046394     324  -4.462389e+02  
   54400  2.54191314  6.29039095     324  -4.462389e+02  
   54500  2.54185570  6.29017727     324  -4.462392e+02  
   54600  2.54171403  6.29009991     324  -4.462390e+02  
   54700  2.54153872  6.29034202     324  -4.462394e+02  
   54800  2.54146665  6.29048183     324  -4.462394e+02  
   54900  2.54146359  6.29038119     324  -4.462395e+02  
   55000  2.54149100  6.29009276     324  -4.462392e+02  
   55100  2.54154121  6.29014810     324  -4.462387e+02  
   55200  2.54161516  6.29014442     324  -4.462391e+02  
   55300  2.54171640  6.29024107     324  -4.462387e+02  
   55400  2.54174106  6.29034485     324  -4.462386e+02  
   55500  2.54168116  6.29031201     324  -4.462388e+02  
   55600  2.54159268  6.29031725     324  -4.462389e+02  
   55700  2.54162123  6.29035876     324  -4.462389e+02  
   55800  2.54170960  6.29041468     324  -4.462392e+02  
   55900  2.54172247  6.29041000     324  -4.462393e+02  
   56000  2.54168108  6.29042575     324  -4.462393e+02  
   56100  2.54164509  6.29041850     324  -4.462390e+02  
   56200  2.54164891  6.29026631     324  -4.462387e+02  
   56300  2.54167206  6.29039821     324  -4.462390e+02  
   56400  2.54174213  6.29058315     324  -4.462388e+02  
   56500  2.54175952  6.29034743     324  -4.462390e+02  
   56600  2.54171823  6.29007717     324  -4.462390e+02  
   56700  2.54159247  6.28996205     324  -4.462392e+02  
   56800  2.54157816  6.28995101     324  -4.462390e+02  
   56900  2.54159885  6.28996818     324  -4.462388e+02  
   57000  2.54160230  6.29020561     324  -4.462392e+02  
   57100  2.54159641  6.29025249     324  -4.462389e+02  
   57200  2.54161305  6.29021991     324  -4.462389e+02  
   57300  2.54166828  6.29016121     324  -4.462390e+02  
   57400  2.54164117  6.29027337     324  -4.462389e+02  
   57500  2.54154391  6.29018983     324  -4.462389e+02  
   57600  2.54157016  6.29003008     324  -4.462393e+02  
   57700  2.54166116  6.29011114     324  -4.462392e+02  
   57800  2.54166154  6.29005151     324  -4.462393e+02  
   57900  2.54159560  6.29018318     324  -4.462393e+02  
   58000  2.54164208  6.29032474     324  -4.462394e+02  
   58100  2.54168375  6.29040241     324  -4.462392e+02  
   58200  2.54172817  6.29039429     324  -4.462395e+02  
   58300  2.54172091  6.29047010     324  -4.462390e+02  
   58400  2.54159450  6.29032892     324  -4.462384e+02  
   58500  2.54158931  6.29008551     324  -4.462386e+02  
   58600  2.54166672  6.29032748     324  -4.462390e+02  
   58700  2.54169107  6.29059894     324  -4.462388e+02  
   58800  2.54155204  6.29057522     324  -4.462394e+02  
   58900  2.54153401  6.29057171     324  -4.462388e+02  
   59000  2.54166832  6.29078088     324  -4.462384e+02  
   59100  2.54169099  6.29073327     324  -4.462389e+02  
   59200  2.54169006  6.29052885     324  -4.462388e+02  
   59300  2.54168535  6.29042162     324  -4.462392e+02  
   59400  2.54167347  6.29021541     324  -4.462390e+02  
   59500  2.54168480  6.29018435     324  -4.462389e+02  
   59600  2.54173822  6.29014616     324  -4.462386e+02  
   59700  2.54177186  6.29016090     324  -4.462388e+02  
   59800  2.54165900  6.29019867     324  -4.462392e+02  
   59900  2.54151276  6.29023201     324  -4.462388e+02  
   60000  2.54147836  6.29042840     324  -4.462389e+02  
   60100  2.54147657  6.29047570     324  -4.462393e+02  
   60200  2.54155815  6.29041441     324  -4.462390e+02  
   60300  2.54160254  6.29065120     324  -4.462391e+02  
   60400  2.54161999  6.29071553     324  -4.462389e+02  
   60500  2.54161031  6.29097647     324  -4.462388e+02  
   60600  2.54159566  6.29090470     324  -4.462388e+02  
   60700  2.54158069  6.29052527     324  -4.462391e+02  
   60800  2.54161459  6.29022938     324  -4.462385e+02  
   60900  2.54170957  6.28996991     324  -4.462386e+02  
   61000  2.54177539  6.28988865     324  -4.462392e+02  
   61100  2.54181731  6.28973328     324  -4.462392e+02  
   61200  2.54182046  6.28978457     324  -4.462388e+02  
   61300  2.54183092  6.28992066     324  -4.462389e+02  
   61400  2.54176480  6.29011476     324  -4.462385e+02  
   61500  2.54167345  6.29020496     324  -4.462387e+02  
   61600  2.54157142  6.29039381     324  -4.462387e+02  
   61700  2.54145867  6.29033202     324  -4.462394e+02  
   61800  2.54143765  6.29037001     324  -4.462393e+02  
   61900  2.54146373  6.29054547     324  -4.462394e+02  
   62000  2.54151797  6.29056859     324  -4.462394e+02  
   62100  2.54147074  6.29054701     324  -4.462388e+02  
   62200  2.54146522  6.29057440     324  -4.462394e+02  
   62300  2.54148906  6.29094478     324  -4.462395e+02  
   62400  2.54153972  6.29096941     324  -4.462393e+02  
   62500  2.54153345  6.29059222     324  -4.462391e+02  
   62600  2.54152488  6.29028745     324  -4.462391e+02  
   62700  2.54159777  6.29051990     324  -4.462388e+02  
   62800  2.54166642  6.29085429     324  -4.462390e+02  
   62900  2.54170112  6.29086840     324  -4.462385e+02  
   63000  2.54171774  6.29060222     324  -4.462387e+02  
   63100  2.54166060  6.29036517     324  -4.462391e+02  
   63200  2.54158048  6.29017084     324  -4.462388e+02  
   63300  2.54156254  6.29018406     324  -4.462393e+02  
   63400  2.54159946  6.29044482     324  -4.462389e+02  
   63500  2.54160724  6.29054545     324  -4.462389e+02  
   63600  2.54155465  6.29037479     324  -4.462391e+02  
   63700  2.54152600  6.29041371     324  -4.462393e+02  
   63800  2.54152609  6.29031325     324  -4.462393e+02  
   63900  2.54155231  6.29033489     324  -4.462392e+02  
   64000  2.54162413  6.29024645     324  -4.462391e+02  
   64100  2.54157571  6.29021055     324  -4.462391e+02  
   64200  2.54154579  6.29040079     324  -4.462388e+02  
   64300  2.54163959  6.29020868     324  -4.462389e+02  
   64400  2.54176850  6.29018958     324  -4.462390e+02  
   64500  2.54178311  6.29007851     324  -4.462394e+02  
   64600  2.54174012  6.29007122     324  -4.462392e+02  
   64700  2.54172516  6.29037284     324  -4.462392e+02  
   64800  2.54172389  6.29043350     324  -4.462394e+02  
   64900  2.54165853  6.29045450     324  -4.462392e+02  
   65000  2.54153879  6.29042184     324  -4.462390e+02  
   65100  2.54147530  6.29042271     324  -4.462393e+02  
   65200  2.54156399  6.29059994     324  -4.462393e+02  
   65300  2.54162475  6.29060444     324  -4.462394e+02  
   65400  2.54162944  6.29053052     324  -4.462392e+02  
   65500  2.54165797  6.29053379     324  -4.462391e+02  
   65600  2.54174112  6.29048441     324  -4.462386e+02  
   65700  2.54174475  6.29049931     324  -4.462389e+02  
   65800  2.54166107  6.29060987     324  -4.462389e+02  
   65900  2.54159488  6.29065252     324  -4.462389e+02  
   66000  2.54157763  6.29049589     324  -4.462390e+02  
   66100  2.54163231  6.29040975     324  -4.462396e+02  
   66200  2.54172123  6.29024506     324  -4.462392e+02  
   66300  2.54175451  6.29029501     324  -4.462391e+02  
   66400  2.54174126  6.29040227     324  -4.462390e+02  
   66500  2.54172227  6.29053139     324  -4.462391e+02  
   66600  2.54175968  6.29055948     324  -4.462385e+02  
   66700  2.54170127  6.29049698     324  -4.462389e+02  
   66800  2.54162881  6.29043685     324  -4.462385e+02  
   66900  2.54158325  6.29036475     324  -4.462387e+02  
   67000  2.54150129  6.29035457     324  -4.462387e+02  
   67100  2.54147412  6.29026647     324  -4.462393e+02  
   67200  2.54149191  6.29010262     324  -4.462385e+02  
   67300  2.54146290  6.29023864     324  -4.462389e+02  
   67400  2.54142257  6.29040763     324  -4.462395e+02  
   67500  2.54138744  6.29037617     324  -4.462394e+02  
   67600  2.54148731  6.29013161     324  -4.462392e+02  
   67700  2.54169527  6.29021204     324  -4.462391e+02  
   67800  2.54180255  6.29035845     324  -4.462391e+02  
   67900  2.54170652  6.29032298     324  -4.462396e+02  
   68000  2.54161133  6.28998501     324  -4.462389e+02  
   68100  2.54157927  6.29002944     324  -4.462391e+02  
   68200  2.54154338  6.29013558     324  -4.462393e+02  
   68300  2.54159463  6.29017399     324  -4.462388e+02  
   68400  2.54167542  6.29014272     324  -4.462392e+02  
   68500  2.54173447  6.29028071     324  -4.462388e+02  
   68600  2.54164566  6.29031173     324  -4.462393e+02  
   68700  2.54153513  6.29027689     324  -4.462393e+02  
   68800  2.54157791  6.29011716     324  -4.462392e+02  
   68900  2.54161324  6.29033375     324  -4.462385e+02  
   69000  2.54164991  6.29043599     324  -4.462390e+02  
   69100  2.54162218  6.29035203     324  -4.462396e+02  
   69200  2.54163773  6.29013337     324  -4.462394e+02  
   69300  2.54170039  6.29017831     324  -4.462391e+02  
   69400  2.54173667  6.29035335     324  -4.462392e+02  
   69500  2.54173218  6.29046801     324  -4.462395e+02  
   69600  2.54166644  6.29036399     324  -4.462395e+02  
   69700  2.54151276  6.29043438     324  -4.462394e+02  
   69800  2.54150483  6.29039939     324  -4.462395e+02  
   69900  2.54157634  6.29037237     324  -4.462392e+02  
   70000  2.54163116  6.29055966     324  -4.462391e+02  
   70100  2.54160899  6.29052388     324  -4.462388e+02  
   70200  2.54158062  6.29066006     324  -4.462390e+02  
   70300  2.54155123  6.29067461     324  -4.462389e+02  
   70400  2.54154810  6.29069814     324  -4.462385e+02  
   70500  2.54160250  6.29048239     324  -4.462389e+02  
   70600  2.54164463  6.29045823     324  -4.462392e+02  
   70700  2.54161853  6.29043859     324  -4.462391e+02  
   70800  2.54155964  6.29037711     324  -4.462388e+02  
   70900  2.54145414  6.29031857     324  -4.462392e+02  
   71000  2.54140236  6.29051347     324  -4.462389e+02  
   71100  2.54147087  6.29043749     324  -4.462395e+02  
   71200  2.54158104  6.29010442     324  -4.462392e+02  
   71300  2.54166778  6.29017341     324  -4.462390e+02  
   71400  2.54170370  6.29029083     324  -4.462390e+02  
   71500  2.54173622  6.29028062     324  -4.462390e+02  
   71600  2.54175113  6.29019731     324  -4.462396e+02  
   71700  2.54183034  6.29009078     324  -4.462392e+02  
   71800  2.54192606  6.29011823     324  -4.462385e+02  
   71900  2.54185588  6.29038300     324  -4.462387e+02  
   72000  2.54161828  6.29048484     324  -4.462391e+02  
   72100  2.54142646  6.29048144     324  -4.462391e+02  
   72200  2.54138937  6.29039735     324  -4.462393e+02  
   72300  2.54146681  6.29049819     324  -4.462389e+02  
   72400  2.54148833  6.29073250     324  -4.462392e+02  
   72500  2.54148802  6.29086328     324  -4.462391e+02  
   72600  2.54148858  6.29071126     324  -4.462390e+02  
   72700  2.54158292  6.29068287     324  -4.462389e+02  
   72800  2.54166996  6.29053811     324  -4.462384e+02  
   72900  2.54159943  6.29039515     324  -4.462388e+02  
   73000  2.54161388  6.29054878     324  -4.462386e+02  
   73100  2.54172902  6.29045630     324  -4.462387e+02  
   73200  2.54175091  6.29029100     324  -4.462386e+02  
   73300  2.54170041  6.29025267     324  -4.462390e+02  
   73400  2.54171411  6.29012202     324  -4.462393e+02  
   73500  2.54171818  6.29023614     324  -4.462392e+02  
   73600  2.54164109  6.29033175     324  -4.462394e+02  
   73700  2.54159793  6.29014080     324  -4.462391e+02  
   73800  2.54164397  6.29020303     324  -4.462391e+02  
   73900  2.54168989  6.29026244     324  -4.462388e+02  
   74000  2.54157846  6.29024316     324  -4.462397e+02  
   74100  2.54155477  6.29013122     324  -4.462390e+02  
   74200  2.54162196  6.29016971     324  -4.462398e+02  
   74300  2.54175225  6.29030545     324  -4.462389e+02  
   74400  2.54177749  6.29042996     324  -4.462387e+02  
   74500  2.54174810  6.29026931     324  -4.462387e+02  
   74600  2.54174425  6.29037328     324  -4.462385e+02  
   74700  2.54169337  6.29043944     324  -4.462383e+02  
   74800  2.54162718  6.29032524     324  -4.462388e+02  
   74900  2.54156107  6.29030656     324  -4.462389e+02  
   75000  2.54152284  6.29027331     324  -4.462388e+02  
   75100  2.54156198  6.29027475     324  -4.462387e+02  
   75200  2.54160876  6.29035798     324  -4.462391e+02  
   75300  2.54162654  6.29037391     324  -4.462389e+02  
   75400  2.54162758  6.29042159     324  -4.462393e+02  
   75500  2.54171284  6.29028039     324  -4.462387e+02  
   75600  2.54172822  6.29018597     324  -4.462384e+02  
   75700  2.54173431  6.29025087     324  -4.462387e+02  
   75800  2.54170964  6.29033672     324  -4.462387e+02  
   75900  2.54161943  6.29033976     324  -4.462386e+02  
   76000  2.54154426  6.29025481     324  -4.462389e+02  
   76100  2.54154482  6.29004255     324  -4.462389e+02  
   76200  2.54156525  6.28994523     324  -4.462391e+02  
   76300  2.54159008  6.29013913     324  -4.462384e+02  
   76400  2.54159669  6.29007957     324  -4.462387e+02  
   76500  2.54154049  6.28997612     324  -4.462391e+02  
   76600  2.54152279  6.28993813     324  -4.462394e+02  
   76700  2.54156286  6.29010787     324  -4.462393e+02  
   76800  2.54161776  6.29021758     324  -4.462393e+02  
   76900  2.54168031  6.29026509     324  -4.462389e+02  
   77000  2.54164552  6.29018377     324  -4.462389e+02  
   77100  2.54161127  6.29029571     324  -4.462388e+02  
   77200  2.54167301  6.29043913     324  -4.462392e+02  
   77300  2.54178152  6.29031740     324  -4.462384e+02  
   77400  2.54177131  6.29010134     324  -4.462385e+02  
   77500  2.54169248  6.29002082     324  -4.462387e+02  
   77600  2.54157016  6.29016901     324  -4.462393e+02  
   77700  2.54149156  6.29043350     324  -4.462390e+02  
   77800  2.54140127  6.29039302     324  -4.462389e+02  
   77900  2.54141690  6.29025385     324  -4.462391e+02  
   78000  2.54157181  6.29008489     324  -4.462397e+02  
   78100  2.54170677  6.29016054     324  -4.462391e+02  
   78200  2.54168532  6.29011043     324  -4.462390e+02  
   78300  2.54164320  6.29026926     324  -4.462394e+02  
   78400  2.54162883  6.29029772     324  -4.462389e+02  
   78500  2.54164284  6.29021481     324  -4.462391e+02  
   78600  2.54176384  6.29026287     324  -4.462389e+02  
   78700  2.54181839  6.29022319     324  -4.462392e+02  
   78800  2.54180427  6.29002186     324  -4.462391e+02  
   78900  2.54174624  6.29009590     324  -4.462391e+02  
   79000  2.54161262  6.29010989     324  -4.462393e+02  
   79100  2.54154574  6.29005402     324  -4.462390e+02  
   79200  2.54153788  6.29019034     324  -4.462394e+02  
   79300  2.54158182  6.29052468     324  -4.462391e+02  
   79400  2.54168693  6.29066065     324  -4.462389e+02  
   79500  2.54167700  6.29056623     324  -4.462390e+02  
   79600  2.54161647  6.29059984     324  -4.462390e+02  
   79700  2.54155824  6.29053493     324  -4.462388e+02  
   79800  2.54152059  6.29028693     324  -4.462391e+02  
   79900  2.54149546  6.29018305     324  -4.462390e+02  
   80000  2.54149346  6.29033278     324  -4.462397e+02  
   80100  2.54147168  6.29061136     324  -4.462391e+02  
   80200  2.54144411  6.29054743     324  -4.462391e+02  
   80300  2.54147632  6.29042166     324  -4.462392e+02  
   80400  2.54147175  6.29036506     324  -4.462386e+02  
   80500  2.54147989  6.29059818     324  -4.462386e+02  
   80600  2.54153263  6.29091705     324  -4.462390e+02  
   80700  2.54154517  6.29086122     324  -4.462389e+02  
   80800  2.54151251  6.29077972     324  -4.462394e+02  
   80900  2.54159420  6.29049669     324  -4.462389e+02  
   81000  2.54167905  6.29036789     324  -4.462390e+02  
   81100  2.54175564  6.29030443     324  -4.462385e+02  
   81200  2.54172791  6.29024723     324  -4.462388e+02  
   81300  2.54160726  6.29007501     324  -4.462388e+02  
   81400  2.54149987  6.29012591     324  -4.462391e+02  
   81500  2.54138566  6.29032407     324  -4.462394e+02  
   81600  2.54142184  6.29030503     324  -4.462396e+02  
   81700  2.54153990  6.29039778     324  -4.462394e+02  
   81800  2.54158633  6.29062521     324  -4.462388e+02  
   81900  2.54161770  6.29058515     324  -4.462387e+02  
   82000  2.54169362  6.29049244     324  -4.462389e+02  
   82100  2.54172801  6.29044404     324  -4.462391e+02  
   82200  2.54171888  6.29039892     324  -4.462391e+02  
   82300  2.54169877  6.29050834     324  -4.462393e+02  
   82400  2.54167475  6.29045983     324  -4.462392e+02  
   82500  2.54154853  6.29021498     324  -4.462392e+02  
   82600  2.54149916  6.29027222     324  -4.462392e+02  
   82700  2.54152615  6.29040304     324  -4.462390e+02  
   82800  2.54156023  6.29046852     324  -4.462388e+02  
   82900  2.54158136  6.29049638     324  -4.462392e+02  
   83000  2.54159340  6.29049470     324  -4.462391e+02  
   83100  2.54167480  6.29060446     324  -4.462390e+02  
   83200  2.54174549  6.29048310     324  -4.462388e+02  
   83300  2.54176797  6.29038409     324  -4.462389e+02  
   83400  2.54173561  6.29032534     324  -4.462389e+02  
   83500  2.54168162  6.29031265     324  -4.462393e+02  
   83600  2.54169131  6.29036893     324  -4.462391e+02  
   83700  2.54172376  6.29039588     324  -4.462391e+02  
   83800  2.54165357  6.29015207     324  -4.462400e+02  
   83900  2.54162615  6.29004799     324  -4.462394e+02  
   84000  2.54161083  6.29001557     324  -4.462397e+02  
   84100  2.54166228  6.28988282     324  -4.462394e+02  
   84200  2.54172184  6.28988337     324  -4.462392e+02  
   84300  2.54181508  6.29003011     324  -4.462386e+02  
   84400  2.54184020  6.29023173     324  -4.462390e+02  
   84500  2.54180486  6.29018492     324  -4.462387e+02  
   84600  2.54178593  6.29022379     324  -4.462391e+02  
   84700  2.54178844  6.29042893     324  -4.462389e+02  
   84800  2.54173686  6.29048801     324  -4.462387e+02  
   84900  2.54160041  6.29049518     324  -4.462391e+02  
   85000  2.54147052  6.29059587     324  -4.462392e+02  
   85100  2.54127889  6.29044895     324  -4.462394e+02  
   85200  2.54127982  6.29042172     324  -4.462398e+02  
   85300  2.54139420  6.29034999     324  -4.462394e+02  
   85400  2.54155097  6.29026836     324  -4.462397e+02  
   85500  2.54166489  6.29013382     324  -4.462392e+02  
   85600  2.54173147  6.29022848     324  -4.462392e+02  
   85700  2.54179802  6.29029804     324  -4.462385e+02  
   85800  2.54184727  6.29005352     324  -4.462389e+02  
   85900  2.54177935  6.28999602     324  -4.462390e+02  
   86000  2.54161359  6.28997814     324  -4.462392e+02  
   86100  2.54159851  6.29003914     324  -4.462393e+02  
   86200  2.54160443  6.29030448     324  -4.462395e+02  
   86300  2.54159276  6.29052617     324  -4.462397e+02  
   86400  2.54158232  6.29064324     324  -4.462395e+02  
   86500  2.54165194  6.29078320     324  -4.462395e+02  
   86600  2.54170059  6.29047896     324  -4.462391e+02  
   86700  2.54163718  6.29039262     324  -4.462390e+02  
   86800  2.54158577  6.29049889     324  -4.462386e+02  
   86900  2.54154677  6.29054330     324  -4.462385e+02  
   87000  2.54158418  6.29058502     324  -4.462389e+02  
   87100  2.54164472  6.29034401     324  -4.462388e+02  
   87200  2.54172099  6.29033829     324  -4.462390e+02  
   87300  2.54173051  6.29034278     324  -4.462391e+02  
   87400  2.54164916  6.29047071     324  -4.462393e+02  
   87500  2.54157762  6.29021853     324  -4.462389e+02  
   87600  2.54152487  6.28998535     324  -4.462393e+02  
   87700  2.54152731  6.29017605     324  -4.462387e+02  
   87800  2.54157881  6.29033673     324  -4.462389e+02  
   87900  2.54160798  6.29030954     324  -4.462394e+02  
   88000  2.54169790  6.29039142     324  -4.462391e+02  
   88100  2.54176757  6.29031889     324  -4.462388e+02  
   88200  2.54171055  6.29031010     324  -4.462387e+02  
   88300  2.54165005  6.29030722     324  -4.462390e+02  
   88400  2.54162196  6.29018760     324  -4.462391e+02  
   88500  2.54160812  6.29027838     324  -4.462394e+02  
   88600  2.54161900  6.29043375     324  -4.462394e+02  
   88700  2.54169243  6.29047011     324  -4.462386e+02  
   88800  2.54168751  6.29028441     324  -4.462396e+02  
   88900  2.54163980  6.28988238     324  -4.462393e+02  
   89000  2.54162268  6.28974030     324  -4.462389e+02  
   89100  2.54166009  6.29019060     324  -4.462389e+02  
   89200  2.54164536  6.29035863     324  -4.462391e+02  
   89300  2.54160290  6.29041577     324  -4.462391e+02  
   89400  2.54155968  6.29033708     324  -4.462396e+02  
   89500  2.54155238  6.29018031     324  -4.462394e+02  
   89600  2.54150031  6.29037554     324  -4.462388e+02  
   89700  2.54149974  6.29037286     324  -4.462391e+02  
   89800  2.54162530  6.29022896     324  -4.462389e+02  
   89900  2.54172996  6.29009595     324  -4.462389e+02  
   90000  2.54172944  6.29009795     324  -4.462389e+02  
   90100  2.54175668  6.29013994     324  -4.462387e+02  
   90200  2.54174897  6.29004975     324  -4.462388e+02  
   90300  2.54172156  6.28997935     324  -4.462387e+02  
   90400  2.54165138  6.29003852     324  -4.462390e+02  
   90500  2.54153042  6.28981251     324  -4.462393e+02  
   90600  2.54147114  6.28991519     324  -4.462397e+02  
   90700  2.54156083  6.29023952     324  -4.462395e+02  
   90800  2.54167397  6.29025365     324  -4.462389e+02  
   90900  2.54176077  6.29029495     324  -4.462389e+02  
   91000  2.54182560  6.29019056     324  -4.462386e+02  
   91100  2.54176556  6.29013739     324  -4.462393e+02  
   91200  2.54167239  6.29028093     324  -4.462391e+02  
   91300  2.54147131  6.29044023     324  -4.462397e+02  
   91400  2.54136434  6.29049672     324  -4.462390e+02  
   91500  2.54137452  6.29036240     324  -4.462388e+02  
   91600  2.54147568  6.29056747     324  -4.462393e+02  
   91700  2.54163945  6.29070538     324  -4.462388e+02  
   91800  2.54163962  6.29056975     324  -4.462388e+02  
   91900  2.54156864  6.29042317     324  -4.462387e+02  
   92000  2.54152365  6.29052050     324  -4.462387e+02  
   92100  2.54151413  6.29048924     324  -4.462389e+02  
   92200  2.54152526  6.29031761     324  -4.462391e+02  
   92300  2.54154885  6.29036291     324  -4.462387e+02  
   92400  2.54153323  6.29035034     324  -4.462393e+02  
   92500  2.54163586  6.29047903     324  -4.462389e+02  
   92600  2.54166294  6.29061430     324  -4.462391e+02  
   92700  2.54166933  6.29071553     324  -4.462390e+02  
   92800  2.54162613  6.29102643     324  -4.462391e+02  
   92900  2.54162819  6.29099214     324  -4.462391e+02  
   93000  2.54162760  6.29069410     324  -4.462387e+02  
   93100  2.54155140  6.29064719     324  -4.462392e+02  
   93200  2.54152334  6.29066853     324  -4.462389e+02  
   93300  2.54156987  6.29055736     324  -4.462390e+02  
   93400  2.54164629  6.29028225     324  -4.462394e+02  
   93500  2.54167424  6.29021748     324  -4.462394e+02  
   93600  2.54169744  6.29032774     324  -4.462390e+02  
   93700  2.54171026  6.29035019     324  -4.462388e+02  
   93800  2.54176418  6.29012718     324  -4.462385e+02  
   93900  2.54181867  6.29006558     324  -4.462392e+02  
   94000  2.54177770  6.29004074     324  -4.462391e+02  
   94100  2.54162850  6.29029390     324  -4.462391e+02  
   94200  2.54154903  6.29074475     324  -4.462389e+02  
   94300  2.54157486  6.29074414     324  -4.462385e+02  
   94400  2.54160679  6.29073205     324  -4.462386e+02  
   94500  2.54160068  6.29065626     324  -4.462383e+02  
   94600  2.54156496  6.29055648     324  -4.462388e+02  
   94700  2.54156361  6.29067963     324  -4.462389e+02  
   94800  2.54157895  6.29071228     324  -4.462389e+02  
   94900  2.54161696  6.29060866     324  -4.462391e+02  
   95000  2.54166692  6.29031974     324  -4.462394e+02  
   95100  2.54163702  6.29017985     324  -4.462392e+02  
   95200  2.54165582  6.29026053     324  -4.462394e+02  
   95300  2.54166355  6.29021136     324  -4.462394e+02  
   95400  2.54163505  6.28996867     324  -4.462390e+02  
   95500  2.54158571  6.28998071     324  -4.462394e+02  
   95600  2.54159489  6.29015859     324  -4.462392e+02  
   95700  2.54163788  6.29034593     324  -4.462394e+02  
   95800  2.54162366  6.29062127     324  -4.462396e+02  
   95900  2.54156735  6.29060709     324  -4.462398e+02  
   96000  2.54159080  6.29065241     324  -4.462391e+02  
   96100  2.54159311  6.29070494     324  -4.462391e+02  
   96200  2.54157281  6.29050038     324  -4.462386e+02  
   96300  2.54152918  6.29044511     324  -4.462390e+02  
   96400  2.54161082  6.29029680     324  -4.462385e+02  
   96500  2.54157427  6.29020347     324  -4.462390e+02  
   96600  2.54148396  6.29024781     324  -4.462389e+02  
   96700  2.54146635  6.29029710     324  -4.462399e+02  
   96800  2.54159809  6.29025250     324  -4.462394e+02  
   96900  2.54174544  6.29028423     324  -4.462389e+02  
   97000  2.54179074  6.29000870     324  -4.462390e+02  
   97100  2.54173259  6.28979493     324  -4.462392e+02  
   97200  2.54169652  6.29000119     324  -4.462392e+02  
   97300  2.54167042  6.29029107     324  -4.462392e+02  
   97400  2.54156415  6.29054175     324  -4.462391e+02  
   97500  2.54149739  6.29052041     324  -4.462390e+02  
   97600  2.54159250  6.29016783     324  -4.462391e+02  
   97700  2.54178017  6.29006665     324  -4.462388e+02  
   97800  2.54187110  6.29006287     324  -4.462386e+02  
   97900  2.54187101  6.29013710     324  -4.462381e+02  
   98000  2.54184964  6.29008393     324  -4.462390e+02  
   98100  2.54178401  6.28988155     324  -4.462391e+02  
   98200  2.54166397  6.29005581     324  -4.462390e+02  
   98300  2.54151299  6.29020068     324  -4.462388e+02  
   98400  2.54140384  6.29022426     324  -4.462391e+02  
   98500  2.54136576  6.29019205     324  -4.462394e+02  
   98600  2.54136378  6.29011695     324  -4.462390e+02  
   98700  2.54140724  6.29025285     324  -4.462394e+02  
   98800  2.54151514  6.29042183     324  -4.462392e+02  
   98900  2.54157122  6.29066263     324  -4.462390e+02  
   99000  2.54159786  6.29059490     324  -4.462392e+02  
   99100  2.54158193  6.29044034     324  -4.462393e+02  
   99200  2.54157677  6.29049190     324  -4.462391e+02  
   99300  2.54160374  6.29045650     324  -4.462392e+02  
   99400  2.54167847  6.29057320     324  -4.462394e+02  
   99500  2.54178228  6.29043084     324  -4.462390e+02  
   99600  2.54182783  6.29033836     324  -4.462391e+02  
   99700  2.54189342  6.29007816     324  -4.462388e+02  
   99800  2.54185632  6.28998807     324  -4.462389e+02  
   99900  2.54184259  6.29014592     324  -4.462385e+02  
  100000  2.54178506  6.29017953     324  -4.462387e+02  
