# Log file : cell.log
# Generated on : 2022-Apr-25 15:42:31
# (1) step (2) area (3) avg_perim (4) size (5) vp_energy 
       0  2.91762617  6.81956683    1149  -4.268913e+02  
     100  2.88861991  6.69789309    1149  -1.737619e+03  
     200  2.87594726  6.63895265    1149  -1.757870e+03  
     300  2.86564981  6.60454652    1149  -1.765429e+03  
     400  2.85855674  6.58466601    1149  -1.769276e+03  
     500  2.85349214  6.56789672    1149  -1.771969e+03  
     600  2.84933005  6.55585949    1149  -1.773726e+03  
     700  2.84593495  6.54924979    1149  -1.774794e+03  
     800  2.84332454  6.54405682    1149  -1.775672e+03  
     900  2.84103843  6.53990032    1149  -1.776372e+03  
    1000  2.83941701  6.53675587    1149  -1.776926e+03  
    1100  2.83783854  6.53567017    1149  -1.777283e+03  
    1200  2.83644572  6.53354143    1149  -1.777612e+03  
    1300  2.83545024  6.53131170    1149  -1.777823e+03  
    1400  2.83497845  6.52917791    1149  -1.777976e+03  
    1500  2.83466214  6.52620043    1149  -1.778116e+03  
    1600  2.83439035  6.52343150    1149  -1.778258e+03  
    1700  2.83434390  6.52276722    1149  -1.778286e+03  
    1800  2.83407123  6.52256030    1149  -1.778331e+03  
    1900  2.83341299  6.52301388    1149  -1.778446e+03  
    2000  2.83272634  6.52333181    1149  -1.778555e+03  
    2100  2.83240586  6.52316211    1149  -1.778664e+03  
    2200  2.83214503  6.52290841    1149  -1.778732e+03  
    2300  2.83169249  6.52165313    1149  -1.778831e+03  
    2400  2.83105523  6.52008002    1149  -1.778909e+03  
    2500  2.83067800  6.51879783    1149  -1.778959e+03  
    2600  2.83057117  6.51759436    1149  -1.779043e+03  
    2700  2.83096236  6.51647847    1149  -1.779093e+03  
    2800  2.83136218  6.51034694    1149  -1.779409e+03  
    2900  2.83150800  6.50697109    1149  -1.779628e+03  
    3000  2.83144211  6.50548311    1149  -1.779767e+03  
    3100  2.83093568  6.50411117    1149  -1.779894e+03  
    3200  2.82999004  6.50213062    1149  -1.780109e+03  
    3300  2.82902590  6.49971735    1149  -1.780359e+03  
    3400  2.82782414  6.49836140    1149  -1.780520e+03  
    3500  2.82687303  6.49756206    1149  -1.780607e+03  
    3600  2.82653604  6.49736899    1149  -1.780631e+03  
    3700  2.82637416  6.49771090    1149  -1.780618e+03  
    3800  2.82657211  6.49772040    1149  -1.780606e+03  
    3900  2.82721220  6.49713697    1149  -1.780604e+03  
    4000  2.82786115  6.49746223    1149  -1.780569e+03  
    4100  2.82819540  6.49776579    1149  -1.780547e+03  
    4200  2.82835109  6.49807945    1149  -1.780554e+03  
    4300  2.82828545  6.49723864    1149  -1.780622e+03  
    4400  2.82801141  6.49650928    1149  -1.780686e+03  
    4500  2.82746880  6.49628812    1149  -1.780714e+03  
    4600  2.82691272  6.49519778    1149  -1.780783e+03  
    4700  2.82668916  6.49407099    1149  -1.780850e+03  
    4800  2.82690661  6.49290722    1149  -1.780897e+03  
    4900  2.82731748  6.49235816    1149  -1.780894e+03  
    5000  2.82752479  6.49195882    1149  -1.780871e+03  
    5100  2.82781588  6.49139747    1149  -1.780848e+03  
    5200  2.82815003  6.49097230    1149  -1.780835e+03  
    5300  2.82794317  6.49045735    1149  -1.780850e+03  
    5400  2.82768702  6.48965199    1149  -1.780898e+03  
    5500  2.82747313  6.48902814    1149  -1.780984e+03  
    5600  2.82725970  6.48846037    1149  -1.781074e+03  
    5700  2.82716404  6.48750326    1149  -1.781158e+03  
    5800  2.82715242  6.48713712    1149  -1.781234e+03  
    5900  2.82715991  6.48706251    1149  -1.781265e+03  
    6000  2.82724389  6.48632706    1149  -1.781322e+03  
    6100  2.82722790  6.48593688    1149  -1.781322e+03  
    6200  2.82737942  6.48511602    1149  -1.781316e+03  
    6300  2.82760805  6.48372654    1149  -1.781343e+03  
    6400  2.82752659  6.48263064    1149  -1.781364e+03  
    6500  2.82760146  6.48236149    1149  -1.781373e+03  
    6600  2.82771752  6.48268097    1149  -1.781359e+03  
    6700  2.82766917  6.48349472    1149  -1.781343e+03  
    6800  2.82767249  6.48471071    1149  -1.781320e+03  
    6900  2.82755247  6.48573363    1149  -1.781275e+03  
    7000  2.82724267  6.48624698    1149  -1.781231e+03  
    7100  2.82700407  6.48640963    1149  -1.781186e+03  
    7200  2.82681192  6.48546493    1149  -1.781170e+03  
    7300  2.82699956  6.48503284    1149  -1.781125e+03  
    7400  2.82727824  6.48460241    1149  -1.781101e+03  
    7500  2.82734994  6.48439504    1149  -1.781103e+03  
    7600  2.82727697  6.48437643    1149  -1.781142e+03  
    7700  2.82702918  6.48412048    1149  -1.781208e+03  
    7800  2.82659096  6.48319798    1149  -1.781348e+03  
    7900  2.82596274  6.48262177    1149  -1.781449e+03  
    8000  2.82557878  6.48180746    1149  -1.781573e+03  
    8100  2.82535611  6.48123002    1149  -1.781623e+03  
    8200  2.82517349  6.48073894    1149  -1.781630e+03  
    8300  2.82531970  6.47978991    1149  -1.781631e+03  
    8400  2.82555489  6.47883287    1149  -1.781604e+03  
    8500  2.82580201  6.47867404    1149  -1.781579e+03  
    8600  2.82592807  6.47836581    1149  -1.781575e+03  
    8700  2.82598098  6.47817547    1149  -1.781604e+03  
    8800  2.82586400  6.47742906    1149  -1.781666e+03  
    8900  2.82558111  6.47658098    1149  -1.781760e+03  
    9000  2.82520619  6.47627320    1149  -1.781824e+03  
    9100  2.82532396  6.47621302    1149  -1.781863e+03  
    9200  2.82582710  6.47627140    1149  -1.781870e+03  
    9300  2.82637745  6.47644945    1149  -1.781853e+03  
    9400  2.82658784  6.47617460    1149  -1.781856e+03  
    9500  2.82636585  6.47591735    1149  -1.781860e+03  
    9600  2.82601588  6.47614439    1149  -1.781824e+03  
    9700  2.82576368  6.47570969    1149  -1.781823e+03  
    9800  2.82573664  6.47411984    1149  -1.781923e+03  
    9900  2.82620506  6.47303692    1149  -1.781975e+03  
   10000  2.82676707  6.47198834    1149  -1.782036e+03  
   10100  2.82723344  6.47197146    1149  -1.782052e+03  
   10200  2.82745366  6.47207293    1149  -1.782056e+03  
   10300  2.82727159  6.47206203    1149  -1.782081e+03  
   10400  2.82670328  6.47227180    1149  -1.782098e+03  
   10500  2.82609353  6.47212623    1149  -1.782125e+03  
   10600  2.82571760  6.47219851    1149  -1.782146e+03  
   10700  2.82560404  6.47182039    1149  -1.782158e+03  
   10800  2.82591585  6.47202737    1149  -1.782145e+03  
   10900  2.82642620  6.47241467    1149  -1.782125e+03  
   11000  2.82682993  6.47265290    1149  -1.782117e+03  
   11100  2.82711340  6.47194915    1149  -1.782137e+03  
   11200  2.82719729  6.47143321    1149  -1.782153e+03  
   11300  2.82696392  6.47117849    1149  -1.782195e+03  
   11400  2.82663753  6.47108902    1149  -1.782232e+03  
   11500  2.82622836  6.47090276    1149  -1.782245e+03  
   11600  2.82573429  6.47093149    1149  -1.782234e+03  
   11700  2.82536269  6.47086965    1149  -1.782224e+03  
   11800  2.82529958  6.47111393    1149  -1.782197e+03  
   11900  2.82559222  6.47178302    1149  -1.782152e+03  
   12000  2.82625227  6.47229448    1149  -1.782168e+03  
   12100  2.82671425  6.47232611    1149  -1.782183e+03  
   12200  2.82689658  6.47220420    1149  -1.782177e+03  
   12300  2.82682433  6.47149343    1149  -1.782194e+03  
   12400  2.82668787  6.47123188    1149  -1.782191e+03  
   12500  2.82651823  6.47123797    1149  -1.782169e+03  
   12600  2.82615519  6.47143219    1149  -1.782163e+03  
   12700  2.82599429  6.47144501    1149  -1.782151e+03  
   12800  2.82607434  6.47149494    1149  -1.782130e+03  
   12900  2.82620044  6.47204208    1149  -1.782099e+03  
   13000  2.82638118  6.47230148    1149  -1.782100e+03  
   13100  2.82667461  6.47212617    1149  -1.782160e+03  
   13200  2.82670145  6.47212084    1149  -1.782173e+03  
   13300  2.82657735  6.47133397    1149  -1.782220e+03  
   13400  2.82636083  6.47047973    1149  -1.782264e+03  
   13500  2.82599963  6.47058050    1149  -1.782252e+03  
   13600  2.82557076  6.47065237    1149  -1.782226e+03  
   13700  2.82526587  6.47070996    1149  -1.782203e+03  
   13800  2.82507686  6.47057218    1149  -1.782209e+03  
   13900  2.82513950  6.47031667    1149  -1.782227e+03  
   14000  2.82551554  6.46984724    1149  -1.782263e+03  
   14100  2.82596606  6.46966484    1149  -1.782287e+03  
   14200  2.82653055  6.46949202    1149  -1.782292e+03  
   14300  2.82670204  6.46930891    1149  -1.782302e+03  
   14400  2.82654570  6.46976295    1149  -1.782275e+03  
   14500  2.82635507  6.47061881    1149  -1.782244e+03  
   14600  2.82615426  6.47119672    1149  -1.782236e+03  
   14700  2.82606835  6.47160484    1149  -1.782223e+03  
   14800  2.82594583  6.47177374    1149  -1.782219e+03  
   14900  2.82581448  6.47205375    1149  -1.782210e+03  
   15000  2.82589580  6.47145142    1149  -1.782230e+03  
   15100  2.82599167  6.47122026    1149  -1.782229e+03  
   15200  2.82614665  6.47124285    1149  -1.782219e+03  
   15300  2.82619305  6.47111435    1149  -1.782237e+03  
   15400  2.82608696  6.47108433    1149  -1.782243e+03  
   15500  2.82579379  6.47084518    1149  -1.782262e+03  
   15600  2.82529579  6.47038966    1149  -1.782299e+03  
   15700  2.82497467  6.46960941    1149  -1.782333e+03  
   15800  2.82459646  6.46826092    1149  -1.782398e+03  
   15900  2.82446539  6.46765597    1149  -1.782447e+03  
   16000  2.82460398  6.46696985    1149  -1.782490e+03  
   16100  2.82491922  6.46602715    1149  -1.782506e+03  
   16200  2.82520818  6.46563485    1149  -1.782530e+03  
   16300  2.82539854  6.46560495    1149  -1.782555e+03  
   16400  2.82558718  6.46606359    1149  -1.782554e+03  
   16500  2.82579040  6.46615989    1149  -1.782561e+03  
   16600  2.82579442  6.46607385    1149  -1.782599e+03  
   16700  2.82574235  6.46575136    1149  -1.782621e+03  
   16800  2.82560011  6.46531553    1149  -1.782634e+03  
   16900  2.82556121  6.46515492    1149  -1.782613e+03  
   17000  2.82563395  6.46414538    1149  -1.782629e+03  
   17100  2.82568983  6.46400186    1149  -1.782637e+03  
   17200  2.82559484  6.46404987    1149  -1.782646e+03  
   17300  2.82547058  6.46410641    1149  -1.782650e+03  
   17400  2.82551020  6.46464430    1149  -1.782626e+03  
   17500  2.82554995  6.46520600    1149  -1.782591e+03  
   17600  2.82587492  6.46570387    1149  -1.782571e+03  
   17700  2.82616043  6.46591055    1149  -1.782547e+03  
   17800  2.82586285  6.46546355    1149  -1.782540e+03  
   17900  2.82550364  6.46457622    1149  -1.782572e+03  
   18000  2.82548456  6.46404474    1149  -1.782597e+03  
   18100  2.82561664  6.46403504    1149  -1.782610e+03  
   18200  2.82576569  6.46372351    1149  -1.782619e+03  
   18300  2.82591545  6.46382234    1149  -1.782594e+03  
   18400  2.82618151  6.46452715    1149  -1.782559e+03  
   18500  2.82648873  6.46499911    1149  -1.782528e+03  
   18600  2.82671988  6.46498117    1149  -1.782536e+03  
   18700  2.82662818  6.46540971    1149  -1.782533e+03  
   18800  2.82636294  6.46622222    1149  -1.782519e+03  
   18900  2.82596441  6.46736870    1149  -1.782473e+03  
   19000  2.82551069  6.46790118    1149  -1.782450e+03  
   19100  2.82534997  6.46780178    1149  -1.782456e+03  
   19200  2.82539736  6.46775102    1149  -1.782469e+03  
   19300  2.82562703  6.46722016    1149  -1.782489e+03  
   19400  2.82584184  6.46717347    1149  -1.782475e+03  
   19500  2.82546918  6.46702229    1149  -1.782484e+03  
   19600  2.82501054  6.46764439    1149  -1.782455e+03  
   19700  2.82472320  6.46752042    1149  -1.782455e+03  
   19800  2.82451923  6.46667643    1149  -1.782507e+03  
   19900  2.82381102  6.46583663    1149  -1.782603e+03  
   20000  2.82309058  6.46566580    1149  -1.782645e+03  
   20100  2.82266033  6.46619968    1149  -1.782656e+03  
   20200  2.82233468  6.46682860    1149  -1.782662e+03  
   20300  2.82233395  6.46638982    1149  -1.782718e+03  
   20400  2.82258520  6.46629321    1149  -1.782755e+03  
   20500  2.82282128  6.46659614    1149  -1.782772e+03  
   20600  2.82306504  6.46603792    1149  -1.782815e+03  
   20700  2.82367003  6.46577267    1149  -1.782836e+03  
   20800  2.82417216  6.46584567    1149  -1.782827e+03  
   20900  2.82424476  6.46556734    1149  -1.782829e+03  
   21000  2.82398073  6.46477478    1149  -1.782860e+03  
   21100  2.82349826  6.46440200    1149  -1.782884e+03  
   21200  2.82304018  6.46463628    1149  -1.782885e+03  
   21300  2.82270033  6.46485057    1149  -1.782904e+03  
   21400  2.82245858  6.46454761    1149  -1.782942e+03  
   21500  2.82241952  6.46427748    1149  -1.782957e+03  
   21600  2.82263719  6.46390660    1149  -1.782968e+03  
   21700  2.82303435  6.46353696    1149  -1.782975e+03  
   21800  2.82324895  6.46313844    1149  -1.782987e+03  
   21900  2.82358229  6.46281031    1149  -1.782967e+03  
   22000  2.82363260  6.46280330    1149  -1.782940e+03  
   22100  2.82340907  6.46283364    1149  -1.782897e+03  
   22200  2.82321597  6.46256693    1149  -1.782887e+03  
   22300  2.82307640  6.46230200    1149  -1.782886e+03  
   22400  2.82324226  6.46218263    1149  -1.782882e+03  
   22500  2.82358233  6.46228703    1149  -1.782901e+03  
   22600  2.82367807  6.46233358    1149  -1.782916e+03  
   22700  2.82372302  6.46228425    1149  -1.782944e+03  
   22800  2.82356966  6.46226454    1149  -1.782960e+03  
   22900  2.82324630  6.46228672    1149  -1.782982e+03  
   23000  2.82292814  6.46265244    1149  -1.782972e+03  
   23100  2.82324017  6.46292229    1149  -1.782969e+03  
   23200  2.82357258  6.46307382    1149  -1.782968e+03  
   23300  2.82379674  6.46280131    1149  -1.782979e+03  
   23400  2.82392598  6.46300713    1149  -1.782966e+03  
   23500  2.82363860  6.46336216    1149  -1.782931e+03  
   23600  2.82354295  6.46350609    1149  -1.782918e+03  
   23700  2.82352204  6.46341707    1149  -1.782915e+03  
   23800  2.82325107  6.46294358    1149  -1.782930e+03  
   23900  2.82306908  6.46285262    1149  -1.782935e+03  
   24000  2.82313256  6.46276313    1149  -1.782958e+03  
   24100  2.82355794  6.46205543    1149  -1.782993e+03  
   24200  2.82392890  6.46127385    1149  -1.783036e+03  
   24300  2.82393594  6.46106834    1149  -1.783047e+03  
   24400  2.82361240  6.46128207    1149  -1.783029e+03  
   24500  2.82335792  6.46186998    1149  -1.783002e+03  
   24600  2.82331166  6.46242397    1149  -1.782982e+03  
   24700  2.82339848  6.46278322    1149  -1.782966e+03  
   24800  2.82354055  6.46257144    1149  -1.782967e+03  
   24900  2.82367790  6.46232022    1149  -1.782967e+03  
   25000  2.82377650  6.46242036    1149  -1.782955e+03  
   25100  2.82388046  6.46302081    1149  -1.782929e+03  
   25200  2.82372126  6.46394894    1149  -1.782896e+03  
   25300  2.82360219  6.46506795    1149  -1.782861e+03  
   25400  2.82350065  6.46560592    1149  -1.782847e+03  
   25500  2.82350721  6.46555706    1149  -1.782834e+03  
   25600  2.82372430  6.46537261    1149  -1.782825e+03  
   25700  2.82399839  6.46505530    1149  -1.782828e+03  
   25800  2.82411386  6.46443107    1149  -1.782846e+03  
   25900  2.82412471  6.46416759    1149  -1.782842e+03  
   26000  2.82423933  6.46401469    1149  -1.782843e+03  
   26100  2.82443793  6.46384762    1149  -1.782867e+03  
   26200  2.82459619  6.46354477    1149  -1.782895e+03  
   26300  2.82454083  6.46329875    1149  -1.782904e+03  
   26400  2.82423333  6.46304801    1149  -1.782921e+03  
   26500  2.82373696  6.46334151    1149  -1.782908e+03  
   26600  2.82308909  6.46355794    1149  -1.782902e+03  
   26700  2.82263957  6.46402489    1149  -1.782878e+03  
   26800  2.82278058  6.46496003    1149  -1.782826e+03  
   26900  2.82306143  6.46536747    1149  -1.782810e+03  
   27000  2.82339267  6.46552406    1149  -1.782788e+03  
   27100  2.82370199  6.46556881    1149  -1.782799e+03  
   27200  2.82401416  6.46535606    1149  -1.782818e+03  
   27300  2.82421993  6.46533061    1149  -1.782819e+03  
   27400  2.82421532  6.46589883    1149  -1.782790e+03  
   27500  2.82397716  6.46598749    1149  -1.782791e+03  
   27600  2.82390990  6.46575658    1149  -1.782808e+03  
   27700  2.82383844  6.46629557    1149  -1.782796e+03  
   27800  2.82381735  6.46682794    1149  -1.782781e+03  
   27900  2.82375603  6.46777308    1149  -1.782748e+03  
   28000  2.82383714  6.46855142    1149  -1.782719e+03  
   28100  2.82400016  6.46846441    1149  -1.782721e+03  
   28200  2.82406650  6.46789377    1149  -1.782750e+03  
   28300  2.82416736  6.46773353    1149  -1.782772e+03  
   28400  2.82417858  6.46793630    1149  -1.782773e+03  
   28500  2.82399171  6.46804169    1149  -1.782771e+03  
   28600  2.82364056  6.46796697    1149  -1.782785e+03  
   28700  2.82354329  6.46790415    1149  -1.782785e+03  
   28800  2.82364446  6.46754882    1149  -1.782782e+03  
   28900  2.82370974  6.46766824    1149  -1.782758e+03  
   29000  2.82373015  6.46797581    1149  -1.782741e+03  
   29100  2.82365786  6.46810040    1149  -1.782745e+03  
   29200  2.82352632  6.46812192    1149  -1.782749e+03  
   29300  2.82358710  6.46806850    1149  -1.782730e+03  
   29400  2.82380608  6.46786456    1149  -1.782731e+03  
   29500  2.82389555  6.46700928    1149  -1.782780e+03  
   29600  2.82396700  6.46668273    1149  -1.782807e+03  
   29700  2.82387680  6.46680609    1149  -1.782819e+03  
   29800  2.82386148  6.46683207    1149  -1.782829e+03  
   29900  2.82374928  6.46648266    1149  -1.782835e+03  
   30000  2.82378483  6.46602017    1149  -1.782841e+03  
   30100  2.82380450  6.46547604    1149  -1.782841e+03  
   30200  2.82403514  6.46507527    1149  -1.782845e+03  
   30300  2.82411759  6.46449969    1149  -1.782861e+03  
   30400  2.82436500  6.46406502    1149  -1.782871e+03  
   30500  2.82430148  6.46277936    1149  -1.782911e+03  
   30600  2.82421041  6.46180242    1149  -1.782942e+03  
   30700  2.82395311  6.46115590    1149  -1.782966e+03  
   30800  2.82372616  6.46061140    1149  -1.783005e+03  
   30900  2.82337427  6.46042182    1149  -1.783051e+03  
   31000  2.82325345  6.46047886    1149  -1.783069e+03  
   31100  2.82330324  6.46018008    1149  -1.783082e+03  
   31200  2.82339576  6.46024787    1149  -1.783076e+03  
   31300  2.82352491  6.46024345    1149  -1.783059e+03  
   31400  2.82367939  6.46032689    1149  -1.783040e+03  
   31500  2.82371958  6.46061896    1149  -1.783015e+03  
   31600  2.82349681  6.46051823    1149  -1.782988e+03  
   31700  2.82350012  6.46044498    1149  -1.782987e+03  
   31800  2.82355355  6.46046913    1149  -1.783006e+03  
   31900  2.82357133  6.46027995    1149  -1.783002e+03  
   32000  2.82357781  6.46029849    1149  -1.782993e+03  
   32100  2.82382568  6.46001868    1149  -1.782999e+03  
   32200  2.82425206  6.46001086    1149  -1.783005e+03  
   32300  2.82430957  6.46088598    1149  -1.782990e+03  
   32400  2.82411531  6.46205949    1149  -1.782985e+03  
   32500  2.82381502  6.46312731    1149  -1.782972e+03  
   32600  2.82338770  6.46337710    1149  -1.782968e+03  
   32700  2.82318424  6.46209167    1149  -1.783002e+03  
   32800  2.82338437  6.46162445    1149  -1.782996e+03  
   32900  2.82407447  6.46173302    1149  -1.782966e+03  
   33000  2.82469609  6.46186939    1149  -1.782968e+03  
   33100  2.82479886  6.46182704    1149  -1.782986e+03  
   33200  2.82463560  6.46152234    1149  -1.783006e+03  
   33300  2.82417892  6.46147228    1149  -1.782998e+03  
   33400  2.82366404  6.46208950    1149  -1.782968e+03  
   33500  2.82322889  6.46239105    1149  -1.782955e+03  
   33600  2.82296505  6.46279764    1149  -1.782956e+03  
   33700  2.82299686  6.46281281    1149  -1.782990e+03  
   33800  2.82341645  6.46198364    1149  -1.783031e+03  
   33900  2.82393733  6.46062605    1149  -1.783063e+03  
   34000  2.82406716  6.45997762    1149  -1.783072e+03  
   34100  2.82370013  6.46015109    1149  -1.783048e+03  
   34200  2.82344812  6.46066158    1149  -1.783019e+03  
   34300  2.82309297  6.46113524    1149  -1.782996e+03  
   34400  2.82294077  6.46190550    1149  -1.782967e+03  
   34500  2.82319933  6.46194504    1149  -1.782974e+03  
   34600  2.82352817  6.46144919    1149  -1.782971e+03  
   34700  2.82405427  6.46124680    1149  -1.782960e+03  
   34800  2.82461461  6.46109919    1149  -1.782951e+03  
   34900  2.82474508  6.46031828    1149  -1.782976e+03  
   35000  2.82469537  6.45987169    1149  -1.783003e+03  
   35100  2.82452746  6.45938588    1149  -1.783038e+03  
   35200  2.82408466  6.45852884    1149  -1.783096e+03  
   35300  2.82352138  6.45839494    1149  -1.783117e+03  
   35400  2.82300089  6.45854653    1149  -1.783115e+03  
   35500  2.82285010  6.45849240    1149  -1.783133e+03  
   35600  2.82298000  6.45843500    1149  -1.783122e+03  
   35700  2.82321895  6.45814102    1149  -1.783115e+03  
   35800  2.82375334  6.45836447    1149  -1.783109e+03  
   35900  2.82421846  6.45850125    1149  -1.783118e+03  
   36000  2.82418308  6.45822567    1149  -1.783139e+03  
   36100  2.82380553  6.45847427    1149  -1.783133e+03  
   36200  2.82369597  6.45825377    1149  -1.783127e+03  
   36300  2.82364510  6.45815850    1149  -1.783108e+03  
   36400  2.82349813  6.45803865    1149  -1.783107e+03  
   36500  2.82343715  6.45806648    1149  -1.783100e+03  
   36600  2.82357397  6.45790604    1149  -1.783100e+03  
   36700  2.82369850  6.45771128    1149  -1.783107e+03  
   36800  2.82387471  6.45737690    1149  -1.783118e+03  
   36900  2.82425339  6.45799638    1149  -1.783116e+03  
   37000  2.82455978  6.45860020    1149  -1.783105e+03  
   37100  2.82460850  6.45938497    1149  -1.783074e+03  
   37200  2.82454150  6.45961764    1149  -1.783062e+03  
   37300  2.82445380  6.45948668    1149  -1.783070e+03  
   37400  2.82422395  6.45998448    1149  -1.783055e+03  
   37500  2.82392579  6.46031157    1149  -1.783043e+03  
   37600  2.82413040  6.46054870    1149  -1.783023e+03  
   37700  2.82433862  6.46117970    1149  -1.782973e+03  
   37800  2.82462307  6.46201415    1149  -1.782921e+03  
   37900  2.82444384  6.46233403    1149  -1.782862e+03  
   38000  2.82421134  6.46206268    1149  -1.782834e+03  
   38100  2.82411653  6.46233512    1149  -1.782837e+03  
   38200  2.82417387  6.46269310    1149  -1.782854e+03  
   38300  2.82400139  6.46262679    1149  -1.782890e+03  
   38400  2.82380866  6.46264826    1149  -1.782918e+03  
   38500  2.82385326  6.46246825    1149  -1.782936e+03  
   38600  2.82400826  6.46223767    1149  -1.782956e+03  
   38700  2.82405171  6.46218676    1149  -1.782981e+03  
   38800  2.82369910  6.46273420    1149  -1.782986e+03  
   38900  2.82323137  6.46343260    1149  -1.782974e+03  
   39000  2.82261545  6.46361955    1149  -1.782962e+03  
   39100  2.82216787  6.46327423    1149  -1.783012e+03  
   39200  2.82192796  6.46305643    1149  -1.783025e+03  
   39300  2.82214214  6.46258876    1149  -1.783037e+03  
   39400  2.82275044  6.46168027    1149  -1.783073e+03  
   39500  2.82342362  6.46040450    1149  -1.783124e+03  
   39600  2.82410008  6.45911744    1149  -1.783174e+03  
   39700  2.82476271  6.45825257    1149  -1.783208e+03  
   39800  2.82507444  6.45746338    1149  -1.783255e+03  
   39900  2.82471699  6.45639908    1149  -1.783312e+03  
   40000  2.82415011  6.45531046    1149  -1.783359e+03  
   40100  2.82361139  6.45459816    1149  -1.783386e+03  
   40200  2.82308191  6.45395432    1149  -1.783416e+03  
   40300  2.82275700  6.45415163    1149  -1.783419e+03  
   40400  2.82290520  6.45437804    1149  -1.783390e+03  
   40500  2.82313384  6.45452220    1149  -1.783356e+03  
   40600  2.82307791  6.45438154    1149  -1.783339e+03  
   40700  2.82295910  6.45464355    1149  -1.783317e+03  
   40800  2.82286490  6.45518708    1149  -1.783295e+03  
   40900  2.82304192  6.45595256    1149  -1.783281e+03  
   41000  2.82324080  6.45681665    1149  -1.783245e+03  
   41100  2.82321304  6.45756022    1149  -1.783225e+03  
   41200  2.82291874  6.45753109    1149  -1.783208e+03  
   41300  2.82292417  6.45734757    1149  -1.783206e+03  
   41400  2.82324044  6.45727301    1149  -1.783225e+03  
   41500  2.82359433  6.45721548    1149  -1.783237e+03  
   41600  2.82384127  6.45707872    1149  -1.783252e+03  
   41700  2.82389643  6.45675625    1149  -1.783274e+03  
   41800  2.82372016  6.45660785    1149  -1.783279e+03  
   41900  2.82333674  6.45647775    1149  -1.783300e+03  
   42000  2.82283705  6.45663692    1149  -1.783298e+03  
   42100  2.82232413  6.45722000    1149  -1.783270e+03  
   42200  2.82215229  6.45753255    1149  -1.783246e+03  
   42300  2.82224685  6.45764170    1149  -1.783237e+03  
   42400  2.82252580  6.45758082    1149  -1.783229e+03  
   42500  2.82281659  6.45791569    1149  -1.783197e+03  
   42600  2.82297971  6.45848117    1149  -1.783167e+03  
   42700  2.82315989  6.45892274    1149  -1.783139e+03  
   42800  2.82309368  6.45958501    1149  -1.783122e+03  
   42900  2.82260076  6.46014551    1149  -1.783118e+03  
   43000  2.82227566  6.46046850    1149  -1.783125e+03  
   43100  2.82218582  6.46126477    1149  -1.783100e+03  
   43200  2.82219969  6.46189639    1149  -1.783073e+03  
   43300  2.82224538  6.46211361    1149  -1.783043e+03  
   43400  2.82240861  6.46222118    1149  -1.783024e+03  
   43500  2.82273075  6.46181970    1149  -1.783030e+03  
   43600  2.82315405  6.46155141    1149  -1.783064e+03  
   43700  2.82345056  6.46127007    1149  -1.783071e+03  
   43800  2.82342946  6.46148157    1149  -1.783074e+03  
   43900  2.82308387  6.46185510    1149  -1.783083e+03  
   44000  2.82301773  6.46214549    1149  -1.783078e+03  
   44100  2.82330338  6.46170185    1149  -1.783101e+03  
   44200  2.82357084  6.46091728    1149  -1.783125e+03  
   44300  2.82358472  6.46001396    1149  -1.783166e+03  
   44400  2.82350599  6.45984042    1149  -1.783168e+03  
   44500  2.82344029  6.46015209    1149  -1.783145e+03  
   44600  2.82329879  6.46052458    1149  -1.783125e+03  
   44700  2.82302407  6.46036051    1149  -1.783126e+03  
   44800  2.82302799  6.45920928    1149  -1.783167e+03  
   44900  2.82322626  6.45886754    1149  -1.783187e+03  
   45000  2.82341938  6.45878217    1149  -1.783178e+03  
   45100  2.82372069  6.45891132    1149  -1.783151e+03  
   45200  2.82396764  6.45928402    1149  -1.783135e+03  
   45300  2.82414690  6.45897021    1149  -1.783124e+03  
   45400  2.82410013  6.45842014    1149  -1.783120e+03  
   45500  2.82376363  6.45738353    1149  -1.783146e+03  
   45600  2.82346767  6.45648104    1149  -1.783181e+03  
   45700  2.82340504  6.45707647    1149  -1.783186e+03  
   45800  2.82326896  6.45776423    1149  -1.783158e+03  
   45900  2.82299545  6.45801058    1149  -1.783152e+03  
   46000  2.82283584  6.45819069    1149  -1.783146e+03  
   46100  2.82271868  6.45830656    1149  -1.783140e+03  
   46200  2.82254398  6.45862277    1149  -1.783133e+03  
   46300  2.82257748  6.45888433    1149  -1.783151e+03  
   46400  2.82303987  6.45973549    1149  -1.783134e+03  
   46500  2.82356688  6.45987384    1149  -1.783134e+03  
   46600  2.82387489  6.45887178    1149  -1.783175e+03  
   46700  2.82404436  6.45819577    1149  -1.783191e+03  
   46800  2.82425816  6.45752088    1149  -1.783207e+03  
   46900  2.82426749  6.45651151    1149  -1.783241e+03  
   47000  2.82401507  6.45603976    1149  -1.783266e+03  
   47100  2.82394904  6.45565474    1149  -1.783300e+03  
   47200  2.82393508  6.45505519    1149  -1.783333e+03  
   47300  2.82382853  6.45486149    1149  -1.783350e+03  
   47400  2.82359824  6.45447758    1149  -1.783372e+03  
   47500  2.82355193  6.45445929    1149  -1.783419e+03  
   47600  2.82367261  6.45451777    1149  -1.783431e+03  
   47700  2.82369526  6.45472837    1149  -1.783422e+03  
   47800  2.82370644  6.45456828    1149  -1.783400e+03  
   47900  2.82370784  6.45497319    1149  -1.783357e+03  
   48000  2.82371611  6.45584775    1149  -1.783317e+03  
   48100  2.82394549  6.45635279    1149  -1.783296e+03  
   48200  2.82405183  6.45695514    1149  -1.783287e+03  
   48300  2.82399642  6.45761938    1149  -1.783277e+03  
   48400  2.82385005  6.45804559    1149  -1.783274e+03  
   48500  2.82364248  6.45806720    1149  -1.783271e+03  
   48600  2.82365737  6.45793379    1149  -1.783293e+03  
   48700  2.82358444  6.45820240    1149  -1.783286e+03  
   48800  2.82351078  6.45828790    1149  -1.783266e+03  
   48900  2.82335443  6.45835096    1149  -1.783250e+03  
   49000  2.82330564  6.45841645    1149  -1.783240e+03  
   49100  2.82349526  6.45857183    1149  -1.783237e+03  
   49200  2.82374863  6.45875132    1149  -1.783235e+03  
   49300  2.82391952  6.45846724    1149  -1.783249e+03  
   49400  2.82415590  6.45782126    1149  -1.783264e+03  
   49500  2.82390714  6.45790895    1149  -1.783273e+03  
   49600  2.82346389  6.45788704    1149  -1.783269e+03  
   49700  2.82329845  6.45723551    1149  -1.783272e+03  
   49800  2.82325625  6.45707323    1149  -1.783283e+03  
   49900  2.82330194  6.45729780    1149  -1.783295e+03  
   50000  2.82344879  6.45725033    1149  -1.783307e+03  
   50100  2.82354376  6.45708665    1149  -1.783324e+03  
   50200  2.82343969  6.45694806    1149  -1.783327e+03  
   50300  2.82348932  6.45683401    1149  -1.783320e+03  
   50400  2.82342578  6.45687874    1149  -1.783314e+03  
   50500  2.82332342  6.45674673    1149  -1.783313e+03  
   50600  2.82325979  6.45630295    1149  -1.783315e+03  
   50700  2.82316571  6.45565120    1149  -1.783353e+03  
   50800  2.82314850  6.45494366    1149  -1.783415e+03  
   50900  2.82331106  6.45446652    1149  -1.783459e+03  
   51000  2.82347416  6.45435520    1149  -1.783472e+03  
   51100  2.82374390  6.45438059    1149  -1.783455e+03  
   51200  2.82380655  6.45423579    1149  -1.783449e+03  
   51300  2.82370170  6.45406766    1149  -1.783446e+03  
   51400  2.82370302  6.45406953    1149  -1.783438e+03  
   51500  2.82366426  6.45395600    1149  -1.783427e+03  
   51600  2.82346626  6.45390379    1149  -1.783414e+03  
   51700  2.82325132  6.45428514    1149  -1.783370e+03  
   51800  2.82304195  6.45511991    1149  -1.783324e+03  
   51900  2.82327488  6.45569750    1149  -1.783297e+03  
   52000  2.82351526  6.45595151    1149  -1.783299e+03  
   52100  2.82351843  6.45614654    1149  -1.783304e+03  
   52200  2.82325369  6.45663151    1149  -1.783285e+03  
   52300  2.82310138  6.45707510    1149  -1.783273e+03  
   52400  2.82320684  6.45747703    1149  -1.783264e+03  
   52500  2.82329362  6.45791963    1149  -1.783248e+03  
   52600  2.82327801  6.45800573    1149  -1.783241e+03  
   52700  2.82337223  6.45808430    1149  -1.783246e+03  
   52800  2.82337974  6.45844718    1149  -1.783250e+03  
   52900  2.82326528  6.45921266    1149  -1.783216e+03  
   53000  2.82326671  6.45963781    1149  -1.783200e+03  
   53100  2.82307005  6.45986755    1149  -1.783186e+03  
   53200  2.82269207  6.45979524    1149  -1.783180e+03  
   53300  2.82248098  6.45975316    1149  -1.783174e+03  
   53400  2.82260424  6.45993334    1149  -1.783170e+03  
   53500  2.82286528  6.45991737    1149  -1.783172e+03  
   53600  2.82328503  6.45949522    1149  -1.783191e+03  
   53700  2.82375117  6.45957667    1149  -1.783193e+03  
   53800  2.82403577  6.45926349    1149  -1.783219e+03  
   53900  2.82419026  6.45881986    1149  -1.783232e+03  
   54000  2.82406721  6.45807658    1149  -1.783271e+03  
   54100  2.82359589  6.45730831    1149  -1.783307e+03  
   54200  2.82333806  6.45706887    1149  -1.783322e+03  
   54300  2.82334408  6.45701541    1149  -1.783320e+03  
   54400  2.82335168  6.45706900    1149  -1.783311e+03  
   54500  2.82338396  6.45670668    1149  -1.783308e+03  
   54600  2.82339460  6.45647743    1149  -1.783330e+03  
   54700  2.82340264  6.45599314    1149  -1.783353e+03  
   54800  2.82354442  6.45595752    1149  -1.783336e+03  
   54900  2.82375524  6.45647718    1149  -1.783298e+03  
   55000  2.82375283  6.45681640    1149  -1.783263e+03  
   55100  2.82372530  6.45656887    1149  -1.783259e+03  
   55200  2.82376007  6.45673550    1149  -1.783243e+03  
   55300  2.82377741  6.45685994    1149  -1.783247e+03  
   55400  2.82366350  6.45690025    1149  -1.783268e+03  
   55500  2.82358090  6.45677288    1149  -1.783282e+03  
   55600  2.82368377  6.45653405    1149  -1.783289e+03  
   55700  2.82386363  6.45650117    1149  -1.783296e+03  
   55800  2.82403169  6.45665617    1149  -1.783294e+03  
   55900  2.82400470  6.45654579    1149  -1.783293e+03  
   56000  2.82405619  6.45657087    1149  -1.783286e+03  
   56100  2.82413243  6.45597549    1149  -1.783315e+03  
   56200  2.82407337  6.45517352    1149  -1.783353e+03  
   56300  2.82392368  6.45461253    1149  -1.783391e+03  
   56400  2.82369402  6.45399154    1149  -1.783427e+03  
   56500  2.82334505  6.45374051    1149  -1.783458e+03  
   56600  2.82326257  6.45379643    1149  -1.783461e+03  
   56700  2.82334582  6.45395431    1149  -1.783455e+03  
   56800  2.82374643  6.45450706    1149  -1.783425e+03  
   56900  2.82382945  6.45505634    1149  -1.783393e+03  
   57000  2.82371691  6.45498554    1149  -1.783407e+03  
   57100  2.82369496  6.45500849    1149  -1.783416e+03  
   57200  2.82381934  6.45555406    1149  -1.783403e+03  
   57300  2.82379073  6.45577260    1149  -1.783395e+03  
   57400  2.82357948  6.45621679    1149  -1.783369e+03  
   57500  2.82319190  6.45657324    1149  -1.783356e+03  
   57600  2.82305022  6.45695346    1149  -1.783332e+03  
   57700  2.82322387  6.45688591    1149  -1.783303e+03  
   57800  2.82331884  6.45686105    1149  -1.783283e+03  
   57900  2.82345204  6.45686495    1149  -1.783251e+03  
   58000  2.82356035  6.45683830    1149  -1.783232e+03  
   58100  2.82373984  6.45693231    1149  -1.783218e+03  
   58200  2.82378140  6.45690833    1149  -1.783197e+03  
   58300  2.82355575  6.45729547    1149  -1.783165e+03  
   58400  2.82337301  6.45781291    1149  -1.783159e+03  
   58500  2.82324219  6.45842969    1149  -1.783162e+03  
   58600  2.82304301  6.45857504    1149  -1.783180e+03  
   58700  2.82307427  6.45841018    1149  -1.783216e+03  
   58800  2.82337370  6.45796790    1149  -1.783243e+03  
   58900  2.82363877  6.45746406    1149  -1.783275e+03  
   59000  2.82377029  6.45712779    1149  -1.783308e+03  
   59100  2.82363919  6.45650632    1149  -1.783356e+03  
   59200  2.82348043  6.45550456    1149  -1.783388e+03  
   59300  2.82350727  6.45463959    1149  -1.783414e+03  
   59400  2.82369485  6.45427754    1149  -1.783431e+03  
   59500  2.82359014  6.45449739    1149  -1.783431e+03  
   59600  2.82344034  6.45449734    1149  -1.783429e+03  
   59700  2.82339788  6.45428916    1149  -1.783427e+03  
   59800  2.82339804  6.45442940    1149  -1.783414e+03  
   59900  2.82326860  6.45497966    1149  -1.783401e+03  
   60000  2.82305164  6.45569121    1149  -1.783380e+03  
   60100  2.82295690  6.45610498    1149  -1.783358e+03  
   60200  2.82308355  6.45656607    1149  -1.783340e+03  
   60300  2.82333947  6.45686553    1149  -1.783330e+03  
   60400  2.82350668  6.45671100    1149  -1.783328e+03  
   60500  2.82352999  6.45636955    1149  -1.783337e+03  
   60600  2.82354753  6.45651187    1149  -1.783328e+03  
   60700  2.82356237  6.45692378    1149  -1.783307e+03  
   60800  2.82341727  6.45714350    1149  -1.783300e+03  
   60900  2.82299018  6.45666895    1149  -1.783329e+03  
   61000  2.82266701  6.45618822    1149  -1.783350e+03  
   61100  2.82273684  6.45588897    1149  -1.783367e+03  
   61200  2.82292394  6.45545199    1149  -1.783374e+03  
   61300  2.82304790  6.45526001    1149  -1.783405e+03  
   61400  2.82318147  6.45526018    1149  -1.783418e+03  
   61500  2.82328755  6.45527005    1149  -1.783413e+03  
   61600  2.82344846  6.45510917    1149  -1.783397e+03  
   61700  2.82355654  6.45523512    1149  -1.783369e+03  
   61800  2.82357904  6.45532929    1149  -1.783350e+03  
   61900  2.82373495  6.45559618    1149  -1.783330e+03  
   62000  2.82393528  6.45572811    1149  -1.783329e+03  
   62100  2.82383547  6.45622566    1149  -1.783335e+03  
   62200  2.82374905  6.45632553    1149  -1.783337e+03  
   62300  2.82384882  6.45636196    1149  -1.783349e+03  
   62400  2.82387565  6.45630292    1149  -1.783364e+03  
   62500  2.82391831  6.45645296    1149  -1.783345e+03  
   62600  2.82398220  6.45643381    1149  -1.783347e+03  
   62700  2.82386523  6.45675093    1149  -1.783337e+03  
   62800  2.82367429  6.45702567    1149  -1.783320e+03  
   62900  2.82351422  6.45703357    1149  -1.783320e+03  
   63000  2.82342544  6.45625839    1149  -1.783344e+03  
   63100  2.82339031  6.45581307    1149  -1.783361e+03  
   63200  2.82331354  6.45532617    1149  -1.783390e+03  
   63300  2.82351752  6.45496341    1149  -1.783407e+03  
   63400  2.82358232  6.45445168    1149  -1.783405e+03  
   63500  2.82344858  6.45413516    1149  -1.783393e+03  
   63600  2.82331036  6.45379832    1149  -1.783400e+03  
   63700  2.82347816  6.45391953    1149  -1.783390e+03  
   63800  2.82373623  6.45431191    1149  -1.783363e+03  
   63900  2.82382326  6.45482222    1149  -1.783335e+03  
   64000  2.82377494  6.45522930    1149  -1.783307e+03  
   64100  2.82376649  6.45571388    1149  -1.783267e+03  
   64200  2.82399341  6.45619654    1149  -1.783239e+03  
   64300  2.82398466  6.45706299    1149  -1.783221e+03  
   64400  2.82371866  6.45746334    1149  -1.783204e+03  
   64500  2.82352091  6.45724975    1149  -1.783197e+03  
   64600  2.82329050  6.45748458    1149  -1.783189e+03  
   64700  2.82327720  6.45773868    1149  -1.783190e+03  
   64800  2.82355664  6.45731833    1149  -1.783225e+03  
   64900  2.82390768  6.45686568    1149  -1.783242e+03  
   65000  2.82399841  6.45631830    1149  -1.783265e+03  
   65100  2.82405307  6.45611365    1149  -1.783264e+03  
   65200  2.82387341  6.45612371    1149  -1.783270e+03  
   65300  2.82380985  6.45555373    1149  -1.783311e+03  
   65400  2.82386147  6.45501020    1149  -1.783343e+03  
   65500  2.82399611  6.45502870    1149  -1.783346e+03  
   65600  2.82390705  6.45533345    1149  -1.783344e+03  
   65700  2.82374232  6.45498767    1149  -1.783366e+03  
   65800  2.82381150  6.45468500    1149  -1.783396e+03  
   65900  2.82386016  6.45468043    1149  -1.783407e+03  
   66000  2.82380694  6.45474059    1149  -1.783410e+03  
   66100  2.82366210  6.45503626    1149  -1.783420e+03  
   66200  2.82332400  6.45558308    1149  -1.783425e+03  
   66300  2.82298561  6.45565323    1149  -1.783431e+03  
   66400  2.82279843  6.45611771    1149  -1.783426e+03  
   66500  2.82259451  6.45686510    1149  -1.783409e+03  
   66600  2.82243406  6.45763920    1149  -1.783372e+03  
   66700  2.82247097  6.45825548    1149  -1.783310e+03  
   66800  2.82279520  6.45880593    1149  -1.783243e+03  
   66900  2.82334781  6.45945323    1149  -1.783189e+03  
   67000  2.82385883  6.45962333    1149  -1.783164e+03  
   67100  2.82402139  6.45952177    1149  -1.783153e+03  
   67200  2.82405889  6.45963446    1149  -1.783145e+03  
   67300  2.82365024  6.46005769    1149  -1.783120e+03  
   67400  2.82359435  6.46044447    1149  -1.783106e+03  
   67500  2.82397666  6.46051087    1149  -1.783118e+03  
   67600  2.82418149  6.46027445    1149  -1.783125e+03  
   67700  2.82403227  6.46021489    1149  -1.783138e+03  
   67800  2.82365989  6.46000416    1149  -1.783147e+03  
   67900  2.82360400  6.45937566    1149  -1.783172e+03  
   68000  2.82363063  6.45874547    1149  -1.783211e+03  
   68100  2.82340239  6.45819671    1149  -1.783247e+03  
   68200  2.82320317  6.45726728    1149  -1.783304e+03  
   68300  2.82317438  6.45685921    1149  -1.783347e+03  
   68400  2.82314099  6.45662677    1149  -1.783349e+03  
   68500  2.82324730  6.45611546    1149  -1.783348e+03  
   68600  2.82340525  6.45583991    1149  -1.783345e+03  
   68700  2.82307377  6.45592807    1149  -1.783345e+03  
   68800  2.82285988  6.45598740    1149  -1.783342e+03  
   68900  2.82292660  6.45583254    1149  -1.783339e+03  
   69000  2.82318453  6.45572565    1149  -1.783346e+03  
   69100  2.82323533  6.45513223    1149  -1.783355e+03  
   69200  2.82329087  6.45492357    1149  -1.783349e+03  
   69300  2.82345422  6.45431806    1149  -1.783355e+03  
   69400  2.82357070  6.45367083    1149  -1.783393e+03  
   69500  2.82362082  6.45306816    1149  -1.783433e+03  
   69600  2.82367171  6.45311544    1149  -1.783429e+03  
   69700  2.82387468  6.45292588    1149  -1.783433e+03  
   69800  2.82406136  6.45300998    1149  -1.783427e+03  
   69900  2.82399746  6.45408655    1149  -1.783380e+03  
   70000  2.82381133  6.45516646    1149  -1.783317e+03  
   70100  2.82355723  6.45581239    1149  -1.783286e+03  
   70200  2.82349036  6.45604602    1149  -1.783259e+03  
   70300  2.82380715  6.45597679    1149  -1.783254e+03  
   70400  2.82406292  6.45614648    1149  -1.783268e+03  
   70500  2.82390582  6.45602305    1149  -1.783304e+03  
   70600  2.82395497  6.45521941    1149  -1.783337e+03  
   70700  2.82418661  6.45473370    1149  -1.783350e+03  
   70800  2.82426646  6.45534608    1149  -1.783350e+03  
   70900  2.82416646  6.45569030    1149  -1.783359e+03  
   71000  2.82391731  6.45549689    1149  -1.783373e+03  
   71100  2.82385469  6.45489042    1149  -1.783392e+03  
   71200  2.82397905  6.45414900    1149  -1.783433e+03  
   71300  2.82417795  6.45427565    1149  -1.783453e+03  
   71400  2.82420184  6.45464378    1149  -1.783451e+03  
   71500  2.82382268  6.45481175    1149  -1.783444e+03  
   71600  2.82359825  6.45499928    1149  -1.783427e+03  
   71700  2.82336005  6.45498236    1149  -1.783408e+03  
   71800  2.82316030  6.45506065    1149  -1.783372e+03  
   71900  2.82325499  6.45493440    1149  -1.783352e+03  
   72000  2.82349985  6.45470135    1149  -1.783358e+03  
   72100  2.82387328  6.45492269    1149  -1.783361e+03  
   72200  2.82426185  6.45535506    1149  -1.783347e+03  
   72300  2.82437407  6.45578280    1149  -1.783345e+03  
   72400  2.82427047  6.45598487    1149  -1.783351e+03  
   72500  2.82398393  6.45596003    1149  -1.783331e+03  
   72600  2.82386372  6.45556950    1149  -1.783318e+03  
   72700  2.82387710  6.45546755    1149  -1.783293e+03  
   72800  2.82385980  6.45584619    1149  -1.783286e+03  
   72900  2.82362135  6.45646445    1149  -1.783269e+03  
   73000  2.82335680  6.45663673    1149  -1.783268e+03  
   73100  2.82330687  6.45696603    1149  -1.783245e+03  
   73200  2.82333931  6.45715381    1149  -1.783220e+03  
   73300  2.82323227  6.45765278    1149  -1.783191e+03  
   73400  2.82308427  6.45824819    1149  -1.783174e+03  
   73500  2.82286812  6.45859944    1149  -1.783173e+03  
   73600  2.82279834  6.45853921    1149  -1.783171e+03  
   73700  2.82290287  6.45860320    1149  -1.783184e+03  
   73800  2.82319205  6.45872120    1149  -1.783197e+03  
   73900  2.82371245  6.45804111    1149  -1.783222e+03  
   74000  2.82382280  6.45741994    1149  -1.783249e+03  
   74100  2.82374265  6.45637646    1149  -1.783313e+03  
   74200  2.82389407  6.45501993    1149  -1.783378e+03  
   74300  2.82411908  6.45432687    1149  -1.783406e+03  
   74400  2.82412224  6.45407814    1149  -1.783419e+03  
   74500  2.82404555  6.45392119    1149  -1.783443e+03  
   74600  2.82400560  6.45353072    1149  -1.783476e+03  
   74700  2.82385522  6.45328809    1149  -1.783500e+03  
   74800  2.82384474  6.45354927    1149  -1.783527e+03  
   74900  2.82386097  6.45391399    1149  -1.783527e+03  
   75000  2.82391846  6.45370581    1149  -1.783537e+03  
   75100  2.82389099  6.45378289    1149  -1.783522e+03  
   75200  2.82370732  6.45336723    1149  -1.783538e+03  
   75300  2.82358661  6.45264052    1149  -1.783561e+03  
   75400  2.82359233  6.45239507    1149  -1.783570e+03  
   75500  2.82371088  6.45258424    1149  -1.783545e+03  
   75600  2.82375430  6.45271559    1149  -1.783529e+03  
   75700  2.82384910  6.45263850    1149  -1.783514e+03  
   75800  2.82388276  6.45295421    1149  -1.783498e+03  
   75900  2.82390642  6.45300736    1149  -1.783486e+03  
   76000  2.82402674  6.45276114    1149  -1.783487e+03  
   76100  2.82372546  6.45251416    1149  -1.783489e+03  
   76200  2.82338143  6.45273109    1149  -1.783467e+03  
   76300  2.82318074  6.45369336    1149  -1.783420e+03  
   76400  2.82328558  6.45495268    1149  -1.783349e+03  
   76500  2.82330586  6.45598644    1149  -1.783305e+03  
   76600  2.82323749  6.45659509    1149  -1.783284e+03  
   76700  2.82315589  6.45676087    1149  -1.783288e+03  
   76800  2.82330832  6.45673945    1149  -1.783289e+03  
   76900  2.82364830  6.45672496    1149  -1.783274e+03  
   77000  2.82363708  6.45702508    1149  -1.783246e+03  
   77100  2.82334958  6.45719274    1149  -1.783233e+03  
   77200  2.82311999  6.45729995    1149  -1.783219e+03  
   77300  2.82295895  6.45735726    1149  -1.783208e+03  
   77400  2.82298714  6.45784234    1149  -1.783209e+03  
   77500  2.82300854  6.45796651    1149  -1.783219e+03  
   77600  2.82317031  6.45800565    1149  -1.783238e+03  
   77700  2.82362985  6.45778262    1149  -1.783260e+03  
   77800  2.82398989  6.45719357    1149  -1.783282e+03  
   77900  2.82385625  6.45655722    1149  -1.783299e+03  
   78000  2.82365811  6.45587601    1149  -1.783331e+03  
   78100  2.82374468  6.45471225    1149  -1.783371e+03  
   78200  2.82402950  6.45423369    1149  -1.783384e+03  
   78300  2.82441248  6.45418121    1149  -1.783386e+03  
   78400  2.82423485  6.45421403    1149  -1.783383e+03  
   78500  2.82370097  6.45420535    1149  -1.783368e+03  
   78600  2.82347818  6.45438101    1149  -1.783347e+03  
   78700  2.82341102  6.45402314    1149  -1.783363e+03  
   78800  2.82323706  6.45364635    1149  -1.783384e+03  
   78900  2.82339537  6.45364454    1149  -1.783405e+03  
   79000  2.82357288  6.45357575    1149  -1.783419e+03  
   79100  2.82375843  6.45342678    1149  -1.783432e+03  
   79200  2.82382274  6.45388187    1149  -1.783423e+03  
   79300  2.82383141  6.45430141    1149  -1.783422e+03  
   79400  2.82385620  6.45456468    1149  -1.783427e+03  
   79500  2.82380981  6.45452361    1149  -1.783429e+03  
   79600  2.82373354  6.45430877    1149  -1.783423e+03  
   79700  2.82369566  6.45414558    1149  -1.783425e+03  
   79800  2.82379613  6.45425450    1149  -1.783414e+03  
   79900  2.82380483  6.45452415    1149  -1.783405e+03  
   80000  2.82379996  6.45470968    1149  -1.783389e+03  
   80100  2.82361654  6.45499041    1149  -1.783374e+03  
   80200  2.82361457  6.45497919    1149  -1.783367e+03  
   80300  2.82357134  6.45455959    1149  -1.783381e+03  
   80400  2.82380572  6.45435571    1149  -1.783387e+03  
   80500  2.82410127  6.45386464    1149  -1.783416e+03  
   80600  2.82424325  6.45367609    1149  -1.783448e+03  
   80700  2.82408611  6.45372891    1149  -1.783462e+03  
   80800  2.82364357  6.45356633    1149  -1.783493e+03  
   80900  2.82334686  6.45347693    1149  -1.783516e+03  
   81000  2.82316031  6.45329607    1149  -1.783548e+03  
   81100  2.82323922  6.45322877    1149  -1.783564e+03  
   81200  2.82359964  6.45320870    1149  -1.783558e+03  
   81300  2.82395060  6.45329969    1149  -1.783530e+03  
   81400  2.82416137  6.45364110    1149  -1.783499e+03  
   81500  2.82430775  6.45408754    1149  -1.783454e+03  
   81600  2.82424995  6.45468744    1149  -1.783423e+03  
   81700  2.82407657  6.45490780    1149  -1.783416e+03  
   81800  2.82410515  6.45481284    1149  -1.783410e+03  
   81900  2.82423202  6.45509583    1149  -1.783412e+03  
   82000  2.82397622  6.45553221    1149  -1.783417e+03  
   82100  2.82346190  6.45647742    1149  -1.783384e+03  
   82200  2.82300264  6.45726118    1149  -1.783344e+03  
   82300  2.82273253  6.45768788    1149  -1.783295e+03  
   82400  2.82281036  6.45766579    1149  -1.783276e+03  
   82500  2.82306623  6.45738045    1149  -1.783268e+03  
   82600  2.82329167  6.45699135    1149  -1.783285e+03  
   82700  2.82345566  6.45618852    1149  -1.783331e+03  
   82800  2.82341174  6.45536548    1149  -1.783367e+03  
   82900  2.82338486  6.45498007    1149  -1.783397e+03  
   83000  2.82321201  6.45460616    1149  -1.783404e+03  
   83100  2.82315907  6.45476489    1149  -1.783396e+03  
   83200  2.82335433  6.45438837    1149  -1.783398e+03  
   83300  2.82371303  6.45335812    1149  -1.783437e+03  
   83400  2.82401204  6.45277708    1149  -1.783463e+03  
   83500  2.82415949  6.45251079    1149  -1.783482e+03  
   83600  2.82427362  6.45225065    1149  -1.783497e+03  
   83700  2.82431752  6.45150341    1149  -1.783546e+03  
   83800  2.82432428  6.45114514    1149  -1.783572e+03  
   83900  2.82399741  6.45072689    1149  -1.783606e+03  
   84000  2.82354181  6.45026611    1149  -1.783640e+03  
   84100  2.82314487  6.45041770    1149  -1.783641e+03  
   84200  2.82283736  6.45070964    1149  -1.783635e+03  
   84300  2.82262872  6.45122722    1149  -1.783618e+03  
   84400  2.82270367  6.45181454    1149  -1.783599e+03  
   84500  2.82295016  6.45228381    1149  -1.783562e+03  
   84600  2.82333070  6.45310421    1149  -1.783499e+03  
   84700  2.82370502  6.45417200    1149  -1.783435e+03  
   84800  2.82406721  6.45490483    1149  -1.783411e+03  
   84900  2.82441522  6.45532796    1149  -1.783395e+03  
   85000  2.82445989  6.45641982    1149  -1.783369e+03  
   85100  2.82433498  6.45760633    1149  -1.783330e+03  
   85200  2.82427612  6.45826045    1149  -1.783299e+03  
   85300  2.82398939  6.45882207    1149  -1.783266e+03  
   85400  2.82337283  6.45854271    1149  -1.783285e+03  
   85500  2.82292546  6.45774790    1149  -1.783314e+03  
   85600  2.82285056  6.45703193    1149  -1.783350e+03  
   85700  2.82290390  6.45657406    1149  -1.783392e+03  
   85800  2.82315979  6.45658109    1149  -1.783428e+03  
   85900  2.82349452  6.45640496    1149  -1.783451e+03  
   86000  2.82354113  6.45605848    1149  -1.783460e+03  
   86100  2.82349702  6.45540450    1149  -1.783483e+03  
   86200  2.82330335  6.45455629    1149  -1.783498e+03  
   86300  2.82320094  6.45364933    1149  -1.783516e+03  
   86400  2.82303862  6.45284828    1149  -1.783559e+03  
   86500  2.82313144  6.45233958    1149  -1.783579e+03  
   86600  2.82329052  6.45239297    1149  -1.783566e+03  
   86700  2.82353321  6.45250828    1149  -1.783543e+03  
   86800  2.82385735  6.45199586    1149  -1.783548e+03  
   86900  2.82405068  6.45147395    1149  -1.783566e+03  
   87000  2.82404303  6.45111526    1149  -1.783567e+03  
   87100  2.82393606  6.45124389    1149  -1.783549e+03  
   87200  2.82365521  6.45157355    1149  -1.783535e+03  
   87300  2.82329495  6.45234305    1149  -1.783510e+03  
   87400  2.82316220  6.45284092    1149  -1.783503e+03  
   87500  2.82350928  6.45302152    1149  -1.783496e+03  
   87600  2.82392643  6.45311133    1149  -1.783502e+03  
   87700  2.82424207  6.45332036    1149  -1.783506e+03  
   87800  2.82432227  6.45403822    1149  -1.783476e+03  
   87900  2.82396588  6.45492305    1149  -1.783433e+03  
   88000  2.82349065  6.45561443    1149  -1.783383e+03  
   88100  2.82313627  6.45657828    1149  -1.783335e+03  
   88200  2.82315325  6.45731168    1149  -1.783298e+03  
   88300  2.82324860  6.45781761    1149  -1.783282e+03  
   88400  2.82326698  6.45760677    1149  -1.783315e+03  
   88500  2.82364688  6.45670886    1149  -1.783385e+03  
   88600  2.82369012  6.45491637    1149  -1.783460e+03  
   88700  2.82363131  6.45313090    1149  -1.783534e+03  
   88800  2.82367865  6.45201884    1149  -1.783590e+03  
   88900  2.82363345  6.45101910    1149  -1.783651e+03  
   89000  2.82363523  6.44959964    1149  -1.783718e+03  
   89100  2.82347734  6.44847593    1149  -1.783752e+03  
   89200  2.82328687  6.44822911    1149  -1.783747e+03  
   89300  2.82317250  6.44866545    1149  -1.783714e+03  
   89400  2.82322614  6.44965964    1149  -1.783676e+03  
   89500  2.82310200  6.45065247    1149  -1.783650e+03  
   89600  2.82309794  6.45094875    1149  -1.783639e+03  
   89700  2.82338087  6.45166694    1149  -1.783607e+03  
   89800  2.82366077  6.45260366    1149  -1.783578e+03  
   89900  2.82390708  6.45354471    1149  -1.783536e+03  
   90000  2.82416070  6.45393819    1149  -1.783500e+03  
   90100  2.82428055  6.45418045    1149  -1.783473e+03  
   90200  2.82435723  6.45448366    1149  -1.783431e+03  
   90300  2.82442273  6.45488201    1149  -1.783413e+03  
   90400  2.82438786  6.45491369    1149  -1.783417e+03  
   90500  2.82415774  6.45467374    1149  -1.783436e+03  
   90600  2.82391225  6.45413357    1149  -1.783458e+03  
   90700  2.82367291  6.45372552    1149  -1.783478e+03  
   90800  2.82346786  6.45380994    1149  -1.783460e+03  
   90900  2.82325863  6.45424347    1149  -1.783426e+03  
   91000  2.82299936  6.45445177    1149  -1.783416e+03  
   91100  2.82316935  6.45372003    1149  -1.783456e+03  
   91200  2.82365837  6.45232378    1149  -1.783535e+03  
   91300  2.82406137  6.45191495    1149  -1.783551e+03  
   91400  2.82443556  6.45190864    1149  -1.783563e+03  
   91500  2.82450891  6.45236337    1149  -1.783538e+03  
   91600  2.82425566  6.45233355    1149  -1.783527e+03  
   91700  2.82379029  6.45191869    1149  -1.783522e+03  
   91800  2.82354683  6.45118012    1149  -1.783548e+03  
   91900  2.82361630  6.45084332    1149  -1.783567e+03  
   92000  2.82361831  6.45111439    1149  -1.783559e+03  
   92100  2.82371238  6.45147803    1149  -1.783541e+03  
   92200  2.82388133  6.45192018    1149  -1.783506e+03  
   92300  2.82388981  6.45220545    1149  -1.783498e+03  
   92400  2.82412755  6.45225002    1149  -1.783506e+03  
   92500  2.82433140  6.45262835    1149  -1.783500e+03  
   92600  2.82432722  6.45275336    1149  -1.783496e+03  
   92700  2.82427449  6.45308676    1149  -1.783469e+03  
   92800  2.82399924  6.45317874    1149  -1.783446e+03  
   92900  2.82380925  6.45329810    1149  -1.783440e+03  
   93000  2.82361287  6.45385610    1149  -1.783430e+03  
   93100  2.82337415  6.45452400    1149  -1.783402e+03  
   93200  2.82321056  6.45518747    1149  -1.783392e+03  
   93300  2.82307767  6.45567303    1149  -1.783396e+03  
   93400  2.82292634  6.45565020    1149  -1.783398e+03  
   93500  2.82301209  6.45603062    1149  -1.783374e+03  
   93600  2.82337491  6.45625035    1149  -1.783363e+03  
   93700  2.82374669  6.45605410    1149  -1.783360e+03  
   93800  2.82394581  6.45586276    1149  -1.783364e+03  
   93900  2.82404030  6.45581548    1149  -1.783372e+03  
   94000  2.82393335  6.45601338    1149  -1.783373e+03  
   94100  2.82368624  6.45542404    1149  -1.783416e+03  
   94200  2.82360642  6.45496625    1149  -1.783453e+03  
   94300  2.82350395  6.45447067    1149  -1.783484e+03  
   94400  2.82347990  6.45441492    1149  -1.783494e+03  
   94500  2.82360155  6.45444711    1149  -1.783488e+03  
   94600  2.82383454  6.45397066    1149  -1.783500e+03  
   94700  2.82404912  6.45315622    1149  -1.783518e+03  
   94800  2.82409556  6.45264087    1149  -1.783541e+03  
   94900  2.82378572  6.45230430    1149  -1.783550e+03  
   95000  2.82338575  6.45216056    1149  -1.783552e+03  
   95100  2.82286213  6.45269928    1149  -1.783541e+03  
   95200  2.82250779  6.45311315    1149  -1.783526e+03  
   95300  2.82247534  6.45265126    1149  -1.783541e+03  
   95400  2.82282778  6.45218924    1149  -1.783560e+03  
   95500  2.82309392  6.45161298    1149  -1.783579e+03  
   95600  2.82320618  6.45130293    1149  -1.783591e+03  
   95700  2.82360813  6.45154998    1149  -1.783580e+03  
   95800  2.82393603  6.45181012    1149  -1.783554e+03  
   95900  2.82401432  6.45157226    1149  -1.783560e+03  
   96000  2.82410704  6.45129151    1149  -1.783570e+03  
   96100  2.82400320  6.45054497    1149  -1.783615e+03  
   96200  2.82373525  6.45079249    1149  -1.783623e+03  
   96300  2.82341248  6.45131196    1149  -1.783594e+03  
   96400  2.82331923  6.45219017    1149  -1.783546e+03  
   96500  2.82326447  6.45329712    1149  -1.783492e+03  
   96600  2.82319255  6.45385289    1149  -1.783462e+03  
   96700  2.82311107  6.45393217    1149  -1.783448e+03  
   96800  2.82334278  6.45405150    1149  -1.783448e+03  
   96900  2.82367433  6.45449905    1149  -1.783421e+03  
   97000  2.82371538  6.45536530    1149  -1.783372e+03  
   97100  2.82351925  6.45623144    1149  -1.783308e+03  
   97200  2.82337015  6.45668693    1149  -1.783272e+03  
   97300  2.82336683  6.45699404    1149  -1.783260e+03  
   97400  2.82331005  6.45741238    1149  -1.783241e+03  
   97500  2.82321059  6.45818133    1149  -1.783224e+03  
   97600  2.82330958  6.45842948    1149  -1.783214e+03  
   97700  2.82325535  6.45856602    1149  -1.783201e+03  
   97800  2.82294142  6.45855778    1149  -1.783247e+03  
   97900  2.82296049  6.45820188    1149  -1.783269e+03  
   98000  2.82316230  6.45788353    1149  -1.783293e+03  
   98100  2.82321963  6.45752082    1149  -1.783317e+03  
   98200  2.82333483  6.45729520    1149  -1.783331e+03  
   98300  2.82360848  6.45733250    1149  -1.783332e+03  
   98400  2.82380926  6.45711952    1149  -1.783337e+03  
   98500  2.82391347  6.45645454    1149  -1.783342e+03  
   98600  2.82387837  6.45555829    1149  -1.783347e+03  
   98700  2.82381208  6.45518838    1149  -1.783358e+03  
   98800  2.82339861  6.45526442    1149  -1.783376e+03  
   98900  2.82288300  6.45478143    1149  -1.783433e+03  
   99000  2.82265315  6.45415726    1149  -1.783469e+03  
   99100  2.82295824  6.45333601    1149  -1.783499e+03  
   99200  2.82360084  6.45231210    1149  -1.783523e+03  
   99300  2.82401046  6.45153674    1149  -1.783527e+03  
   99400  2.82426123  6.45142656    1149  -1.783530e+03  
   99500  2.82420404  6.45156355    1149  -1.783534e+03  
   99600  2.82389937  6.45087521    1149  -1.783555e+03  
   99700  2.82345849  6.45034133    1149  -1.783570e+03  
   99800  2.82307865  6.45016284    1149  -1.783586e+03  
   99900  2.82293739  6.45048883    1149  -1.783574e+03  
  100000  2.82292232  6.45105063    1149  -1.783532e+03  
