# Log file : cell.log
# Generated on : 2022-Apr-25 14:25:31
# (1) step (2) area (3) avg_perim (4) size (5) vp_energy 
       0  2.97982914  6.47822452    1109  -1.746501e+03  
     100  2.95503735  6.49547139    1109  -1.784792e+03  
     200  2.95208946  6.49458889    1109  -1.785720e+03  
     300  2.95004271  6.49173171    1109  -1.786009e+03  
     400  2.94829282  6.48953937    1109  -1.786035e+03  
     500  2.94696757  6.48809912    1109  -1.785979e+03  
     600  2.94610165  6.48798003    1109  -1.785939e+03  
     700  2.94570081  6.48868982    1109  -1.785915e+03  
     800  2.94564269  6.48964402    1109  -1.785854e+03  
     900  2.94592590  6.49042174    1109  -1.785768e+03  
    1000  2.94650346  6.49105220    1109  -1.785712e+03  
    1100  2.94707759  6.49257678    1109  -1.785662e+03  
    1200  2.94697335  6.49338161    1109  -1.785649e+03  
    1300  2.94651342  6.49344161    1109  -1.785670e+03  
    1400  2.94626826  6.49374020    1109  -1.785705e+03  
    1500  2.94654534  6.49390250    1109  -1.785749e+03  
    1600  2.94763209  6.49389447    1109  -1.785814e+03  
    1700  2.94869448  6.49350251    1109  -1.785891e+03  
    1800  2.94900120  6.49244761    1109  -1.785949e+03  
    1900  2.94903308  6.49210031    1109  -1.785942e+03  
    2000  2.94886210  6.49183620    1109  -1.785909e+03  
    2100  2.94855557  6.49193770    1109  -1.785870e+03  
    2200  2.94855126  6.49239279    1109  -1.785841e+03  
    2300  2.94847557  6.49269053    1109  -1.785843e+03  
    2400  2.94825969  6.49277864    1109  -1.785858e+03  
    2500  2.94810000  6.49304081    1109  -1.785880e+03  
    2600  2.94795557  6.49298405    1109  -1.785892e+03  
    2700  2.94823227  6.49283834    1109  -1.785921e+03  
    2800  2.94835672  6.49340254    1109  -1.785905e+03  
    2900  2.94829048  6.49307690    1109  -1.785920e+03  
    3000  2.94802255  6.49212502    1109  -1.785942e+03  
    3100  2.94766488  6.49135262    1109  -1.785953e+03  
    3200  2.94756584  6.49151859    1109  -1.785935e+03  
    3300  2.94745288  6.49177609    1109  -1.785899e+03  
    3400  2.94723869  6.49182820    1109  -1.785876e+03  
    3500  2.94723571  6.49219443    1109  -1.785874e+03  
    3600  2.94766724  6.49254032    1109  -1.785905e+03  
    3700  2.94822885  6.49296587    1109  -1.785929e+03  
    3800  2.94870421  6.49264476    1109  -1.785980e+03  
    3900  2.94896759  6.49249868    1109  -1.786003e+03  
    4000  2.94923637  6.49244473    1109  -1.786018e+03  
    4100  2.94946630  6.49239639    1109  -1.786018e+03  
    4200  2.94952551  6.49244561    1109  -1.786007e+03  
    4300  2.94940681  6.49215077    1109  -1.786010e+03  
    4400  2.94922272  6.49186350    1109  -1.786021e+03  
    4500  2.94889582  6.49135032    1109  -1.786035e+03  
    4600  2.94876796  6.49141018    1109  -1.786026e+03  
    4700  2.94890635  6.49204560    1109  -1.786000e+03  
    4800  2.94907893  6.49263668    1109  -1.785978e+03  
    4900  2.94921969  6.49308120    1109  -1.785967e+03  
    5000  2.94933139  6.49357058    1109  -1.785960e+03  
    5100  2.94938301  6.49400261    1109  -1.785954e+03  
    5200  2.94921162  6.49403308    1109  -1.785948e+03  
    5300  2.94877838  6.49331228    1109  -1.785952e+03  
    5400  2.94826061  6.49239082    1109  -1.785964e+03  
    5500  2.94788618  6.49156179    1109  -1.785986e+03  
    5600  2.94766483  6.49089845    1109  -1.786009e+03  
    5700  2.94763191  6.49073898    1109  -1.786015e+03  
    5800  2.94774486  6.49084131    1109  -1.786020e+03  
    5900  2.94794698  6.49087022    1109  -1.786033e+03  
    6000  2.94844192  6.49131201    1109  -1.786046e+03  
    6100  2.94868223  6.49153802    1109  -1.786054e+03  
    6200  2.94883427  6.49148883    1109  -1.786063e+03  
    6300  2.94923840  6.49176637    1109  -1.786054e+03  
    6400  2.94977546  6.49240923    1109  -1.786046e+03  
    6500  2.94999834  6.49303471    1109  -1.786031e+03  
    6600  2.95006735  6.49345748    1109  -1.786008e+03  
    6700  2.94985300  6.49343752    1109  -1.785989e+03  
    6800  2.94934302  6.49299434    1109  -1.785975e+03  
    6900  2.94866735  6.49238304    1109  -1.785962e+03  
    7000  2.94812635  6.49210341    1109  -1.785950e+03  
    7100  2.94766032  6.49216321    1109  -1.785939e+03  
    7200  2.94742569  6.49210574    1109  -1.785925e+03  
    7300  2.94751592  6.49213462    1109  -1.785916e+03  
    7400  2.94758005  6.49234229    1109  -1.785914e+03  
    7500  2.94751284  6.49251105    1109  -1.785915e+03  
    7600  2.94777353  6.49281578    1109  -1.785923e+03  
    7700  2.94812075  6.49267354    1109  -1.785955e+03  
    7800  2.94822512  6.49205570    1109  -1.785986e+03  
    7900  2.94810780  6.49124369    1109  -1.786007e+03  
    8000  2.94808027  6.49128790    1109  -1.786005e+03  
    8100  2.94799845  6.49191138    1109  -1.785970e+03  
    8200  2.94785850  6.49231848    1109  -1.785936e+03  
    8300  2.94771745  6.49249384    1109  -1.785906e+03  
    8400  2.94773703  6.49314285    1109  -1.785872e+03  
    8500  2.94772020  6.49412969    1109  -1.785834e+03  
    8600  2.94795607  6.49506308    1109  -1.785813e+03  
    8700  2.94832031  6.49575619    1109  -1.785799e+03  
    8800  2.94841462  6.49602121    1109  -1.785783e+03  
    8900  2.94841455  6.49605168    1109  -1.785778e+03  
    9000  2.94823399  6.49568016    1109  -1.785798e+03  
    9100  2.94809095  6.49530072    1109  -1.785808e+03  
    9200  2.94806056  6.49479503    1109  -1.785817e+03  
    9300  2.94810294  6.49432725    1109  -1.785844e+03  
    9400  2.94800304  6.49360103    1109  -1.785881e+03  
    9500  2.94804432  6.49265788    1109  -1.785933e+03  
    9600  2.94837714  6.49180117    1109  -1.785992e+03  
    9700  2.94874272  6.49148638    1109  -1.786033e+03  
    9800  2.94907639  6.49116449    1109  -1.786064e+03  
    9900  2.94928994  6.49098421    1109  -1.786081e+03  
   10000  2.94932250  6.49119816    1109  -1.786088e+03  
   10100  2.94913488  6.49155968    1109  -1.786068e+03  
   10200  2.94870969  6.49181582    1109  -1.786032e+03  
   10300  2.94802115  6.49205141    1109  -1.785983e+03  
   10400  2.94730088  6.49215304    1109  -1.785926e+03  
   10500  2.94686058  6.49214529    1109  -1.785891e+03  
   10600  2.94684519  6.49222334    1109  -1.785878e+03  
   10700  2.94693519  6.49252851    1109  -1.785863e+03  
   10800  2.94695531  6.49263365    1109  -1.785858e+03  
   10900  2.94706614  6.49243097    1109  -1.785882e+03  
   11000  2.94747171  6.49228320    1109  -1.785918e+03  
   11100  2.94793593  6.49179829    1109  -1.785965e+03  
   11200  2.94855715  6.49160732    1109  -1.786016e+03  
   11300  2.94901027  6.49148677    1109  -1.786046e+03  
   11400  2.94916383  6.49130706    1109  -1.786053e+03  
   11500  2.94915052  6.49134919    1109  -1.786052e+03  
   11600  2.94887837  6.49120167    1109  -1.786053e+03  
   11700  2.94874751  6.49100121    1109  -1.786069e+03  
   11800  2.94857555  6.49090335    1109  -1.786066e+03  
   11900  2.94844677  6.49132237    1109  -1.786033e+03  
   12000  2.94827865  6.49143723    1109  -1.786009e+03  
   12100  2.94828261  6.49146773    1109  -1.786009e+03  
   12200  2.94841671  6.49163740    1109  -1.786014e+03  
   12300  2.94855408  6.49202811    1109  -1.785992e+03  
   12400  2.94863472  6.49253964    1109  -1.785955e+03  
   12500  2.94850727  6.49314051    1109  -1.785913e+03  
   12600  2.94849490  6.49405016    1109  -1.785872e+03  
   12700  2.94837756  6.49467073    1109  -1.785831e+03  
   12800  2.94809824  6.49480620    1109  -1.785812e+03  
   12900  2.94787692  6.49461913    1109  -1.785816e+03  
   13000  2.94761770  6.49396393    1109  -1.785847e+03  
   13100  2.94725771  6.49301674    1109  -1.785866e+03  
   13200  2.94701558  6.49192310    1109  -1.785905e+03  
   13300  2.94725780  6.49134345    1109  -1.785960e+03  
   13400  2.94747353  6.49025655    1109  -1.786021e+03  
   13500  2.94785046  6.48889044    1109  -1.786096e+03  
   13600  2.94807841  6.48801962    1109  -1.786147e+03  
   13700  2.94811158  6.48766849    1109  -1.786173e+03  
   13800  2.94804482  6.48769796    1109  -1.786177e+03  
   13900  2.94807952  6.48792822    1109  -1.786178e+03  
   14000  2.94823697  6.48855960    1109  -1.786166e+03  
   14100  2.94830521  6.48924048    1109  -1.786136e+03  
   14200  2.94835357  6.48990324    1109  -1.786106e+03  
   14300  2.94858208  6.49078121    1109  -1.786071e+03  
   14400  2.94893476  6.49156686    1109  -1.786051e+03  
   14500  2.94916081  6.49223017    1109  -1.786037e+03  
   14600  2.94934359  6.49281507    1109  -1.786021e+03  
   14700  2.94924919  6.49324569    1109  -1.786000e+03  
   14800  2.94872925  6.49316525    1109  -1.785970e+03  
   14900  2.94821051  6.49320545    1109  -1.785933e+03  
   15000  2.94785837  6.49355005    1109  -1.785904e+03  
   15100  2.94771348  6.49371409    1109  -1.785889e+03  
   15200  2.94790749  6.49417688    1109  -1.785883e+03  
   15300  2.94829704  6.49470228    1109  -1.785881e+03  
   15400  2.94853072  6.49444545    1109  -1.785909e+03  
   15500  2.94851382  6.49386398    1109  -1.785937e+03  
   15600  2.94833465  6.49334888    1109  -1.785945e+03  
   15700  2.94810944  6.49271540    1109  -1.785964e+03  
   15800  2.94813613  6.49238153    1109  -1.785984e+03  
   15900  2.94840481  6.49205067    1109  -1.786011e+03  
   16000  2.94847154  6.49175303    1109  -1.786040e+03  
   16100  2.94852423  6.49159228    1109  -1.786049e+03  
   16200  2.94835354  6.49142500    1109  -1.786043e+03  
   16300  2.94804658  6.49118783    1109  -1.786043e+03  
   16400  2.94792371  6.49063942    1109  -1.786060e+03  
   16500  2.94792553  6.49042836    1109  -1.786059e+03  
   16600  2.94814705  6.49080845    1109  -1.786047e+03  
   16700  2.94814570  6.49083154    1109  -1.786040e+03  
   16800  2.94814324  6.49063561    1109  -1.786029e+03  
   16900  2.94816015  6.49073567    1109  -1.786018e+03  
   17000  2.94819072  6.49140212    1109  -1.785996e+03  
   17100  2.94802757  6.49196516    1109  -1.785959e+03  
   17200  2.94797772  6.49237653    1109  -1.785938e+03  
   17300  2.94778711  6.49274989    1109  -1.785914e+03  
   17400  2.94722306  6.49273210    1109  -1.785891e+03  
   17500  2.94673247  6.49228487    1109  -1.785875e+03  
   17600  2.94644282  6.49230043    1109  -1.785850e+03  
   17700  2.94643084  6.49275915    1109  -1.785826e+03  
   17800  2.94647112  6.49352931    1109  -1.785796e+03  
   17900  2.94651621  6.49395127    1109  -1.785786e+03  
   18000  2.94664837  6.49414137    1109  -1.785784e+03  
   18100  2.94704434  6.49427455    1109  -1.785797e+03  
   18200  2.94731493  6.49415195    1109  -1.785818e+03  
   18300  2.94743306  6.49435374    1109  -1.785832e+03  
   18400  2.94749725  6.49459796    1109  -1.785832e+03  
   18500  2.94755763  6.49497314    1109  -1.785817e+03  
   18600  2.94751663  6.49476573    1109  -1.785816e+03  
   18700  2.94737648  6.49437930    1109  -1.785821e+03  
   18800  2.94725488  6.49380411    1109  -1.785839e+03  
   18900  2.94735433  6.49343005    1109  -1.785873e+03  
   19000  2.94744167  6.49317548    1109  -1.785896e+03  
   19100  2.94775572  6.49320552    1109  -1.785911e+03  
   19200  2.94805352  6.49344972    1109  -1.785913e+03  
   19300  2.94814858  6.49273935    1109  -1.785941e+03  
   19400  2.94819628  6.49176789    1109  -1.785982e+03  
   19500  2.94790951  6.49081725    1109  -1.786015e+03  
   19600  2.94750576  6.49012880    1109  -1.786034e+03  
   19700  2.94721004  6.48989420    1109  -1.786038e+03  
   19800  2.94714491  6.48976275    1109  -1.786042e+03  
   19900  2.94745904  6.49022941    1109  -1.786033e+03  
   20000  2.94775592  6.49085745    1109  -1.786016e+03  
   20100  2.94780865  6.49135207    1109  -1.785993e+03  
   20200  2.94784727  6.49173495    1109  -1.785985e+03  
   20300  2.94794851  6.49208323    1109  -1.785973e+03  
   20400  2.94791821  6.49220410    1109  -1.785962e+03  
   20500  2.94772762  6.49201491    1109  -1.785966e+03  
   20600  2.94753205  6.49126874    1109  -1.785990e+03  
   20700  2.94723159  6.49052072    1109  -1.786010e+03  
   20800  2.94685151  6.48996290    1109  -1.786016e+03  
   20900  2.94664720  6.48995734    1109  -1.786010e+03  
   21000  2.94671916  6.48995216    1109  -1.786011e+03  
   21100  2.94728572  6.48972557    1109  -1.786038e+03  
   21200  2.94783220  6.48957817    1109  -1.786067e+03  
   21300  2.94821702  6.48937755    1109  -1.786100e+03  
   21400  2.94848017  6.48927586    1109  -1.786119e+03  
   21500  2.94849138  6.48892750    1109  -1.786139e+03  
   21600  2.94852351  6.48876537    1109  -1.786156e+03  
   21700  2.94887757  6.48913654    1109  -1.786171e+03  
   21800  2.94908984  6.48940213    1109  -1.786170e+03  
   21900  2.94936337  6.48954511    1109  -1.786174e+03  
   22000  2.94951193  6.48979295    1109  -1.786172e+03  
   22100  2.94960122  6.49037961    1109  -1.786150e+03  
   22200  2.94922787  6.49054023    1109  -1.786114e+03  
   22300  2.94877213  6.49061204    1109  -1.786072e+03  
   22400  2.94827868  6.49097756    1109  -1.786019e+03  
   22500  2.94806652  6.49182295    1109  -1.785959e+03  
   22600  2.94798150  6.49263517    1109  -1.785909e+03  
   22700  2.94806383  6.49336250    1109  -1.785877e+03  
   22800  2.94807969  6.49403327    1109  -1.785847e+03  
   22900  2.94787677  6.49432499    1109  -1.785827e+03  
   23000  2.94728777  6.49437796    1109  -1.785801e+03  
   23100  2.94657943  6.49442772    1109  -1.785769e+03  
   23200  2.94603419  6.49415388    1109  -1.785749e+03  
   23300  2.94583477  6.49364348    1109  -1.785764e+03  
   23400  2.94596169  6.49327160    1109  -1.785784e+03  
   23500  2.94610811  6.49310133    1109  -1.785796e+03  
   23600  2.94613931  6.49299823    1109  -1.785813e+03  
   23700  2.94647176  6.49342941    1109  -1.785811e+03  
   23800  2.94703707  6.49423087    1109  -1.785810e+03  
   23900  2.94741887  6.49453343    1109  -1.785818e+03  
   24000  2.94761718  6.49479486    1109  -1.785810e+03  
   24100  2.94769940  6.49509578    1109  -1.785793e+03  
   24200  2.94759675  6.49508532    1109  -1.785782e+03  
   24300  2.94720006  6.49460912    1109  -1.785776e+03  
   24400  2.94679304  6.49428450    1109  -1.785769e+03  
   24500  2.94676542  6.49398640    1109  -1.785783e+03  
   24600  2.94704919  6.49352248    1109  -1.785814e+03  
   24700  2.94749076  6.49318785    1109  -1.785855e+03  
   24800  2.94812086  6.49309912    1109  -1.785897e+03  
   24900  2.94863378  6.49312312    1109  -1.785929e+03  
   25000  2.94894023  6.49316471    1109  -1.785954e+03  
   25100  2.94918834  6.49332379    1109  -1.785961e+03  
   25200  2.94891677  6.49285348    1109  -1.785977e+03  
   25300  2.94824670  6.49188056    1109  -1.785989e+03  
   25400  2.94758896  6.49110459    1109  -1.785988e+03  
   25500  2.94710679  6.49025824    1109  -1.785992e+03  
   25600  2.94679279  6.48929680    1109  -1.786003e+03  
   25700  2.94648668  6.48872395    1109  -1.786013e+03  
   25800  2.94655080  6.48890753    1109  -1.786020e+03  
   25900  2.94661945  6.48866210    1109  -1.786038e+03  
   26000  2.94687034  6.48839347    1109  -1.786072e+03  
   26100  2.94733319  6.48818959    1109  -1.786118e+03  
   26200  2.94795247  6.48827684    1109  -1.786143e+03  
   26300  2.94874564  6.48852021    1109  -1.786182e+03  
   26400  2.94918755  6.48844834    1109  -1.786221e+03  
   26500  2.94933652  6.48822700    1109  -1.786236e+03  
   26600  2.94922572  6.48809128    1109  -1.786228e+03  
   26700  2.94900134  6.48823396    1109  -1.786220e+03  
   26800  2.94865776  6.48846695    1109  -1.786193e+03  
   26900  2.94834818  6.48917774    1109  -1.786142e+03  
   27000  2.94814597  6.48993069    1109  -1.786089e+03  
   27100  2.94790946  6.49062960    1109  -1.786037e+03  
   27200  2.94781243  6.49202091    1109  -1.785962e+03  
   27300  2.94756479  6.49346129    1109  -1.785871e+03  
   27400  2.94724688  6.49467841    1109  -1.785793e+03  
   27500  2.94713606  6.49558771    1109  -1.785739e+03  
   27600  2.94700979  6.49607560    1109  -1.785700e+03  
   27700  2.94689042  6.49616825    1109  -1.785684e+03  
   27800  2.94686474  6.49628878    1109  -1.785668e+03  
   27900  2.94680263  6.49637080    1109  -1.785657e+03  
   28000  2.94664644  6.49604340    1109  -1.785664e+03  
   28100  2.94651549  6.49523176    1109  -1.785702e+03  
   28200  2.94667466  6.49420940    1109  -1.785780e+03  
   28300  2.94697091  6.49322225    1109  -1.785854e+03  
   28400  2.94738442  6.49236697    1109  -1.785928e+03  
   28500  2.94778537  6.49196950    1109  -1.785974e+03  
   28600  2.94828779  6.49194941    1109  -1.786013e+03  
   28700  2.94876355  6.49222058    1109  -1.786036e+03  
   28800  2.94907052  6.49228892    1109  -1.786046e+03  
   28900  2.94888780  6.49190385    1109  -1.786056e+03  
   29000  2.94858374  6.49161074    1109  -1.786055e+03  
   29100  2.94825229  6.49117773    1109  -1.786054e+03  
   29200  2.94793072  6.49094498    1109  -1.786041e+03  
   29300  2.94753992  6.49103793    1109  -1.786021e+03  
   29400  2.94724034  6.49133260    1109  -1.785999e+03  
   29500  2.94709756  6.49133057    1109  -1.785984e+03  
   29600  2.94711783  6.49146910    1109  -1.785978e+03  
   29700  2.94723849  6.49186360    1109  -1.785967e+03  
   29800  2.94730081  6.49198159    1109  -1.785957e+03  
   29900  2.94743070  6.49219168    1109  -1.785953e+03  
   30000  2.94748483  6.49239400    1109  -1.785944e+03  
   30100  2.94745710  6.49238454    1109  -1.785933e+03  
   30200  2.94765074  6.49263183    1109  -1.785917e+03  
   30300  2.94773554  6.49254034    1109  -1.785915e+03  
   30400  2.94763401  6.49233244    1109  -1.785916e+03  
   30500  2.94750797  6.49248212    1109  -1.785907e+03  
   30600  2.94735365  6.49300620    1109  -1.785874e+03  
   30700  2.94730065  6.49360929    1109  -1.785833e+03  
   30800  2.94727488  6.49426051    1109  -1.785785e+03  
   30900  2.94714111  6.49446230    1109  -1.785755e+03  
   31000  2.94721889  6.49463606    1109  -1.785738e+03  
   31100  2.94721120  6.49513295    1109  -1.785716e+03  
   31200  2.94708274  6.49515258    1109  -1.785707e+03  
   31300  2.94694248  6.49476632    1109  -1.785724e+03  
   31400  2.94672353  6.49438794    1109  -1.785736e+03  
   31500  2.94632251  6.49413078    1109  -1.785738e+03  
   31600  2.94606239  6.49404856    1109  -1.785734e+03  
   31700  2.94591775  6.49362048    1109  -1.785734e+03  
   31800  2.94587513  6.49317752    1109  -1.785743e+03  
   31900  2.94607078  6.49333559    1109  -1.785756e+03  
   32000  2.94630001  6.49303615    1109  -1.785780e+03  
   32100  2.94661216  6.49247552    1109  -1.785826e+03  
   32200  2.94708974  6.49209346    1109  -1.785869e+03  
   32300  2.94749996  6.49195008    1109  -1.785887e+03  
   32400  2.94767046  6.49182336    1109  -1.785900e+03  
   32500  2.94771276  6.49182501    1109  -1.785912e+03  
   32600  2.94769143  6.49171977    1109  -1.785929e+03  
   32700  2.94780962  6.49200079    1109  -1.785929e+03  
   32800  2.94808813  6.49250038    1109  -1.785922e+03  
   32900  2.94839461  6.49314563    1109  -1.785918e+03  
   33000  2.94862379  6.49372691    1109  -1.785911e+03  
   33100  2.94864516  6.49365563    1109  -1.785920e+03  
   33200  2.94835789  6.49358053    1109  -1.785917e+03  
   33300  2.94790637  6.49347140    1109  -1.785892e+03  
   33400  2.94752951  6.49306939    1109  -1.785891e+03  
   33500  2.94747732  6.49285261    1109  -1.785903e+03  
   33600  2.94759512  6.49210497    1109  -1.785950e+03  
   33700  2.94772039  6.49113027    1109  -1.786013e+03  
   33800  2.94778771  6.49036004    1109  -1.786049e+03  
   33900  2.94765533  6.48974289    1109  -1.786070e+03  
   34000  2.94761650  6.48941540    1109  -1.786080e+03  
   34100  2.94731019  6.48900073    1109  -1.786084e+03  
   34200  2.94714641  6.48882609    1109  -1.786095e+03  
   34300  2.94724269  6.48857096    1109  -1.786114e+03  
   34400  2.94747264  6.48823647    1109  -1.786137e+03  
   34500  2.94773040  6.48838221    1109  -1.786142e+03  
   34600  2.94802263  6.48914304    1109  -1.786123e+03  
   34700  2.94806810  6.48947094    1109  -1.786107e+03  
   34800  2.94806872  6.48994830    1109  -1.786079e+03  
   34900  2.94811149  6.49076461    1109  -1.786030e+03  
   35000  2.94808519  6.49155113    1109  -1.785979e+03  
   35100  2.94793555  6.49227797    1109  -1.785938e+03  
   35200  2.94798430  6.49276064    1109  -1.785918e+03  
   35300  2.94826603  6.49306736    1109  -1.785913e+03  
   35400  2.94868503  6.49316300    1109  -1.785937e+03  
   35500  2.94891515  6.49274039    1109  -1.785981e+03  
   35600  2.94886542  6.49204841    1109  -1.786017e+03  
   35700  2.94886558  6.49170631    1109  -1.786038e+03  
   35800  2.94903653  6.49136161    1109  -1.786066e+03  
   35900  2.94919079  6.49104236    1109  -1.786091e+03  
   36000  2.94926725  6.49059868    1109  -1.786107e+03  
   36100  2.94931272  6.49037933    1109  -1.786112e+03  
   36200  2.94903106  6.48997296    1109  -1.786112e+03  
   36300  2.94888627  6.48978604    1109  -1.786111e+03  
   36400  2.94867192  6.48969846    1109  -1.786105e+03  
   36500  2.94862838  6.48978095    1109  -1.786099e+03  
   36600  2.94859651  6.49016972    1109  -1.786087e+03  
   36700  2.94850952  6.49033051    1109  -1.786084e+03  
   36800  2.94844716  6.49056850    1109  -1.786086e+03  
   36900  2.94834317  6.49071458    1109  -1.786094e+03  
   37000  2.94829357  6.49107737    1109  -1.786080e+03  
   37100  2.94843833  6.49218838    1109  -1.786031e+03  
   37200  2.94859166  6.49303522    1109  -1.785993e+03  
   37300  2.94889496  6.49364823    1109  -1.785974e+03  
   37400  2.94903732  6.49423603    1109  -1.785949e+03  
   37500  2.94875653  6.49456652    1109  -1.785917e+03  
   37600  2.94863931  6.49497944    1109  -1.785888e+03  
   37700  2.94869050  6.49522412    1109  -1.785874e+03  
   37800  2.94885485  6.49510107    1109  -1.785878e+03  
   37900  2.94883721  6.49444336    1109  -1.785906e+03  
   38000  2.94896293  6.49422556    1109  -1.785923e+03  
   38100  2.94917703  6.49434508    1109  -1.785920e+03  
   38200  2.94932343  6.49458324    1109  -1.785909e+03  
   38300  2.94930992  6.49431194    1109  -1.785922e+03  
   38400  2.94917640  6.49399904    1109  -1.785936e+03  
   38500  2.94900140  6.49341440    1109  -1.785956e+03  
   38600  2.94902683  6.49266000    1109  -1.785991e+03  
   38700  2.94868464  6.49170411    1109  -1.786025e+03  
   38800  2.94828795  6.49115222    1109  -1.786046e+03  
   38900  2.94821300  6.49074846    1109  -1.786071e+03  
   39000  2.94855806  6.49031147    1109  -1.786090e+03  
   39100  2.94899899  6.49029772    1109  -1.786111e+03  
   39200  2.94937758  6.49057576    1109  -1.786113e+03  
   39300  2.94951409  6.49060451    1109  -1.786115e+03  
   39400  2.94922775  6.49033410    1109  -1.786115e+03  
   39500  2.94880210  6.49014425    1109  -1.786103e+03  
   39600  2.94840938  6.48984654    1109  -1.786089e+03  
   39700  2.94802233  6.48943097    1109  -1.786085e+03  
   39800  2.94802069  6.48948161    1109  -1.786089e+03  
   39900  2.94793734  6.48986500    1109  -1.786072e+03  
   40000  2.94787400  6.49006892    1109  -1.786062e+03  
   40100  2.94813173  6.49031797    1109  -1.786048e+03  
   40200  2.94828192  6.49029125    1109  -1.786060e+03  
   40300  2.94834475  6.49064113    1109  -1.786051e+03  
   40400  2.94812973  6.49055223    1109  -1.786038e+03  
   40500  2.94768163  6.49042823    1109  -1.786016e+03  
   40600  2.94749560  6.49068861    1109  -1.785995e+03  
   40700  2.94754118  6.49121030    1109  -1.785979e+03  
   40800  2.94772257  6.49238705    1109  -1.785942e+03  
   40900  2.94784551  6.49360207    1109  -1.785898e+03  
   41000  2.94803630  6.49409118    1109  -1.785887e+03  
   41100  2.94826609  6.49418574    1109  -1.785890e+03  
   41200  2.94842851  6.49404398    1109  -1.785893e+03  
   41300  2.94871766  6.49432331    1109  -1.785895e+03  
   41400  2.94901425  6.49412962    1109  -1.785926e+03  
   41500  2.94906778  6.49410109    1109  -1.785927e+03  
   41600  2.94894384  6.49390408    1109  -1.785926e+03  
   41700  2.94859952  6.49363995    1109  -1.785927e+03  
   41800  2.94808992  6.49316674    1109  -1.785921e+03  
   41900  2.94759911  6.49265351    1109  -1.785917e+03  
   42000  2.94722431  6.49256338    1109  -1.785907e+03  
   42100  2.94693292  6.49186684    1109  -1.785936e+03  
   42200  2.94695358  6.49152867    1109  -1.785954e+03  
   42300  2.94733300  6.49117530    1109  -1.785982e+03  
   42400  2.94773007  6.49081386    1109  -1.786005e+03  
   42500  2.94784006  6.49088272    1109  -1.786009e+03  
   42600  2.94772750  6.49107649    1109  -1.785990e+03  
   42700  2.94748109  6.49146349    1109  -1.785951e+03  
   42800  2.94752934  6.49230613    1109  -1.785908e+03  
   42900  2.94757847  6.49278513    1109  -1.785888e+03  
   43000  2.94733629  6.49250700    1109  -1.785882e+03  
   43100  2.94728220  6.49274237    1109  -1.785879e+03  
   43200  2.94743843  6.49319988    1109  -1.785865e+03  
   43300  2.94780663  6.49353359    1109  -1.785857e+03  
   43400  2.94788479  6.49356011    1109  -1.785852e+03  
   43500  2.94778558  6.49354226    1109  -1.785852e+03  
   43600  2.94753490  6.49283536    1109  -1.785884e+03  
   43700  2.94729784  6.49207408    1109  -1.785917e+03  
   43800  2.94713646  6.49152072    1109  -1.785939e+03  
   43900  2.94717218  6.49099984    1109  -1.785964e+03  
   44000  2.94701066  6.49012082    1109  -1.785992e+03  
   44100  2.94692505  6.48961776    1109  -1.786020e+03  
   44200  2.94731708  6.48986427    1109  -1.786046e+03  
   44300  2.94790188  6.49028763    1109  -1.786067e+03  
   44400  2.94860095  6.49023210    1109  -1.786104e+03  
   44500  2.94911218  6.48990701    1109  -1.786132e+03  
   44600  2.94930946  6.48968635    1109  -1.786145e+03  
   44700  2.94928895  6.48968655    1109  -1.786146e+03  
   44800  2.94930244  6.48990896    1109  -1.786140e+03  
   44900  2.94940220  6.48982496    1109  -1.786149e+03  
   45000  2.94937449  6.48904495    1109  -1.786187e+03  
   45100  2.94922436  6.48859379    1109  -1.786212e+03  
   45200  2.94872001  6.48840928    1109  -1.786200e+03  
   45300  2.94819718  6.48823214    1109  -1.786178e+03  
   45400  2.94784077  6.48806317    1109  -1.786157e+03  
   45500  2.94774391  6.48827939    1109  -1.786136e+03  
   45600  2.94780713  6.48882724    1109  -1.786114e+03  
   45700  2.94799155  6.48973587    1109  -1.786085e+03  
   45800  2.94795006  6.48996015    1109  -1.786068e+03  
   45900  2.94764691  6.48994558    1109  -1.786045e+03  
   46000  2.94725349  6.48997904    1109  -1.786027e+03  
   46100  2.94694868  6.48995001    1109  -1.786009e+03  
   46200  2.94655109  6.48996325    1109  -1.785983e+03  
   46300  2.94616927  6.48962262    1109  -1.785971e+03  
   46400  2.94599835  6.48930903    1109  -1.785979e+03  
   46500  2.94614585  6.48943948    1109  -1.785983e+03  
   46600  2.94649821  6.49019221    1109  -1.785972e+03  
   46700  2.94680084  6.49073832    1109  -1.785965e+03  
   46800  2.94710186  6.49058775    1109  -1.785995e+03  
   46900  2.94742568  6.49076114    1109  -1.786012e+03  
   47000  2.94778748  6.49115742    1109  -1.786011e+03  
   47100  2.94805061  6.49114690    1109  -1.786030e+03  
   47200  2.94821789  6.49081498    1109  -1.786057e+03  
   47300  2.94814546  6.49042329    1109  -1.786068e+03  
   47400  2.94799597  6.48980159    1109  -1.786088e+03  
   47500  2.94800529  6.48926524    1109  -1.786114e+03  
   47600  2.94791942  6.48878979    1109  -1.786134e+03  
   47700  2.94761045  6.48844539    1109  -1.786142e+03  
   47800  2.94731465  6.48786196    1109  -1.786159e+03  
   47900  2.94729296  6.48759470    1109  -1.786181e+03  
   48000  2.94748895  6.48748416    1109  -1.786193e+03  
   48100  2.94769505  6.48759845    1109  -1.786192e+03  
   48200  2.94792865  6.48783992    1109  -1.786189e+03  
   48300  2.94794975  6.48809973    1109  -1.786181e+03  
   48400  2.94791868  6.48791790    1109  -1.786199e+03  
   48500  2.94788340  6.48764979    1109  -1.786206e+03  
   48600  2.94782467  6.48780573    1109  -1.786191e+03  
   48700  2.94768890  6.48802138    1109  -1.786177e+03  
   48800  2.94745014  6.48779214    1109  -1.786182e+03  
   48900  2.94717215  6.48764044    1109  -1.786174e+03  
   49000  2.94701501  6.48810890    1109  -1.786138e+03  
   49100  2.94703106  6.48885549    1109  -1.786090e+03  
   49200  2.94719305  6.48994549    1109  -1.786040e+03  
   49300  2.94743389  6.49114590    1109  -1.785995e+03  
   49400  2.94775149  6.49240645    1109  -1.785944e+03  
   49500  2.94798219  6.49325124    1109  -1.785910e+03  
   49600  2.94806445  6.49352479    1109  -1.785892e+03  
   49700  2.94816110  6.49350347    1109  -1.785901e+03  
   49800  2.94797633  6.49343607    1109  -1.785907e+03  
   49900  2.94806336  6.49324362    1109  -1.785927e+03  
   50000  2.94848455  6.49298714    1109  -1.785942e+03  
   50100  2.94858097  6.49288852    1109  -1.785948e+03  
   50200  2.94848312  6.49265351    1109  -1.785958e+03  
   50300  2.94838068  6.49240101    1109  -1.785976e+03  
   50400  2.94817808  6.49201813    1109  -1.785980e+03  
   50500  2.94801205  6.49155983    1109  -1.785994e+03  
   50600  2.94791853  6.49146763    1109  -1.785995e+03  
   50700  2.94777115  6.49118447    1109  -1.785992e+03  
   50800  2.94745798  6.49065368    1109  -1.785995e+03  
   50900  2.94708070  6.48978726    1109  -1.786021e+03  
   51000  2.94648322  6.48902847    1109  -1.786030e+03  
   51100  2.94615112  6.48836043    1109  -1.786040e+03  
   51200  2.94615896  6.48786181    1109  -1.786068e+03  
   51300  2.94664235  6.48751481    1109  -1.786109e+03  
   51400  2.94736554  6.48762773    1109  -1.786147e+03  
   51500  2.94811977  6.48788003    1109  -1.786186e+03  
   51600  2.94868666  6.48851496    1109  -1.786193e+03  
   51700  2.94889719  6.48885646    1109  -1.786178e+03  
   51800  2.94897557  6.48915151    1109  -1.786156e+03  
   51900  2.94891227  6.48930837    1109  -1.786143e+03  
   52000  2.94886268  6.48939772    1109  -1.786152e+03  
   52100  2.94872322  6.48930764    1109  -1.786159e+03  
   52200  2.94837493  6.48911808    1109  -1.786161e+03  
   52300  2.94820342  6.48888624    1109  -1.786164e+03  
   52400  2.94805208  6.48867136    1109  -1.786149e+03  
   52500  2.94782487  6.48813280    1109  -1.786166e+03  
   52600  2.94765547  6.48782506    1109  -1.786178e+03  
   52700  2.94768607  6.48770113    1109  -1.786180e+03  
   52800  2.94780388  6.48735251    1109  -1.786201e+03  
   52900  2.94811046  6.48683548    1109  -1.786245e+03  
   53000  2.94855811  6.48714492    1109  -1.786272e+03  
   53100  2.94895348  6.48772163    1109  -1.786272e+03  
   53200  2.94906196  6.48797687    1109  -1.786264e+03  
   53300  2.94887250  6.48797898    1109  -1.786249e+03  
   53400  2.94854411  6.48806370    1109  -1.786231e+03  
   53500  2.94833080  6.48804430    1109  -1.786221e+03  
   53600  2.94815541  6.48817807    1109  -1.786201e+03  
   53700  2.94802944  6.48853505    1109  -1.786174e+03  
   53800  2.94792164  6.48896742    1109  -1.786150e+03  
   53900  2.94781238  6.48935500    1109  -1.786142e+03  
   54000  2.94780620  6.48974558    1109  -1.786125e+03  
   54100  2.94798510  6.49016410    1109  -1.786117e+03  
   54200  2.94807557  6.49024157    1109  -1.786110e+03  
   54300  2.94811278  6.49008584    1109  -1.786114e+03  
   54400  2.94800957  6.49016080    1109  -1.786103e+03  
   54500  2.94799253  6.49045235    1109  -1.786083e+03  
   54600  2.94805961  6.49094756    1109  -1.786064e+03  
   54700  2.94808243  6.49137089    1109  -1.786051e+03  
   54800  2.94803613  6.49176989    1109  -1.786029e+03  
   54900  2.94795919  6.49212184    1109  -1.786002e+03  
   55000  2.94782885  6.49235612    1109  -1.785975e+03  
   55100  2.94780419  6.49246963    1109  -1.785965e+03  
   55200  2.94791252  6.49250674    1109  -1.785960e+03  
   55300  2.94828405  6.49286650    1109  -1.785958e+03  
   55400  2.94864154  6.49311842    1109  -1.785962e+03  
   55500  2.94892646  6.49353727    1109  -1.785953e+03  
   55600  2.94894875  6.49419443    1109  -1.785917e+03  
   55700  2.94872945  6.49437643    1109  -1.785885e+03  
   55800  2.94841322  6.49418929    1109  -1.785863e+03  
   55900  2.94831807  6.49427860    1109  -1.785858e+03  
   56000  2.94806300  6.49373423    1109  -1.785878e+03  
   56100  2.94777850  6.49303012    1109  -1.785894e+03  
   56200  2.94769785  6.49249889    1109  -1.785917e+03  
   56300  2.94788247  6.49234780    1109  -1.785947e+03  
   56400  2.94816813  6.49242564    1109  -1.785965e+03  
   56500  2.94834533  6.49238854    1109  -1.785972e+03  
   56600  2.94834814  6.49215997    1109  -1.785977e+03  
   56700  2.94856037  6.49194991    1109  -1.785997e+03  
   56800  2.94856344  6.49136930    1109  -1.786031e+03  
   56900  2.94844254  6.49044200    1109  -1.786075e+03  
   57000  2.94849725  6.48974322    1109  -1.786118e+03  
   57100  2.94861381  6.48914736    1109  -1.786159e+03  
   57200  2.94851479  6.48823496    1109  -1.786195e+03  
   57300  2.94846666  6.48742436    1109  -1.786236e+03  
   57400  2.94822557  6.48677715    1109  -1.786253e+03  
   57500  2.94806168  6.48656748    1109  -1.786256e+03  
   57600  2.94780982  6.48673177    1109  -1.786225e+03  
   57700  2.94748747  6.48668850    1109  -1.786197e+03  
   57800  2.94734142  6.48696383    1109  -1.786184e+03  
   57900  2.94724155  6.48760921    1109  -1.786156e+03  
   58000  2.94701587  6.48800319    1109  -1.786125e+03  
   58100  2.94686313  6.48838132    1109  -1.786095e+03  
   58200  2.94679536  6.48867986    1109  -1.786066e+03  
   58300  2.94694037  6.48923375    1109  -1.786039e+03  
   58400  2.94703732  6.48946546    1109  -1.786029e+03  
   58500  2.94708644  6.48954111    1109  -1.786027e+03  
   58600  2.94714389  6.48959690    1109  -1.786034e+03  
   58700  2.94739524  6.48994668    1109  -1.786033e+03  
   58800  2.94782542  6.49057457    1109  -1.786033e+03  
   58900  2.94790156  6.49106158    1109  -1.786023e+03  
   59000  2.94793346  6.49086533    1109  -1.786032e+03  
   59100  2.94792109  6.49069208    1109  -1.786034e+03  
   59200  2.94775157  6.49067222    1109  -1.786025e+03  
   59300  2.94768838  6.49033006    1109  -1.786046e+03  
   59400  2.94748114  6.48984045    1109  -1.786062e+03  
   59500  2.94736200  6.48945353    1109  -1.786076e+03  
   59600  2.94730104  6.48950916    1109  -1.786059e+03  
   59700  2.94739725  6.48997469    1109  -1.786031e+03  
   59800  2.94756403  6.49051735    1109  -1.786014e+03  
   59900  2.94776054  6.49102908    1109  -1.786004e+03  
   60000  2.94785451  6.49123288    1109  -1.786001e+03  
   60100  2.94778356  6.49134322    1109  -1.785993e+03  
   60200  2.94758747  6.49180094    1109  -1.785967e+03  
   60300  2.94732477  6.49221375    1109  -1.785941e+03  
   60400  2.94730331  6.49277906    1109  -1.785910e+03  
   60500  2.94752230  6.49331954    1109  -1.785883e+03  
   60600  2.94766723  6.49389879    1109  -1.785853e+03  
   60700  2.94745827  6.49396358    1109  -1.785833e+03  
   60800  2.94726298  6.49424474    1109  -1.785803e+03  
   60900  2.94687833  6.49414482    1109  -1.785792e+03  
   61000  2.94635447  6.49384443    1109  -1.785776e+03  
   61100  2.94588892  6.49318107    1109  -1.785797e+03  
   61200  2.94551267  6.49229820    1109  -1.785834e+03  
   61300  2.94526858  6.49161461    1109  -1.785856e+03  
   61400  2.94506717  6.49110816    1109  -1.785870e+03  
   61500  2.94522415  6.49019146    1109  -1.785918e+03  
   61600  2.94587651  6.48969891    1109  -1.785979e+03  
   61700  2.94651737  6.48958882    1109  -1.786027e+03  
   61800  2.94682990  6.48913094    1109  -1.786075e+03  
   61900  2.94713236  6.48834150    1109  -1.786131e+03  
   62000  2.94737152  6.48743660    1109  -1.786176e+03  
   62100  2.94759265  6.48639702    1109  -1.786226e+03  
   62200  2.94773721  6.48543798    1109  -1.786278e+03  
   62300  2.94778214  6.48545460    1109  -1.786287e+03  
   62400  2.94778524  6.48603711    1109  -1.786267e+03  
   62500  2.94818647  6.48710659    1109  -1.786238e+03  
   62600  2.94892346  6.48850351    1109  -1.786204e+03  
   62700  2.94948102  6.48962130    1109  -1.786174e+03  
   62800  2.94964416  6.48987487    1109  -1.786166e+03  
   62900  2.94960134  6.48966660    1109  -1.786161e+03  
   63000  2.94934926  6.48971199    1109  -1.786145e+03  
   63100  2.94901085  6.48941659    1109  -1.786147e+03  
   63200  2.94851950  6.48864433    1109  -1.786161e+03  
   63300  2.94806238  6.48817217    1109  -1.786155e+03  
   63400  2.94755527  6.48750517    1109  -1.786156e+03  
   63500  2.94717838  6.48712683    1109  -1.786158e+03  
   63600  2.94693355  6.48736938    1109  -1.786144e+03  
   63700  2.94685459  6.48785244    1109  -1.786123e+03  
   63800  2.94699531  6.48847383    1109  -1.786104e+03  
   63900  2.94724979  6.48915917    1109  -1.786092e+03  
   64000  2.94704013  6.48915560    1109  -1.786079e+03  
   64100  2.94677705  6.48876291    1109  -1.786078e+03  
   64200  2.94638760  6.48835268    1109  -1.786069e+03  
   64300  2.94625000  6.48841627    1109  -1.786060e+03  
   64400  2.94652546  6.48859718    1109  -1.786071e+03  
   64500  2.94665099  6.48891793    1109  -1.786071e+03  
   64600  2.94680491  6.48938467    1109  -1.786060e+03  
   64700  2.94706189  6.48986209    1109  -1.786045e+03  
   64800  2.94737518  6.49074283    1109  -1.786014e+03  
   64900  2.94761579  6.49158655    1109  -1.785982e+03  
   65000  2.94789709  6.49213709    1109  -1.785972e+03  
   65100  2.94840983  6.49238609    1109  -1.785986e+03  
   65200  2.94907372  6.49243978    1109  -1.786025e+03  
   65300  2.94933731  6.49182604    1109  -1.786074e+03  
   65400  2.94939253  6.49132783    1109  -1.786101e+03  
   65500  2.94939398  6.49127318    1109  -1.786096e+03  
   65600  2.94929688  6.49144461    1109  -1.786086e+03  
   65700  2.94914318  6.49146297    1109  -1.786073e+03  
   65800  2.94899023  6.49129778    1109  -1.786062e+03  
   65900  2.94869692  6.49127426    1109  -1.786051e+03  
   66000  2.94825066  6.49115532    1109  -1.786034e+03  
   66100  2.94775937  6.49110679    1109  -1.786015e+03  
   66200  2.94732249  6.49093891    1109  -1.786013e+03  
   66300  2.94677825  6.49030136    1109  -1.786018e+03  
   66400  2.94629560  6.48969778    1109  -1.786028e+03  
   66500  2.94635497  6.48896694    1109  -1.786078e+03  
   66600  2.94701244  6.48824078    1109  -1.786154e+03  
   66700  2.94778150  6.48778818    1109  -1.786214e+03  
   66800  2.94828505  6.48711922    1109  -1.786257e+03  
   66900  2.94861158  6.48632894    1109  -1.786304e+03  
   67000  2.94889372  6.48638859    1109  -1.786318e+03  
   67100  2.94915496  6.48650061    1109  -1.786314e+03  
   67200  2.94917192  6.48651492    1109  -1.786313e+03  
   67300  2.94894741  6.48632252    1109  -1.786322e+03  
   67400  2.94855775  6.48612914    1109  -1.786326e+03  
   67500  2.94823024  6.48603621    1109  -1.786319e+03  
   67600  2.94793374  6.48523153    1109  -1.786337e+03  
   67700  2.94800754  6.48502378    1109  -1.786341e+03  
   67800  2.94791374  6.48498654    1109  -1.786327e+03  
   67900  2.94773796  6.48502940    1109  -1.786314e+03  
   68000  2.94782691  6.48549802    1109  -1.786301e+03  
   68100  2.94800793  6.48596188    1109  -1.786287e+03  
   68200  2.94806371  6.48619537    1109  -1.786270e+03  
   68300  2.94810957  6.48692222    1109  -1.786229e+03  
   68400  2.94806397  6.48800072    1109  -1.786181e+03  
   68500  2.94800855  6.48857365    1109  -1.786149e+03  
   68600  2.94796253  6.48903350    1109  -1.786126e+03  
   68700  2.94799317  6.48921248    1109  -1.786118e+03  
   68800  2.94820959  6.48950849    1109  -1.786117e+03  
   68900  2.94842792  6.48967546    1109  -1.786124e+03  
   69000  2.94869986  6.49010553    1109  -1.786113e+03  
   69100  2.94871994  6.49048802    1109  -1.786097e+03  
   69200  2.94855303  6.49063490    1109  -1.786089e+03  
   69300  2.94828383  6.49069912    1109  -1.786076e+03  
   69400  2.94826169  6.49108182    1109  -1.786051e+03  
   69500  2.94829085  6.49181156    1109  -1.786010e+03  
   69600  2.94802045  6.49199186    1109  -1.785988e+03  
   69700  2.94757869  6.49188558    1109  -1.785962e+03  
   69800  2.94731756  6.49204456    1109  -1.785924e+03  
   69900  2.94719181  6.49227584    1109  -1.785894e+03  
   70000  2.94697806  6.49190548    1109  -1.785903e+03  
   70100  2.94684662  6.49200826    1109  -1.785896e+03  
   70200  2.94660609  6.49265398    1109  -1.785856e+03  
   70300  2.94644034  6.49301170    1109  -1.785836e+03  
   70400  2.94663360  6.49305185    1109  -1.785847e+03  
   70500  2.94687431  6.49284854    1109  -1.785860e+03  
   70600  2.94699584  6.49271625    1109  -1.785864e+03  
   70700  2.94714884  6.49294918    1109  -1.785858e+03  
   70800  2.94725604  6.49293148    1109  -1.785867e+03  
   70900  2.94716169  6.49285002    1109  -1.785872e+03  
   71000  2.94682319  6.49249751    1109  -1.785865e+03  
   71100  2.94632513  6.49166248    1109  -1.785885e+03  
   71200  2.94579472  6.49062081    1109  -1.785901e+03  
   71300  2.94567411  6.48989059    1109  -1.785937e+03  
   71400  2.94586097  6.48921908    1109  -1.785999e+03  
   71500  2.94632833  6.48857354    1109  -1.786063e+03  
   71600  2.94710914  6.48802475    1109  -1.786132e+03  
   71700  2.94779343  6.48741265    1109  -1.786200e+03  
   71800  2.94827050  6.48706255    1109  -1.786238e+03  
   71900  2.94852890  6.48699599    1109  -1.786257e+03  
   72000  2.94862316  6.48691438    1109  -1.786281e+03  
   72100  2.94875066  6.48660541    1109  -1.786296e+03  
   72200  2.94899086  6.48607291    1109  -1.786322e+03  
   72300  2.94909116  6.48550141    1109  -1.786358e+03  
   72400  2.94903994  6.48536847    1109  -1.786367e+03  
   72500  2.94882532  6.48536290    1109  -1.786352e+03  
   72600  2.94842944  6.48536572    1109  -1.786323e+03  
   72700  2.94802801  6.48569292    1109  -1.786281e+03  
   72800  2.94768297  6.48598313    1109  -1.786239e+03  
   72900  2.94732004  6.48590768    1109  -1.786219e+03  
   73000  2.94715977  6.48604682    1109  -1.786220e+03  
   73100  2.94730209  6.48663751    1109  -1.786218e+03  
   73200  2.94756666  6.48707147    1109  -1.786211e+03  
   73300  2.94815639  6.48714929    1109  -1.786236e+03  
   73400  2.94875056  6.48669056    1109  -1.786287e+03  
   73500  2.94910583  6.48680070    1109  -1.786307e+03  
   73600  2.94931529  6.48685910    1109  -1.786325e+03  
   73700  2.94918519  6.48698817    1109  -1.786307e+03  
   73800  2.94880004  6.48731272    1109  -1.786262e+03  
   73900  2.94837742  6.48769826    1109  -1.786210e+03  
   74000  2.94811396  6.48830370    1109  -1.786160e+03  
   74100  2.94798345  6.48896269    1109  -1.786121e+03  
   74200  2.94787180  6.48967828    1109  -1.786081e+03  
   74300  2.94776808  6.48948815    1109  -1.786076e+03  
   74400  2.94773522  6.48953063    1109  -1.786065e+03  
   74500  2.94772327  6.49000670    1109  -1.786038e+03  
   74600  2.94767237  6.49052249    1109  -1.786010e+03  
   74700  2.94769360  6.49132531    1109  -1.785975e+03  
   74800  2.94775457  6.49220663    1109  -1.785928e+03  
   74900  2.94753595  6.49251594    1109  -1.785898e+03  
   75000  2.94747622  6.49292769    1109  -1.785883e+03  
   75100  2.94742287  6.49268240    1109  -1.785903e+03  
   75200  2.94738263  6.49236259    1109  -1.785919e+03  
   75300  2.94726344  6.49180979    1109  -1.785933e+03  
   75400  2.94729483  6.49186929    1109  -1.785924e+03  
   75500  2.94738676  6.49242904    1109  -1.785902e+03  
   75600  2.94753480  6.49251035    1109  -1.785905e+03  
   75700  2.94807619  6.49307448    1109  -1.785908e+03  
   75800  2.94853920  6.49376898    1109  -1.785887e+03  
   75900  2.94867377  6.49392614    1109  -1.785880e+03  
   76000  2.94860506  6.49399372    1109  -1.785876e+03  
   76100  2.94842095  6.49363720    1109  -1.785882e+03  
   76200  2.94824315  6.49356194    1109  -1.785881e+03  
   76300  2.94799766  6.49371812    1109  -1.785863e+03  
   76400  2.94760380  6.49322209    1109  -1.785853e+03  
   76500  2.94741937  6.49307844    1109  -1.785847e+03  
   76600  2.94735439  6.49301737    1109  -1.785867e+03  
   76700  2.94726488  6.49269998    1109  -1.785901e+03  
   76800  2.94736021  6.49215909    1109  -1.785955e+03  
   76900  2.94760554  6.49156125    1109  -1.786005e+03  
   77000  2.94800583  6.49113187    1109  -1.786041e+03  
   77100  2.94813227  6.48976004    1109  -1.786103e+03  
   77200  2.94798325  6.48834088    1109  -1.786168e+03  
   77300  2.94752016  6.48714409    1109  -1.786197e+03  
   77400  2.94725913  6.48680289    1109  -1.786210e+03  
   77500  2.94727192  6.48649599    1109  -1.786227e+03  
   77600  2.94770661  6.48652452    1109  -1.786262e+03  
   77700  2.94815818  6.48627514    1109  -1.786308e+03  
   77800  2.94879820  6.48615306    1109  -1.786348e+03  
   77900  2.94930636  6.48593853    1109  -1.786383e+03  
   78000  2.94955816  6.48600813    1109  -1.786393e+03  
   78100  2.94959636  6.48654705    1109  -1.786362e+03  
   78200  2.94936345  6.48701340    1109  -1.786309e+03  
   78300  2.94898876  6.48683540    1109  -1.786279e+03  
   78400  2.94851573  6.48617778    1109  -1.786275e+03  
   78500  2.94813869  6.48561888    1109  -1.786292e+03  
   78600  2.94779161  6.48506729    1109  -1.786300e+03  
   78700  2.94760675  6.48520852    1109  -1.786278e+03  
   78800  2.94747680  6.48590577    1109  -1.786242e+03  
   78900  2.94734267  6.48657057    1109  -1.786206e+03  
   79000  2.94717066  6.48695615    1109  -1.786178e+03  
   79100  2.94707341  6.48742151    1109  -1.786155e+03  
   79200  2.94709243  6.48772371    1109  -1.786134e+03  
   79300  2.94704614  6.48771597    1109  -1.786119e+03  
   79400  2.94702192  6.48774547    1109  -1.786111e+03  
   79500  2.94720584  6.48817289    1109  -1.786105e+03  
   79600  2.94731457  6.48833044    1109  -1.786109e+03  
   79700  2.94737959  6.48836006    1109  -1.786116e+03  
   79800  2.94761932  6.48870517    1109  -1.786113e+03  
   79900  2.94797300  6.48907417    1109  -1.786110e+03  
   80000  2.94831113  6.48880398    1109  -1.786142e+03  
   80100  2.94843449  6.48857906    1109  -1.786160e+03  
   80200  2.94857270  6.48822996    1109  -1.786189e+03  
   80300  2.94877623  6.48817641    1109  -1.786203e+03  
   80400  2.94886580  6.48820934    1109  -1.786203e+03  
   80500  2.94893288  6.48827801    1109  -1.786209e+03  
   80600  2.94908728  6.48864574    1109  -1.786218e+03  
   80700  2.94923634  6.48886090    1109  -1.786219e+03  
   80800  2.94934068  6.48880796    1109  -1.786215e+03  
   80900  2.94945654  6.48844056    1109  -1.786234e+03  
   81000  2.94951123  6.48843728    1109  -1.786237e+03  
   81100  2.94961898  6.48856843    1109  -1.786227e+03  
   81200  2.94965769  6.48891926    1109  -1.786208e+03  
   81300  2.94968021  6.48974238    1109  -1.786173e+03  
   81400  2.94968570  6.49085207    1109  -1.786124e+03  
   81500  2.94974154  6.49187456    1109  -1.786076e+03  
   81600  2.94933735  6.49242203    1109  -1.786017e+03  
   81700  2.94884551  6.49249726    1109  -1.785979e+03  
   81800  2.94851393  6.49247940    1109  -1.785975e+03  
   81900  2.94829441  6.49266344    1109  -1.785962e+03  
   82000  2.94818647  6.49240310    1109  -1.785976e+03  
   82100  2.94795290  6.49162393    1109  -1.785997e+03  
   82200  2.94755021  6.49070901    1109  -1.786014e+03  
   82300  2.94721667  6.48992662    1109  -1.786030e+03  
   82400  2.94715932  6.48969706    1109  -1.786050e+03  
   82500  2.94710322  6.48927767    1109  -1.786076e+03  
   82600  2.94696031  6.48781734    1109  -1.786152e+03  
   82700  2.94701612  6.48670260    1109  -1.786222e+03  
   82800  2.94730464  6.48628646    1109  -1.786259e+03  
   82900  2.94775417  6.48623672    1109  -1.786282e+03  
   83000  2.94831255  6.48658767    1109  -1.786298e+03  
   83100  2.94873023  6.48637896    1109  -1.786333e+03  
   83200  2.94901975  6.48598208    1109  -1.786378e+03  
   83300  2.94919159  6.48583112    1109  -1.786400e+03  
   83400  2.94921634  6.48579749    1109  -1.786401e+03  
   83500  2.94903230  6.48548267    1109  -1.786392e+03  
   83600  2.94885834  6.48538499    1109  -1.786390e+03  
   83700  2.94865968  6.48540698    1109  -1.786387e+03  
   83800  2.94853172  6.48531834    1109  -1.786376e+03  
   83900  2.94862021  6.48542896    1109  -1.786365e+03  
   84000  2.94870902  6.48580278    1109  -1.786346e+03  
   84100  2.94862715  6.48630692    1109  -1.786312e+03  
   84200  2.94870621  6.48684516    1109  -1.786288e+03  
   84300  2.94875354  6.48707144    1109  -1.786277e+03  
   84400  2.94890347  6.48758362    1109  -1.786267e+03  
   84500  2.94877675  6.48797097    1109  -1.786240e+03  
   84600  2.94834994  6.48816264    1109  -1.786202e+03  
   84700  2.94801293  6.48785232    1109  -1.786201e+03  
   84800  2.94796049  6.48747559    1109  -1.786214e+03  
   84900  2.94797690  6.48743743    1109  -1.786206e+03  
   85000  2.94791819  6.48755529    1109  -1.786198e+03  
   85100  2.94797073  6.48828813    1109  -1.786177e+03  
   85200  2.94797247  6.48896245    1109  -1.786140e+03  
   85300  2.94817581  6.48962444    1109  -1.786110e+03  
   85400  2.94859413  6.49081834    1109  -1.786066e+03  
   85500  2.94913276  6.49146942    1109  -1.786062e+03  
   85600  2.94943156  6.49180327    1109  -1.786060e+03  
   85700  2.94943568  6.49162534    1109  -1.786082e+03  
   85800  2.94920679  6.49065278    1109  -1.786126e+03  
   85900  2.94873472  6.48949628    1109  -1.786161e+03  
   86000  2.94815191  6.48835487    1109  -1.786190e+03  
   86100  2.94755040  6.48724261    1109  -1.786206e+03  
   86200  2.94713701  6.48675226    1109  -1.786205e+03  
   86300  2.94717258  6.48680568    1109  -1.786194e+03  
   86400  2.94748011  6.48711319    1109  -1.786188e+03  
   86500  2.94772204  6.48748321    1109  -1.786182e+03  
   86600  2.94785754  6.48728454    1109  -1.786207e+03  
   86700  2.94767687  6.48693411    1109  -1.786214e+03  
   86800  2.94734229  6.48648854    1109  -1.786223e+03  
   86900  2.94690807  6.48568800    1109  -1.786232e+03  
   87000  2.94631183  6.48479057    1109  -1.786236e+03  
   87100  2.94618023  6.48485625    1109  -1.786231e+03  
   87200  2.94668210  6.48578424    1109  -1.786219e+03  
   87300  2.94718480  6.48679400    1109  -1.786197e+03  
   87400  2.94729189  6.48737436    1109  -1.786167e+03  
   87500  2.94722977  6.48806045    1109  -1.786123e+03  
   87600  2.94721566  6.48901459    1109  -1.786070e+03  
   87700  2.94722598  6.48949961    1109  -1.786039e+03  
   87800  2.94719694  6.48954110    1109  -1.786033e+03  
   87900  2.94719271  6.48946024    1109  -1.786041e+03  
   88000  2.94744892  6.48913938    1109  -1.786081e+03  
   88100  2.94816870  6.48903552    1109  -1.786131e+03  
   88200  2.94867510  6.48846906    1109  -1.786181e+03  
   88300  2.94899083  6.48771397    1109  -1.786231e+03  
   88400  2.94932565  6.48708767    1109  -1.786283e+03  
   88500  2.94948557  6.48624698    1109  -1.786335e+03  
   88600  2.94952613  6.48560760    1109  -1.786370e+03  
   88700  2.94949111  6.48509952    1109  -1.786392e+03  
   88800  2.94930634  6.48436131    1109  -1.786418e+03  
   88900  2.94903296  6.48376028    1109  -1.786438e+03  
   89000  2.94884591  6.48341660    1109  -1.786456e+03  
   89100  2.94898053  6.48359697    1109  -1.786466e+03  
   89200  2.94925595  6.48401559    1109  -1.786467e+03  
   89300  2.94918512  6.48458567    1109  -1.786440e+03  
   89400  2.94896264  6.48476466    1109  -1.786420e+03  
   89500  2.94876740  6.48538261    1109  -1.786371e+03  
   89600  2.94869977  6.48640268    1109  -1.786309e+03  
   89700  2.94852464  6.48734587    1109  -1.786250e+03  
   89800  2.94820259  6.48806439    1109  -1.786190e+03  
   89900  2.94800014  6.48870660    1109  -1.786141e+03  
   90000  2.94754535  6.48918289    1109  -1.786092e+03  
   90100  2.94713843  6.48977696    1109  -1.786052e+03  
   90200  2.94705597  6.49034670    1109  -1.786029e+03  
   90300  2.94713248  6.49077888    1109  -1.786010e+03  
   90400  2.94737092  6.49114097    1109  -1.786008e+03  
   90500  2.94775983  6.49176280    1109  -1.786002e+03  
   90600  2.94815879  6.49199743    1109  -1.785999e+03  
   90700  2.94843504  6.49196763    1109  -1.785997e+03  
   90800  2.94863722  6.49196814    1109  -1.786012e+03  
   90900  2.94841389  6.49174032    1109  -1.786014e+03  
   91000  2.94810440  6.49136430    1109  -1.786008e+03  
   91100  2.94795948  6.49073735    1109  -1.786035e+03  
   91200  2.94799698  6.49015266    1109  -1.786079e+03  
   91300  2.94798395  6.48939960    1109  -1.786124e+03  
   91400  2.94770032  6.48831684    1109  -1.786155e+03  
   91500  2.94748481  6.48775259    1109  -1.786161e+03  
   91600  2.94715393  6.48725328    1109  -1.786167e+03  
   91700  2.94677369  6.48660848    1109  -1.786189e+03  
   91800  2.94667462  6.48687696    1109  -1.786183e+03  
   91900  2.94677174  6.48722491    1109  -1.786176e+03  
   92000  2.94704035  6.48746976    1109  -1.786171e+03  
   92100  2.94717399  6.48776773    1109  -1.786158e+03  
   92200  2.94728190  6.48792411    1109  -1.786154e+03  
   92300  2.94737580  6.48770905    1109  -1.786165e+03  
   92400  2.94751817  6.48781551    1109  -1.786161e+03  
   92500  2.94759027  6.48829738    1109  -1.786140e+03  
   92600  2.94773520  6.48881128    1109  -1.786126e+03  
   92700  2.94784267  6.48921834    1109  -1.786106e+03  
   92800  2.94786022  6.48947995    1109  -1.786095e+03  
   92900  2.94790685  6.48928529    1109  -1.786106e+03  
   93000  2.94781263  6.48887990    1109  -1.786112e+03  
   93100  2.94758101  6.48859559    1109  -1.786117e+03  
   93200  2.94748935  6.48868120    1109  -1.786113e+03  
   93300  2.94760310  6.48880164    1109  -1.786109e+03  
   93400  2.94803032  6.48884878    1109  -1.786108e+03  
   93500  2.94835706  6.48875382    1109  -1.786129e+03  
   93600  2.94836567  6.48864060    1109  -1.786144e+03  
   93700  2.94799613  6.48860308    1109  -1.786138e+03  
   93800  2.94769310  6.48838256    1109  -1.786148e+03  
   93900  2.94773686  6.48807038    1109  -1.786167e+03  
   94000  2.94797918  6.48774466    1109  -1.786186e+03  
   94100  2.94800827  6.48730135    1109  -1.786206e+03  
   94200  2.94806367  6.48753906    1109  -1.786221e+03  
   94300  2.94808667  6.48794733    1109  -1.786217e+03  
   94400  2.94809002  6.48805074    1109  -1.786210e+03  
   94500  2.94803256  6.48784926    1109  -1.786215e+03  
   94600  2.94786246  6.48834677    1109  -1.786186e+03  
   94700  2.94776748  6.48883176    1109  -1.786146e+03  
   94800  2.94786252  6.48922665    1109  -1.786129e+03  
   94900  2.94797408  6.48925083    1109  -1.786133e+03  
   95000  2.94769493  6.48890582    1109  -1.786137e+03  
   95100  2.94751065  6.48880555    1109  -1.786130e+03  
   95200  2.94723087  6.48859249    1109  -1.786113e+03  
   95300  2.94696930  6.48833941    1109  -1.786107e+03  
   95400  2.94681036  6.48784006    1109  -1.786122e+03  
   95500  2.94672490  6.48703210    1109  -1.786148e+03  
   95600  2.94661282  6.48664537    1109  -1.786164e+03  
   95700  2.94666181  6.48619631    1109  -1.786181e+03  
   95800  2.94676761  6.48569132    1109  -1.786200e+03  
   95900  2.94724526  6.48555456    1109  -1.786227e+03  
   96000  2.94784222  6.48634767    1109  -1.786219e+03  
   96100  2.94826002  6.48685115    1109  -1.786232e+03  
   96200  2.94833831  6.48676100    1109  -1.786253e+03  
   96300  2.94820874  6.48628951    1109  -1.786283e+03  
   96400  2.94811006  6.48564589    1109  -1.786322e+03  
   96500  2.94820713  6.48493086    1109  -1.786355e+03  
   96600  2.94829465  6.48460472    1109  -1.786368e+03  
   96700  2.94830505  6.48455806    1109  -1.786365e+03  
   96800  2.94835141  6.48491220    1109  -1.786343e+03  
   96900  2.94821441  6.48522343    1109  -1.786324e+03  
   97000  2.94799436  6.48543365    1109  -1.786297e+03  
   97100  2.94804971  6.48582162    1109  -1.786279e+03  
   97200  2.94823507  6.48635820    1109  -1.786268e+03  
   97300  2.94825503  6.48669541    1109  -1.786266e+03  
   97400  2.94827719  6.48711026    1109  -1.786249e+03  
   97500  2.94816861  6.48734351    1109  -1.786226e+03  
   97600  2.94780720  6.48743359    1109  -1.786201e+03  
   97700  2.94745885  6.48783843    1109  -1.786162e+03  
   97800  2.94753627  6.48827788    1109  -1.786149e+03  
   97900  2.94763084  6.48824374    1109  -1.786164e+03  
   98000  2.94785096  6.48774224    1109  -1.786197e+03  
   98100  2.94821262  6.48736443    1109  -1.786240e+03  
   98200  2.94841309  6.48746107    1109  -1.786259e+03  
   98300  2.94816335  6.48707605    1109  -1.786270e+03  
   98400  2.94779391  6.48573133    1109  -1.786303e+03  
   98500  2.94733837  6.48445269    1109  -1.786334e+03  
   98600  2.94720502  6.48361427    1109  -1.786373e+03  
   98700  2.94762037  6.48330092    1109  -1.786421e+03  
   98800  2.94829076  6.48353516    1109  -1.786459e+03  
   98900  2.94900006  6.48411742    1109  -1.786472e+03  
   99000  2.94972022  6.48518648    1109  -1.786451e+03  
   99100  2.95044953  6.48629320    1109  -1.786424e+03  
   99200  2.95070451  6.48710915    1109  -1.786380e+03  
   99300  2.95049679  6.48760616    1109  -1.786337e+03  
   99400  2.95011874  6.48827622    1109  -1.786285e+03  
   99500  2.94966093  6.48859166    1109  -1.786243e+03  
   99600  2.94931750  6.48893540    1109  -1.786193e+03  
   99700  2.94894144  6.48915860    1109  -1.786148e+03  
   99800  2.94846029  6.48946407    1109  -1.786125e+03  
   99900  2.94816392  6.48968987    1109  -1.786126e+03  
  100000  2.94811842  6.48951103    1109  -1.786148e+03  
