# Log file : sphere.log
# Generated on : 2022-Apr-22 14:23:50
# (1) step (2) polar_align (3) soft_energy (4) velocity 
       0  1.691426e+02  6.919391e+02  1.000000e+00  
     100  1.266938e+02  6.561602e+02  9.996367e-03  
     200  7.032686e+01  6.213564e+02  9.997275e-03  
     300  1.584703e+01  5.879059e+02  9.987736e-03  
     400  -3.042321e+01  5.557877e+02  9.974037e-03  
     500  -7.742415e+01  5.249871e+02  9.983129e-03  
     600  -1.476824e+02  4.954869e+02  9.987210e-03  
     700  -1.915946e+02  4.672651e+02  9.982890e-03  
     800  -2.397607e+02  4.402866e+02  9.977677e-03  
     900  -3.082846e+02  4.145155e+02  9.979134e-03  
    1000  -3.692988e+02  3.899082e+02  9.985817e-03  
    1100  -4.207738e+02  3.664319e+02  9.981334e-03  
    1200  -4.782256e+02  3.440671e+02  9.951399e-03  
    1300  -5.218059e+02  3.227746e+02  9.943924e-03  
    1400  -5.712368e+02  3.024874e+02  9.955934e-03  
    1500  -6.319394e+02  2.831666e+02  9.952638e-03  
    1600  -6.812738e+02  2.647871e+02  9.920299e-03  
    1700  -7.554070e+02  2.473256e+02  9.920269e-03  
    1800  -8.176910e+02  2.307590e+02  9.919974e-03  
    1900  -8.837918e+02  2.150664e+02  9.921588e-03  
    2000  -9.429526e+02  2.002171e+02  9.913356e-03  
    2100  -1.011603e+03  1.861724e+02  9.906919e-03  
    2200  -1.091090e+03  1.729130e+02  9.895829e-03  
    2300  -1.143631e+03  1.604178e+02  9.882581e-03  
    2400  -1.213474e+03  1.486477e+02  9.891787e-03  
    2500  -1.284904e+03  1.375740e+02  9.891634e-03  
    2600  -1.356459e+03  1.271727e+02  9.862855e-03  
    2700  -1.435181e+03  1.174141e+02  9.849746e-03  
    2800  -1.521486e+03  1.082606e+02  9.839751e-03  
    2900  -1.594995e+03  9.969017e+01  9.822687e-03  
    3000  -1.668283e+03  9.168060e+01  9.787802e-03  
    3100  -1.759292e+03  8.421909e+01  9.771185e-03  
    3200  -1.837858e+03  7.729342e+01  9.793452e-03  
    3300  -1.927373e+03  7.087115e+01  9.798967e-03  
    3400  -2.007580e+03  6.492130e+01  9.740278e-03  
    3500  -2.075967e+03  5.939702e+01  9.742087e-03  
    3600  -2.158349e+03  5.426302e+01  9.713758e-03  
    3700  -2.241075e+03  4.950552e+01  9.695316e-03  
    3800  -2.324714e+03  4.510844e+01  9.696434e-03  
    3900  -2.410485e+03  4.104509e+01  9.664461e-03  
    4000  -2.489213e+03  3.729450e+01  9.650428e-03  
    4100  -2.568946e+03  3.384191e+01  9.635027e-03  
    4200  -2.649791e+03  3.067620e+01  9.563576e-03  
    4300  -2.754438e+03  2.778317e+01  9.575853e-03  
    4400  -2.839863e+03  2.514173e+01  9.559018e-03  
    4500  -2.930401e+03  2.273014e+01  9.510022e-03  
    4600  -3.004837e+03  2.053196e+01  9.491865e-03  
    4700  -3.074805e+03  1.853377e+01  9.479257e-03  
    4800  -3.161910e+03  1.672037e+01  9.445059e-03  
    4900  -3.237427e+03  1.507800e+01  9.433254e-03  
    5000  -3.310196e+03  1.359579e+01  9.363053e-03  
    5100  -3.384151e+03  1.226338e+01  9.365980e-03  
    5200  -3.465425e+03  1.106591e+01  9.291595e-03  
    5300  -3.538304e+03  9.994004e+00  9.261634e-03  
    5400  -3.601414e+03  9.034320e+00  9.230335e-03  
    5500  -3.677925e+03  8.171968e+00  9.244694e-03  
    5600  -3.756008e+03  7.398274e+00  9.202124e-03  
    5700  -3.826182e+03  6.709308e+00  9.138450e-03  
    5800  -3.895490e+03  6.097775e+00  9.123755e-03  
    5900  -3.976420e+03  5.557849e+00  9.100449e-03  
    6000  -4.038374e+03  5.081607e+00  9.045496e-03  
    6100  -4.095726e+03  4.662322e+00  9.018374e-03  
    6200  -4.160535e+03  4.293798e+00  9.000581e-03  
    6300  -4.223358e+03  3.963797e+00  8.930135e-03  
    6400  -4.284785e+03  3.668219e+00  8.881866e-03  
    6500  -4.346010e+03  3.404643e+00  8.869241e-03  
    6600  -4.401438e+03  3.166602e+00  8.863168e-03  
    6700  -4.465822e+03  2.952401e+00  8.829350e-03  
    6800  -4.525380e+03  2.760331e+00  8.788865e-03  
    6900  -4.594360e+03  2.586934e+00  8.770321e-03  
    7000  -4.656974e+03  2.427757e+00  8.701349e-03  
    7100  -4.715274e+03  2.276889e+00  8.697621e-03  
    7200  -4.771227e+03  2.133358e+00  8.658843e-03  
    7300  -4.819222e+03  1.995143e+00  8.624168e-03  
    7400  -4.881929e+03  1.861070e+00  8.590017e-03  
    7500  -4.926405e+03  1.731290e+00  8.567143e-03  
    7600  -4.975182e+03  1.606122e+00  8.520701e-03  
    7700  -5.022473e+03  1.484927e+00  8.510981e-03  
    7800  -5.061587e+03  1.367571e+00  8.487698e-03  
    7900  -5.114793e+03  1.254425e+00  8.467254e-03  
    8000  -5.170816e+03  1.145746e+00  8.425318e-03  
    8100  -5.217446e+03  1.041663e+00  8.392288e-03  
    8200  -5.267690e+03  9.423076e-01  8.368771e-03  
    8300  -5.308442e+03  8.478980e-01  8.350504e-03  
    8400  -5.351425e+03  7.589440e-01  8.300818e-03  
    8500  -5.415747e+03  6.750512e-01  8.247600e-03  
    8600  -5.461907e+03  5.961285e-01  8.233376e-03  
    8700  -5.503603e+03  5.224085e-01  8.213633e-03  
    8800  -5.543068e+03  4.540190e-01  8.188230e-03  
    8900  -5.577326e+03  3.905235e-01  8.171604e-03  
    9000  -5.608030e+03  3.322538e-01  8.135214e-03  
    9100  -5.635188e+03  2.794061e-01  8.062498e-03  
    9200  -5.661757e+03  2.314262e-01  8.088517e-03  
    9300  -5.693133e+03  1.892147e-01  8.080583e-03  
    9400  -5.728274e+03  1.525210e-01  8.025178e-03  
    9500  -5.760541e+03  1.212239e-01  7.927787e-03  
    9600  -5.817839e+03  9.394172e-02  7.969311e-03  
    9700  -5.827151e+03  7.104261e-02  7.959858e-03  
    9800  -5.848467e+03  5.225658e-02  7.928538e-03  
    9900  -5.883568e+03  3.662363e-02  7.914422e-03  
   10000  -5.927668e+03  2.385894e-02  7.885990e-03  
   10100  -8.232758e+03  3.565621e+01  1.375611e+00  
   10200  -8.999027e+03  5.310942e+01  1.448580e+00  
   10300  -9.884878e+03  6.303482e+01  1.479774e+00  
   10400  -1.063349e+04  8.060642e+01  1.555880e+00  
   10500  -1.145817e+04  8.685264e+01  1.635349e+00  
   10600  -1.210819e+04  8.828886e+01  1.608911e+00  
   10700  -1.262560e+04  1.131224e+02  1.706571e+00  
   10800  -1.350332e+04  1.454970e+02  1.689974e+00  
   10900  -1.435987e+04  1.760639e+02  1.733696e+00  
   11000  -1.494826e+04  2.109012e+02  1.773028e+00  
   11100  -1.529030e+04  2.215608e+02  1.859871e+00  
   11200  -1.553727e+04  2.206799e+02  1.884131e+00  
   11300  -1.567413e+04  2.213129e+02  1.896279e+00  
   11400  -1.572901e+04  2.009681e+02  1.825706e+00  
   11500  -1.561925e+04  1.939036e+02  1.914893e+00  
   11600  -1.558382e+04  1.814853e+02  1.823081e+00  
   11700  -1.559224e+04  1.774383e+02  1.852063e+00  
   11800  -1.563186e+04  1.863555e+02  1.900993e+00  
   11900  -1.571341e+04  1.777611e+02  1.783567e+00  
   12000  -1.573308e+04  1.856119e+02  1.919993e+00  
   12100  -1.579746e+04  1.797061e+02  1.852966e+00  
   12200  -1.567415e+04  1.771968e+02  1.862782e+00  
   12300  -1.552280e+04  1.707729e+02  1.882888e+00  
   12400  -1.535542e+04  1.622404e+02  1.834989e+00  
   12500  -1.519631e+04  1.627847e+02  1.896223e+00  
   12600  -1.503308e+04  1.490409e+02  1.779973e+00  
   12700  -1.486866e+04  1.390601e+02  1.795492e+00  
   12800  -1.473756e+04  1.409908e+02  1.877931e+00  
   12900  -1.465738e+04  1.386020e+02  1.855770e+00  
   13000  -1.457252e+04  1.307870e+02  1.797620e+00  
   13100  -1.443474e+04  1.339371e+02  1.815515e+00  
   13200  -1.446793e+04  1.334746e+02  1.777080e+00  
   13300  -1.429206e+04  1.352119e+02  1.831489e+00  
   13400  -1.406935e+04  1.179562e+02  1.727742e+00  
   13500  -1.405746e+04  1.216994e+02  1.806978e+00  
   13600  -1.393512e+04  1.178698e+02  1.807295e+00  
   13700  -1.399823e+04  1.158131e+02  1.743497e+00  
   13800  -1.387908e+04  1.099272e+02  1.747087e+00  
   13900  -1.386469e+04  1.119290e+02  1.742309e+00  
   14000  -1.384233e+04  1.129426e+02  1.785437e+00  
   14100  -1.386320e+04  1.082876e+02  1.694558e+00  
   14200  -1.383477e+04  1.129618e+02  1.774317e+00  
   14300  -1.372549e+04  1.123238e+02  1.702899e+00  
   14400  -1.363652e+04  1.037944e+02  1.748987e+00  
   14500  -1.368018e+04  1.088882e+02  1.726202e+00  
   14600  -1.360592e+04  1.087417e+02  1.746855e+00  
   14700  -1.365128e+04  1.051551e+02  1.793681e+00  
   14800  -1.373458e+04  1.048018e+02  1.714310e+00  
   14900  -1.364159e+04  1.072710e+02  1.790467e+00  
   15000  -1.363080e+04  1.052244e+02  1.765772e+00  
   15100  -1.352028e+04  9.819847e+01  1.714752e+00  
   15200  -1.338935e+04  1.024509e+02  1.726964e+00  
   15300  -1.344879e+04  1.025804e+02  1.769199e+00  
   15400  -1.345702e+04  1.005152e+02  1.686302e+00  
   15500  -1.349300e+04  9.824717e+01  1.735699e+00  
   15600  -1.348161e+04  1.004535e+02  1.716229e+00  
   15700  -1.354063e+04  1.045229e+02  1.734789e+00  
   15800  -1.336831e+04  9.651624e+01  1.695888e+00  
   15900  -1.341450e+04  9.949996e+01  1.720915e+00  
   16000  -1.340703e+04  9.997749e+01  1.773152e+00  
   16100  -1.340690e+04  9.706381e+01  1.754243e+00  
   16200  -1.329781e+04  9.595039e+01  1.700317e+00  
   16300  -1.321253e+04  9.677099e+01  1.701357e+00  
   16400  -1.331384e+04  9.757453e+01  1.742105e+00  
   16500  -1.305089e+04  9.293995e+01  1.739390e+00  
   16600  -1.311211e+04  9.305774e+01  1.741652e+00  
   16700  -1.312102e+04  9.430363e+01  1.687057e+00  
   16800  -1.294638e+04  8.742670e+01  1.645076e+00  
   16900  -1.295632e+04  8.861240e+01  1.665360e+00  
   17000  -1.302415e+04  9.324680e+01  1.754974e+00  
   17100  -1.308431e+04  9.415973e+01  1.745799e+00  
   17200  -1.306358e+04  9.132399e+01  1.745705e+00  
   17300  -1.295187e+04  9.093768e+01  1.672784e+00  
   17400  -1.296440e+04  9.315992e+01  1.707559e+00  
   17500  -1.300535e+04  9.227885e+01  1.730609e+00  
   17600  -1.299226e+04  9.106239e+01  1.746650e+00  
   17700  -1.289580e+04  9.017489e+01  1.709122e+00  
   17800  -1.288520e+04  8.707229e+01  1.681047e+00  
   17900  -1.282574e+04  9.032371e+01  1.744055e+00  
   18000  -1.282469e+04  8.702843e+01  1.711170e+00  
   18100  -1.281867e+04  8.429699e+01  1.665023e+00  
   18200  -1.276262e+04  8.823733e+01  1.730432e+00  
   18300  -1.271150e+04  8.018733e+01  1.653705e+00  
   18400  -1.280677e+04  8.437157e+01  1.662616e+00  
   18500  -1.279421e+04  8.884337e+01  1.696522e+00  
   18600  -1.277345e+04  9.094504e+01  1.728480e+00  
   18700  -1.274526e+04  8.431864e+01  1.713936e+00  
   18800  -1.272531e+04  8.340137e+01  1.689736e+00  
   18900  -1.264243e+04  7.897916e+01  1.603744e+00  
   19000  -1.263062e+04  8.190149e+01  1.679337e+00  
   19100  -1.263585e+04  8.186469e+01  1.690824e+00  
   19200  -1.257895e+04  7.846408e+01  1.662742e+00  
   19300  -1.273423e+04  8.506483e+01  1.673469e+00  
   19400  -1.277430e+04  8.597587e+01  1.669277e+00  
   19500  -1.259850e+04  8.175584e+01  1.609777e+00  
   19600  -1.273145e+04  8.614101e+01  1.705125e+00  
   19700  -1.264546e+04  8.330665e+01  1.672718e+00  
   19800  -1.259925e+04  8.088636e+01  1.673046e+00  
   19900  -1.257063e+04  8.512778e+01  1.660732e+00  
   20000  -1.252995e+04  8.650892e+01  1.726120e+00  
   20100  -1.258951e+04  8.323744e+01  1.631493e+00  
   20200  -1.258331e+04  8.678737e+01  1.732790e+00  
   20300  -1.255234e+04  7.985039e+01  1.652813e+00  
   20400  -1.243002e+04  8.065853e+01  1.656546e+00  
   20500  -1.237375e+04  7.720219e+01  1.664887e+00  
   20600  -1.243063e+04  8.310404e+01  1.668055e+00  
   20700  -1.242753e+04  8.199637e+01  1.698821e+00  
   20800  -1.240334e+04  7.768962e+01  1.677751e+00  
   20900  -1.240960e+04  7.917361e+01  1.680764e+00  
   21000  -1.244569e+04  7.912388e+01  1.630627e+00  
   21100  -1.247143e+04  8.214175e+01  1.678398e+00  
   21200  -1.237589e+04  7.783867e+01  1.652867e+00  
   21300  -1.253095e+04  8.425134e+01  1.737590e+00  
   21400  -1.238372e+04  7.816162e+01  1.688208e+00  
   21500  -1.251460e+04  7.333961e+01  1.662753e+00  
   21600  -1.248069e+04  7.675799e+01  1.633981e+00  
   21700  -1.249791e+04  7.646083e+01  1.663623e+00  
   21800  -1.247915e+04  8.092962e+01  1.689536e+00  
   21900  -1.244130e+04  7.842384e+01  1.684414e+00  
   22000  -1.239846e+04  7.428352e+01  1.624808e+00  
   22100  -1.238622e+04  7.932325e+01  1.692301e+00  
   22200  -1.233293e+04  7.644574e+01  1.643518e+00  
   22300  -1.236369e+04  7.432804e+01  1.616503e+00  
   22400  -1.240261e+04  7.485459e+01  1.690962e+00  
   22500  -1.239215e+04  7.550849e+01  1.615565e+00  
   22600  -1.237684e+04  7.582076e+01  1.665776e+00  
   22700  -1.236955e+04  7.959809e+01  1.636014e+00  
   22800  -1.239896e+04  7.962382e+01  1.711478e+00  
   22900  -1.237945e+04  7.661827e+01  1.670989e+00  
   23000  -1.229206e+04  7.748867e+01  1.693152e+00  
   23100  -1.230066e+04  7.466350e+01  1.619877e+00  
   23200  -1.234070e+04  7.414575e+01  1.643272e+00  
   23300  -1.224908e+04  7.198680e+01  1.644262e+00  
   23400  -1.229996e+04  7.387550e+01  1.614451e+00  
   23500  -1.237070e+04  7.911729e+01  1.675165e+00  
   23600  -1.222588e+04  7.386056e+01  1.620762e+00  
   23700  -1.219772e+04  7.363012e+01  1.654871e+00  
   23800  -1.230762e+04  7.212878e+01  1.640258e+00  
   23900  -1.227128e+04  7.037650e+01  1.568347e+00  
   24000  -1.223700e+04  7.097820e+01  1.634348e+00  
   24100  -1.220306e+04  7.474471e+01  1.707592e+00  
   24200  -1.223376e+04  7.241074e+01  1.630118e+00  
   24300  -1.219948e+04  7.175720e+01  1.681113e+00  
   24400  -1.225761e+04  7.318354e+01  1.649592e+00  
   24500  -1.218165e+04  7.360674e+01  1.625727e+00  
   24600  -1.232379e+04  7.227179e+01  1.634734e+00  
   24700  -1.221402e+04  7.028193e+01  1.616281e+00  
   24800  -1.215717e+04  6.465947e+01  1.575727e+00  
   24900  -1.212521e+04  6.835334e+01  1.633164e+00  
   25000  -1.224032e+04  7.462911e+01  1.653761e+00  
   25100  -1.212546e+04  6.466237e+01  1.575450e+00  
   25200  -1.213977e+04  6.730074e+01  1.589137e+00  
   25300  -1.206999e+04  6.873753e+01  1.614374e+00  
   25400  -1.217536e+04  7.140591e+01  1.633195e+00  
   25500  -1.223858e+04  7.120740e+01  1.642375e+00  
   25600  -1.222705e+04  7.426736e+01  1.667415e+00  
   25700  -1.222080e+04  7.056786e+01  1.621930e+00  
   25800  -1.216022e+04  7.074712e+01  1.625879e+00  
   25900  -1.212788e+04  7.021958e+01  1.720496e+00  
   26000  -1.212262e+04  7.188792e+01  1.610891e+00  
   26100  -1.216879e+04  7.443497e+01  1.627442e+00  
   26200  -1.203699e+04  6.575127e+01  1.612549e+00  
   26300  -1.202782e+04  6.942175e+01  1.642526e+00  
   26400  -1.201697e+04  6.463988e+01  1.615246e+00  
   26500  -1.199499e+04  6.432509e+01  1.606841e+00  
   26600  -1.205685e+04  6.409929e+01  1.589434e+00  
   26700  -1.200560e+04  6.443711e+01  1.626995e+00  
   26800  -1.201274e+04  6.655208e+01  1.588807e+00  
   26900  -1.202040e+04  6.813220e+01  1.652203e+00  
   27000  -1.210573e+04  6.552765e+01  1.583406e+00  
   27100  -1.212877e+04  6.906359e+01  1.620560e+00  
   27200  -1.204915e+04  6.953539e+01  1.604178e+00  
   27300  -1.213417e+04  6.634264e+01  1.614291e+00  
   27400  -1.206894e+04  6.206348e+01  1.601744e+00  
   27500  -1.201762e+04  6.271992e+01  1.591181e+00  
   27600  -1.207800e+04  6.739168e+01  1.604954e+00  
   27700  -1.201735e+04  6.327673e+01  1.632635e+00  
   27800  -1.191770e+04  6.699866e+01  1.629816e+00  
   27900  -1.190040e+04  6.429371e+01  1.600464e+00  
   28000  -1.180911e+04  5.997131e+01  1.554189e+00  
   28100  -1.193444e+04  6.703877e+01  1.656293e+00  
   28200  -1.188785e+04  6.397884e+01  1.618727e+00  
   28300  -1.193842e+04  6.569261e+01  1.609352e+00  
   28400  -1.183199e+04  6.318504e+01  1.604724e+00  
   28500  -1.184265e+04  6.243141e+01  1.596423e+00  
   28600  -1.195412e+04  6.618413e+01  1.604908e+00  
   28700  -1.189238e+04  6.372263e+01  1.580096e+00  
   28800  -1.190504e+04  6.071909e+01  1.598854e+00  
   28900  -1.186249e+04  6.176515e+01  1.579495e+00  
   29000  -1.182746e+04  6.365616e+01  1.629240e+00  
   29100  -1.180078e+04  6.153451e+01  1.580936e+00  
   29200  -1.182689e+04  5.759394e+01  1.593986e+00  
   29300  -1.192417e+04  6.479730e+01  1.650315e+00  
   29400  -1.191088e+04  6.495070e+01  1.618395e+00  
   29500  -1.177837e+04  5.997521e+01  1.592098e+00  
   29600  -1.191533e+04  6.147401e+01  1.603149e+00  
   29700  -1.182830e+04  6.027845e+01  1.580127e+00  
   29800  -1.189016e+04  6.553750e+01  1.625360e+00  
   29900  -1.184367e+04  5.926747e+01  1.602826e+00  
   30000  -1.184780e+04  6.127861e+01  1.583475e+00  
   30100  -1.188194e+04  5.944188e+01  1.567883e+00  
   30200  -1.190007e+04  6.831241e+01  1.624857e+00  
   30300  -1.195813e+04  6.759989e+01  1.628560e+00  
   30400  -1.188262e+04  6.206395e+01  1.621006e+00  
   30500  -1.179054e+04  6.047307e+01  1.568024e+00  
   30600  -1.171941e+04  5.911108e+01  1.608442e+00  
   30700  -1.177913e+04  5.889543e+01  1.560273e+00  
   30800  -1.185426e+04  6.092987e+01  1.547818e+00  
   30900  -1.183045e+04  6.506116e+01  1.640146e+00  
   31000  -1.182341e+04  6.322676e+01  1.607313e+00  
   31100  -1.184414e+04  6.000713e+01  1.569988e+00  
   31200  -1.181826e+04  6.176682e+01  1.597398e+00  
   31300  -1.175897e+04  6.065553e+01  1.623662e+00  
   31400  -1.177824e+04  5.854914e+01  1.589905e+00  
   31500  -1.176940e+04  5.936452e+01  1.545190e+00  
   31600  -1.177996e+04  5.740157e+01  1.549810e+00  
   31700  -1.185493e+04  6.082985e+01  1.600289e+00  
   31800  -1.178444e+04  5.956235e+01  1.622709e+00  
   31900  -1.179877e+04  5.955861e+01  1.598392e+00  
   32000  -1.178270e+04  5.584314e+01  1.606713e+00  
   32100  -1.168658e+04  5.732616e+01  1.578685e+00  
   32200  -1.178704e+04  5.944782e+01  1.601864e+00  
   32300  -1.168793e+04  5.813480e+01  1.608780e+00  
   32400  -1.171343e+04  5.840717e+01  1.581747e+00  
   32500  -1.165428e+04  5.692959e+01  1.578111e+00  
   32600  -1.164614e+04  5.342921e+01  1.582954e+00  
   32700  -1.157010e+04  5.711321e+01  1.594200e+00  
   32800  -1.152353e+04  5.505903e+01  1.587359e+00  
   32900  -1.160521e+04  5.134475e+01  1.536110e+00  
   33000  -1.159350e+04  5.554498e+01  1.597831e+00  
   33100  -1.159309e+04  5.995419e+01  1.598325e+00  
   33200  -1.155332e+04  5.233898e+01  1.584617e+00  
   33300  -1.158315e+04  5.507758e+01  1.563311e+00  
   33400  -1.161424e+04  5.594992e+01  1.576503e+00  
   33500  -1.169260e+04  5.749517e+01  1.580194e+00  
   33600  -1.169886e+04  5.558101e+01  1.606686e+00  
   33700  -1.170791e+04  5.665624e+01  1.565661e+00  
   33800  -1.172568e+04  5.764390e+01  1.608990e+00  
   33900  -1.166764e+04  5.273899e+01  1.572063e+00  
   34000  -1.166250e+04  5.282198e+01  1.544316e+00  
   34100  -1.166277e+04  5.644170e+01  1.589391e+00  
   34200  -1.165260e+04  6.029610e+01  1.589626e+00  
   34300  -1.167299e+04  4.946887e+01  1.529117e+00  
   34400  -1.166537e+04  5.581934e+01  1.566772e+00  
   34500  -1.159254e+04  5.737046e+01  1.557818e+00  
   34600  -1.150246e+04  5.899935e+01  1.580069e+00  
   34700  -1.157999e+04  5.829977e+01  1.595166e+00  
   34800  -1.157680e+04  5.374885e+01  1.567785e+00  
   34900  -1.158517e+04  5.066321e+01  1.560534e+00  
   35000  -1.151887e+04  5.525806e+01  1.586374e+00  
   35100  -1.163468e+04  5.400464e+01  1.593572e+00  
   35200  -1.161538e+04  5.752587e+01  1.614812e+00  
   35300  -1.170645e+04  5.681064e+01  1.614006e+00  
   35400  -1.172528e+04  5.032926e+01  1.566814e+00  
   35500  -1.167318e+04  5.439137e+01  1.578990e+00  
   35600  -1.165349e+04  5.366132e+01  1.560921e+00  
   35700  -1.166050e+04  5.937835e+01  1.615753e+00  
   35800  -1.173428e+04  5.353897e+01  1.556949e+00  
   35900  -1.176000e+04  5.977949e+01  1.576652e+00  
   36000  -1.170334e+04  5.813850e+01  1.591648e+00  
   36100  -1.178400e+04  5.807099e+01  1.583942e+00  
   36200  -1.169289e+04  5.884686e+01  1.601934e+00  
   36300  -1.163487e+04  5.653114e+01  1.625243e+00  
   36400  -1.173535e+04  5.244765e+01  1.548601e+00  
   36500  -1.164872e+04  5.190660e+01  1.584086e+00  
   36600  -1.168065e+04  5.452479e+01  1.593920e+00  
   36700  -1.169845e+04  5.575302e+01  1.575753e+00  
   36800  -1.165261e+04  5.753411e+01  1.593214e+00  
   36900  -1.180499e+04  5.154711e+01  1.539486e+00  
   37000  -1.173049e+04  5.349000e+01  1.560910e+00  
   37100  -1.181792e+04  5.595946e+01  1.552476e+00  
   37200  -1.177441e+04  5.461570e+01  1.545285e+00  
   37300  -1.177309e+04  5.211183e+01  1.558739e+00  
   37400  -1.184950e+04  5.740968e+01  1.593174e+00  
   37500  -1.188321e+04  5.867497e+01  1.612242e+00  
   37600  -1.186011e+04  5.767531e+01  1.604434e+00  
   37700  -1.188259e+04  5.457056e+01  1.558408e+00  
   37800  -1.181125e+04  6.105031e+01  1.638613e+00  
   37900  -1.176815e+04  5.630790e+01  1.558314e+00  
   38000  -1.175846e+04  5.673073e+01  1.572628e+00  
   38100  -1.170168e+04  5.597293e+01  1.556775e+00  
   38200  -1.176545e+04  5.501352e+01  1.584543e+00  
   38300  -1.177258e+04  5.372913e+01  1.585235e+00  
   38400  -1.170263e+04  5.430649e+01  1.548652e+00  
   38500  -1.167521e+04  5.681046e+01  1.598739e+00  
   38600  -1.171211e+04  5.229711e+01  1.559812e+00  
   38700  -1.168889e+04  5.409040e+01  1.532523e+00  
   38800  -1.169888e+04  5.518845e+01  1.589450e+00  
   38900  -1.173640e+04  5.297863e+01  1.547199e+00  
   39000  -1.173404e+04  5.573945e+01  1.580988e+00  
   39100  -1.154003e+04  5.246643e+01  1.564275e+00  
   39200  -1.164295e+04  5.541506e+01  1.611549e+00  
   39300  -1.151886e+04  5.207260e+01  1.590210e+00  
   39400  -1.156838e+04  4.976519e+01  1.534531e+00  
   39500  -1.167064e+04  5.546760e+01  1.568956e+00  
   39600  -1.169484e+04  5.648979e+01  1.576635e+00  
   39700  -1.165056e+04  5.603407e+01  1.621951e+00  
   39800  -1.171969e+04  5.405932e+01  1.610563e+00  
   39900  -1.163886e+04  5.347973e+01  1.582666e+00  
   40000  -1.159335e+04  5.076203e+01  1.584427e+00  
   40100  -1.161014e+04  5.542784e+01  1.599926e+00  
   40200  -1.169657e+04  5.345106e+01  1.573417e+00  
   40300  -1.156960e+04  5.557960e+01  1.556921e+00  
   40400  -1.163589e+04  5.443617e+01  1.594746e+00  
   40500  -1.163955e+04  5.299538e+01  1.586359e+00  
   40600  -1.163665e+04  5.254946e+01  1.514471e+00  
   40700  -1.161843e+04  5.413475e+01  1.551073e+00  
   40800  -1.167122e+04  5.132242e+01  1.521051e+00  
   40900  -1.161065e+04  5.717800e+01  1.613371e+00  
   41000  -1.157525e+04  5.106795e+01  1.565691e+00  
   41100  -1.152923e+04  5.143517e+01  1.566591e+00  
   41200  -1.162702e+04  5.369029e+01  1.581985e+00  
   41300  -1.161904e+04  5.108573e+01  1.564031e+00  
   41400  -1.156068e+04  5.731096e+01  1.562569e+00  
   41500  -1.153938e+04  4.827149e+01  1.554685e+00  
   41600  -1.154188e+04  5.108336e+01  1.591204e+00  
   41700  -1.153928e+04  5.321856e+01  1.572839e+00  
   41800  -1.149156e+04  5.294648e+01  1.597173e+00  
   41900  -1.153240e+04  4.818388e+01  1.545071e+00  
   42000  -1.147411e+04  5.415133e+01  1.582282e+00  
   42100  -1.142478e+04  4.918115e+01  1.526059e+00  
   42200  -1.150649e+04  5.613972e+01  1.579217e+00  
   42300  -1.148875e+04  4.977496e+01  1.567563e+00  
   42400  -1.152120e+04  5.063680e+01  1.548341e+00  
   42500  -1.148998e+04  5.113122e+01  1.576714e+00  
   42600  -1.146681e+04  5.363062e+01  1.549287e+00  
   42700  -1.150617e+04  4.973556e+01  1.553203e+00  
   42800  -1.154967e+04  5.098911e+01  1.550163e+00  
   42900  -1.156592e+04  5.443264e+01  1.552186e+00  
   43000  -1.147333e+04  5.151520e+01  1.572856e+00  
   43100  -1.145330e+04  5.103451e+01  1.620204e+00  
   43200  -1.140666e+04  5.639026e+01  1.592258e+00  
   43300  -1.148164e+04  5.250128e+01  1.580859e+00  
   43400  -1.142661e+04  5.178268e+01  1.509632e+00  
   43500  -1.150755e+04  4.751715e+01  1.549750e+00  
   43600  -1.151087e+04  5.259451e+01  1.543432e+00  
   43700  -1.144416e+04  5.091945e+01  1.553494e+00  
   43800  -1.149273e+04  5.199306e+01  1.581788e+00  
   43900  -1.156336e+04  5.150589e+01  1.568585e+00  
   44000  -1.145486e+04  5.082164e+01  1.585036e+00  
   44100  -1.138784e+04  4.485579e+01  1.519013e+00  
   44200  -1.145680e+04  4.617296e+01  1.471894e+00  
   44300  -1.147228e+04  5.253247e+01  1.562477e+00  
   44400  -1.128924e+04  4.692163e+01  1.547531e+00  
   44500  -1.139345e+04  5.338260e+01  1.567765e+00  
   44600  -1.149849e+04  5.144934e+01  1.542463e+00  
   44700  -1.151617e+04  5.199076e+01  1.625196e+00  
   44800  -1.142808e+04  5.041026e+01  1.551552e+00  
   44900  -1.149639e+04  5.008116e+01  1.569978e+00  
   45000  -1.156285e+04  4.826117e+01  1.542839e+00  
   45100  -1.149042e+04  5.203360e+01  1.587988e+00  
   45200  -1.147139e+04  5.502186e+01  1.596608e+00  
   45300  -1.153376e+04  4.726269e+01  1.556247e+00  
   45400  -1.145262e+04  5.495777e+01  1.610760e+00  
   45500  -1.144096e+04  4.785043e+01  1.525531e+00  
   45600  -1.133672e+04  5.122097e+01  1.555696e+00  
   45700  -1.135541e+04  4.945686e+01  1.579920e+00  
   45800  -1.134807e+04  4.697290e+01  1.527292e+00  
   45900  -1.137979e+04  4.876621e+01  1.557072e+00  
   46000  -1.143329e+04  5.034333e+01  1.532789e+00  
   46100  -1.141951e+04  5.022763e+01  1.563913e+00  
   46200  -1.151679e+04  5.092721e+01  1.531898e+00  
   46300  -1.149024e+04  5.268212e+01  1.582961e+00  
   46400  -1.150627e+04  5.078758e+01  1.545823e+00  
   46500  -1.145730e+04  5.398120e+01  1.573851e+00  
   46600  -1.154032e+04  4.509415e+01  1.505085e+00  
   46700  -1.142826e+04  4.975517e+01  1.540076e+00  
   46800  -1.137519e+04  5.019613e+01  1.571658e+00  
   46900  -1.137889e+04  5.271518e+01  1.558897e+00  
   47000  -1.149110e+04  5.042458e+01  1.560749e+00  
   47100  -1.153698e+04  4.955659e+01  1.546611e+00  
   47200  -1.138021e+04  4.828587e+01  1.564932e+00  
   47300  -1.142186e+04  4.596010e+01  1.542167e+00  
   47400  -1.138411e+04  5.260539e+01  1.545591e+00  
   47500  -1.144529e+04  5.030219e+01  1.579915e+00  
   47600  -1.142968e+04  4.797933e+01  1.512460e+00  
   47700  -1.141627e+04  5.069043e+01  1.556059e+00  
   47800  -1.136645e+04  4.829530e+01  1.520722e+00  
   47900  -1.144032e+04  4.590443e+01  1.502606e+00  
   48000  -1.152712e+04  5.302788e+01  1.564836e+00  
   48100  -1.147412e+04  4.764208e+01  1.526124e+00  
   48200  -1.148073e+04  5.409561e+01  1.596883e+00  
   48300  -1.155565e+04  4.860831e+01  1.566588e+00  
   48400  -1.159484e+04  4.908780e+01  1.572670e+00  
   48500  -1.154900e+04  5.026149e+01  1.570289e+00  
   48600  -1.152283e+04  5.364215e+01  1.578902e+00  
   48700  -1.164557e+04  5.350961e+01  1.544968e+00  
   48800  -1.160989e+04  5.242953e+01  1.589811e+00  
   48900  -1.141725e+04  4.741962e+01  1.571991e+00  
   49000  -1.161418e+04  5.078916e+01  1.527373e+00  
   49100  -1.156937e+04  5.518156e+01  1.561427e+00  
   49200  -1.155004e+04  5.293855e+01  1.589685e+00  
   49300  -1.153703e+04  5.083761e+01  1.581648e+00  
   49400  -1.160130e+04  5.241711e+01  1.550729e+00  
   49500  -1.156223e+04  4.861836e+01  1.565359e+00  
   49600  -1.138608e+04  5.024217e+01  1.570009e+00  
   49700  -1.148164e+04  4.780341e+01  1.514247e+00  
   49800  -1.143331e+04  4.841976e+01  1.526425e+00  
   49900  -1.145688e+04  4.758306e+01  1.535840e+00  
   50000  -1.153584e+04  5.108608e+01  1.554314e+00  
   50100  -1.146366e+04  4.683906e+01  1.528938e+00  
   50200  -1.155748e+04  5.370577e+01  1.584773e+00  
   50300  -1.161895e+04  5.204694e+01  1.536112e+00  
   50400  -1.156281e+04  5.022526e+01  1.554368e+00  
   50500  -1.153431e+04  5.067135e+01  1.565702e+00  
   50600  -1.152936e+04  5.082612e+01  1.594668e+00  
   50700  -1.157370e+04  5.017698e+01  1.539692e+00  
   50800  -1.149126e+04  5.078417e+01  1.586375e+00  
   50900  -1.146211e+04  4.844751e+01  1.551244e+00  
   51000  -1.147338e+04  4.893329e+01  1.568533e+00  
   51100  -1.149796e+04  4.829911e+01  1.538454e+00  
   51200  -1.154173e+04  5.080156e+01  1.563012e+00  
   51300  -1.147835e+04  5.239685e+01  1.554444e+00  
   51400  -1.159563e+04  4.965372e+01  1.517733e+00  
   51500  -1.152008e+04  5.408222e+01  1.595336e+00  
   51600  -1.142931e+04  4.832958e+01  1.526280e+00  
   51700  -1.159408e+04  5.101391e+01  1.569191e+00  
   51800  -1.158173e+04  5.130019e+01  1.546961e+00  
   51900  -1.146087e+04  5.270928e+01  1.546729e+00  
   52000  -1.154825e+04  5.028602e+01  1.584446e+00  
   52100  -1.147999e+04  4.444344e+01  1.513061e+00  
   52200  -1.153056e+04  4.965295e+01  1.537388e+00  
   52300  -1.149923e+04  5.472182e+01  1.598274e+00  
   52400  -1.150174e+04  5.526045e+01  1.610814e+00  
   52500  -1.142106e+04  5.358127e+01  1.578739e+00  
   52600  -1.140568e+04  4.829649e+01  1.552056e+00  
   52700  -1.144506e+04  5.094664e+01  1.584567e+00  
   52800  -1.142888e+04  4.913817e+01  1.574827e+00  
   52900  -1.149466e+04  4.860215e+01  1.520190e+00  
   53000  -1.141939e+04  4.964404e+01  1.575016e+00  
   53100  -1.141507e+04  4.919475e+01  1.541413e+00  
   53200  -1.145378e+04  5.020597e+01  1.574455e+00  
   53300  -1.144628e+04  4.816491e+01  1.546966e+00  
   53400  -1.147285e+04  4.843749e+01  1.526090e+00  
   53500  -1.141880e+04  5.286289e+01  1.586248e+00  
   53600  -1.142429e+04  4.743920e+01  1.525653e+00  
   53700  -1.134412e+04  4.717848e+01  1.553108e+00  
   53800  -1.138988e+04  4.605840e+01  1.531101e+00  
   53900  -1.144538e+04  5.059840e+01  1.536996e+00  
   54000  -1.132855e+04  4.745318e+01  1.573871e+00  
   54100  -1.141513e+04  4.608156e+01  1.485783e+00  
   54200  -1.136681e+04  5.075782e+01  1.571345e+00  
   54300  -1.140166e+04  5.178668e+01  1.568049e+00  
   54400  -1.143857e+04  4.864882e+01  1.556549e+00  
   54500  -1.137414e+04  4.599766e+01  1.529706e+00  
   54600  -1.134429e+04  4.963239e+01  1.547793e+00  
   54700  -1.143883e+04  5.046138e+01  1.591740e+00  
   54800  -1.143799e+04  5.391495e+01  1.584263e+00  
   54900  -1.144883e+04  4.953783e+01  1.577630e+00  
   55000  -1.148029e+04  5.374287e+01  1.592280e+00  
   55100  -1.151894e+04  4.409494e+01  1.511401e+00  
   55200  -1.148836e+04  4.474693e+01  1.518777e+00  
   55300  -1.154197e+04  4.736682e+01  1.553173e+00  
   55400  -1.150851e+04  4.734326e+01  1.568520e+00  
   55500  -1.149183e+04  4.752099e+01  1.543274e+00  
   55600  -1.145081e+04  5.052757e+01  1.567916e+00  
   55700  -1.143823e+04  5.146428e+01  1.565313e+00  
   55800  -1.140378e+04  5.252298e+01  1.559785e+00  
   55900  -1.152713e+04  5.112678e+01  1.574994e+00  
   56000  -1.150445e+04  4.548012e+01  1.547429e+00  
   56100  -1.155078e+04  4.894928e+01  1.543322e+00  
   56200  -1.143234e+04  4.731565e+01  1.528754e+00  
   56300  -1.150607e+04  4.898196e+01  1.535068e+00  
   56400  -1.153653e+04  4.979785e+01  1.578377e+00  
   56500  -1.153604e+04  5.190487e+01  1.602709e+00  
   56600  -1.160667e+04  4.885048e+01  1.530764e+00  
   56700  -1.153823e+04  5.200928e+01  1.573151e+00  
   56800  -1.169980e+04  5.083338e+01  1.546639e+00  
   56900  -1.171349e+04  5.473679e+01  1.578754e+00  
   57000  -1.163877e+04  5.386547e+01  1.597933e+00  
   57100  -1.150683e+04  5.042592e+01  1.566375e+00  
   57200  -1.142008e+04  5.214431e+01  1.552331e+00  
   57300  -1.145420e+04  5.211634e+01  1.572256e+00  
   57400  -1.146701e+04  4.986875e+01  1.574032e+00  
   57500  -1.163208e+04  4.794943e+01  1.521317e+00  
   57600  -1.152888e+04  4.926286e+01  1.552665e+00  
   57700  -1.159902e+04  5.213947e+01  1.566731e+00  
   57800  -1.164500e+04  5.096768e+01  1.563540e+00  
   57900  -1.170256e+04  5.093657e+01  1.553876e+00  
   58000  -1.160879e+04  4.770440e+01  1.525197e+00  
   58100  -1.158901e+04  5.113159e+01  1.591670e+00  
   58200  -1.158482e+04  4.970386e+01  1.555530e+00  
   58300  -1.164913e+04  4.948168e+01  1.556537e+00  
   58400  -1.160963e+04  4.658553e+01  1.533175e+00  
   58500  -1.153298e+04  5.029851e+01  1.571946e+00  
   58600  -1.150235e+04  4.386517e+01  1.503429e+00  
   58700  -1.139575e+04  4.782842e+01  1.548855e+00  
   58800  -1.140215e+04  4.665461e+01  1.551342e+00  
   58900  -1.126268e+04  4.613569e+01  1.529260e+00  
   59000  -1.139113e+04  4.695793e+01  1.545271e+00  
   59100  -1.136883e+04  4.791732e+01  1.567563e+00  
   59200  -1.138731e+04  4.967249e+01  1.542495e+00  
   59300  -1.135782e+04  5.070919e+01  1.551281e+00  
   59400  -1.136500e+04  4.841805e+01  1.534891e+00  
   59500  -1.136137e+04  4.885681e+01  1.533446e+00  
   59600  -1.133306e+04  4.881018e+01  1.506072e+00  
   59700  -1.136544e+04  4.913896e+01  1.574105e+00  
   59800  -1.147530e+04  4.769198e+01  1.544143e+00  
   59900  -1.144245e+04  4.760199e+01  1.534590e+00  
   60000  -1.155061e+04  4.289886e+01  1.542176e+00  
   60100  -1.150421e+04  4.620442e+01  1.534988e+00  
   60200  -1.149342e+04  5.036949e+01  1.541957e+00  
   60300  -1.154276e+04  4.986947e+01  1.579242e+00  
   60400  -1.154072e+04  4.995092e+01  1.552482e+00  
   60500  -1.146789e+04  4.610657e+01  1.510101e+00  
   60600  -1.155651e+04  5.281978e+01  1.610856e+00  
   60700  -1.160513e+04  4.883907e+01  1.532237e+00  
   60800  -1.155519e+04  5.050512e+01  1.554795e+00  
   60900  -1.141817e+04  4.678998e+01  1.548128e+00  
   61000  -1.138589e+04  4.799445e+01  1.542025e+00  
   61100  -1.141412e+04  4.581893e+01  1.581146e+00  
   61200  -1.133818e+04  4.897812e+01  1.559718e+00  
   61300  -1.136488e+04  4.602852e+01  1.545238e+00  
   61400  -1.130414e+04  4.457190e+01  1.523216e+00  
   61500  -1.131200e+04  4.754284e+01  1.571554e+00  
   61600  -1.139515e+04  4.132079e+01  1.505675e+00  
   61700  -1.125409e+04  4.789776e+01  1.590559e+00  
   61800  -1.121608e+04  4.798902e+01  1.588957e+00  
   61900  -1.128011e+04  4.805912e+01  1.554098e+00  
   62000  -1.136691e+04  4.577911e+01  1.506210e+00  
   62100  -1.140426e+04  5.087322e+01  1.551744e+00  
   62200  -1.139389e+04  4.662817e+01  1.543827e+00  
   62300  -1.138630e+04  4.353114e+01  1.521305e+00  
   62400  -1.141572e+04  4.898435e+01  1.525184e+00  
   62500  -1.132640e+04  4.896960e+01  1.543171e+00  
   62600  -1.142024e+04  4.998330e+01  1.563750e+00  
   62700  -1.149165e+04  4.995700e+01  1.585321e+00  
   62800  -1.142674e+04  4.569156e+01  1.546699e+00  
   62900  -1.139521e+04  4.551916e+01  1.551149e+00  
   63000  -1.146107e+04  4.521893e+01  1.537603e+00  
   63100  -1.141640e+04  4.771697e+01  1.563243e+00  
   63200  -1.139029e+04  4.535821e+01  1.527367e+00  
   63300  -1.140551e+04  4.554967e+01  1.519804e+00  
   63400  -1.134485e+04  4.855087e+01  1.601179e+00  
   63500  -1.144054e+04  4.421219e+01  1.525751e+00  
   63600  -1.147726e+04  4.878318e+01  1.555342e+00  
   63700  -1.159834e+04  4.785474e+01  1.551337e+00  
   63800  -1.149692e+04  4.793683e+01  1.551263e+00  
   63900  -1.147385e+04  4.592597e+01  1.530006e+00  
   64000  -1.148522e+04  4.883243e+01  1.581402e+00  
   64100  -1.139664e+04  4.948060e+01  1.550427e+00  
   64200  -1.136634e+04  4.776556e+01  1.555658e+00  
   64300  -1.140488e+04  4.702627e+01  1.583399e+00  
   64400  -1.136177e+04  4.748135e+01  1.567194e+00  
   64500  -1.135320e+04  4.820533e+01  1.535000e+00  
   64600  -1.132667e+04  4.744841e+01  1.538520e+00  
   64700  -1.136388e+04  4.424692e+01  1.513240e+00  
   64800  -1.132617e+04  4.508082e+01  1.542256e+00  
   64900  -1.131828e+04  4.487373e+01  1.552308e+00  
   65000  -1.137335e+04  4.728551e+01  1.546000e+00  
   65100  -1.135152e+04  4.884416e+01  1.556674e+00  
   65200  -1.122500e+04  4.385046e+01  1.509501e+00  
   65300  -1.128734e+04  4.052266e+01  1.513642e+00  
   65400  -1.131800e+04  4.770456e+01  1.524388e+00  
   65500  -1.134363e+04  4.643322e+01  1.533277e+00  
   65600  -1.134722e+04  4.764179e+01  1.530407e+00  
   65700  -1.131963e+04  4.860993e+01  1.553445e+00  
   65800  -1.134341e+04  5.117593e+01  1.542726e+00  
   65900  -1.131063e+04  4.747804e+01  1.529392e+00  
   66000  -1.133402e+04  4.426806e+01  1.558437e+00  
   66100  -1.135574e+04  4.530045e+01  1.535807e+00  
   66200  -1.137523e+04  4.587456e+01  1.539603e+00  
   66300  -1.138779e+04  4.401107e+01  1.488062e+00  
   66400  -1.133559e+04  4.655555e+01  1.542732e+00  
   66500  -1.145524e+04  4.384953e+01  1.551403e+00  
   66600  -1.137020e+04  5.058247e+01  1.597252e+00  
   66700  -1.150627e+04  4.960224e+01  1.583480e+00  
   66800  -1.146981e+04  5.170956e+01  1.577159e+00  
   66900  -1.143126e+04  4.903190e+01  1.569515e+00  
   67000  -1.138170e+04  4.862474e+01  1.543525e+00  
   67100  -1.139198e+04  4.695523e+01  1.528765e+00  
   67200  -1.143614e+04  5.187600e+01  1.578924e+00  
   67300  -1.139561e+04  5.002351e+01  1.582709e+00  
   67400  -1.140541e+04  4.947286e+01  1.595666e+00  
   67500  -1.134306e+04  4.293985e+01  1.523355e+00  
   67600  -1.145975e+04  4.869831e+01  1.608597e+00  
   67700  -1.143935e+04  5.006897e+01  1.577504e+00  
   67800  -1.142375e+04  4.613796e+01  1.531172e+00  
   67900  -1.149195e+04  4.475560e+01  1.557914e+00  
   68000  -1.150164e+04  5.259286e+01  1.576295e+00  
   68100  -1.153534e+04  4.776549e+01  1.556270e+00  
   68200  -1.144115e+04  5.226323e+01  1.609088e+00  
   68300  -1.150506e+04  4.761116e+01  1.555105e+00  
   68400  -1.149438e+04  4.753540e+01  1.533086e+00  
   68500  -1.134285e+04  4.747832e+01  1.539777e+00  
   68600  -1.146162e+04  4.680282e+01  1.524857e+00  
   68700  -1.134256e+04  5.044192e+01  1.543927e+00  
   68800  -1.140776e+04  4.731844e+01  1.550750e+00  
   68900  -1.127212e+04  4.554816e+01  1.540683e+00  
   69000  -1.120581e+04  4.415322e+01  1.530307e+00  
   69100  -1.127128e+04  4.838924e+01  1.577171e+00  
   69200  -1.130657e+04  5.084691e+01  1.563966e+00  
   69300  -1.135392e+04  4.428558e+01  1.553996e+00  
   69400  -1.136496e+04  4.247082e+01  1.538447e+00  
   69500  -1.124907e+04  4.864208e+01  1.564303e+00  
   69600  -1.134344e+04  4.490558e+01  1.491421e+00  
   69700  -1.137992e+04  4.530030e+01  1.519025e+00  
   69800  -1.140715e+04  5.209701e+01  1.575157e+00  
   69900  -1.149168e+04  4.798819e+01  1.533581e+00  
   70000  -1.151273e+04  4.704745e+01  1.534034e+00  
   70100  -1.148292e+04  5.048378e+01  1.564438e+00  
   70200  -1.148445e+04  4.939229e+01  1.583658e+00  
   70300  -1.145398e+04  4.642074e+01  1.552273e+00  
   70400  -1.152074e+04  4.719178e+01  1.517313e+00  
   70500  -1.137384e+04  4.725777e+01  1.527646e+00  
   70600  -1.139276e+04  4.793510e+01  1.521810e+00  
   70700  -1.139220e+04  4.706449e+01  1.555654e+00  
   70800  -1.152818e+04  4.718490e+01  1.577216e+00  
   70900  -1.144502e+04  4.707822e+01  1.504646e+00  
   71000  -1.142595e+04  4.534685e+01  1.571747e+00  
   71100  -1.144071e+04  4.616639e+01  1.534483e+00  
   71200  -1.143151e+04  4.381657e+01  1.498691e+00  
   71300  -1.135722e+04  4.869715e+01  1.552974e+00  
   71400  -1.140829e+04  4.464102e+01  1.517391e+00  
   71500  -1.139105e+04  4.233986e+01  1.489814e+00  
   71600  -1.140503e+04  4.800528e+01  1.559935e+00  
   71700  -1.140267e+04  5.145361e+01  1.569627e+00  
   71800  -1.154238e+04  5.111797e+01  1.635085e+00  
   71900  -1.148322e+04  4.527718e+01  1.523670e+00  
   72000  -1.137478e+04  5.265243e+01  1.603262e+00  
   72100  -1.132103e+04  4.872240e+01  1.572314e+00  
   72200  -1.135455e+04  4.947258e+01  1.592114e+00  
   72300  -1.126449e+04  4.534856e+01  1.501520e+00  
   72400  -1.123843e+04  4.597780e+01  1.533729e+00  
   72500  -1.123119e+04  4.270797e+01  1.516173e+00  
   72600  -1.133309e+04  4.874950e+01  1.577181e+00  
   72700  -1.128738e+04  4.686653e+01  1.540186e+00  
   72800  -1.144619e+04  4.559262e+01  1.508797e+00  
   72900  -1.132186e+04  4.486898e+01  1.495179e+00  
   73000  -1.135528e+04  4.855414e+01  1.569344e+00  
   73100  -1.138227e+04  4.931172e+01  1.536606e+00  
   73200  -1.126991e+04  4.509575e+01  1.554685e+00  
   73300  -1.126559e+04  4.683837e+01  1.558737e+00  
   73400  -1.121405e+04  4.339200e+01  1.488123e+00  
   73500  -1.124738e+04  4.535157e+01  1.555741e+00  
   73600  -1.115114e+04  4.468871e+01  1.525477e+00  
   73700  -1.131785e+04  4.665257e+01  1.543797e+00  
   73800  -1.122179e+04  4.450019e+01  1.520339e+00  
   73900  -1.124692e+04  4.673148e+01  1.547281e+00  
   74000  -1.132620e+04  4.630723e+01  1.511137e+00  
   74100  -1.125791e+04  5.029893e+01  1.570372e+00  
   74200  -1.133226e+04  4.517745e+01  1.504648e+00  
   74300  -1.133068e+04  4.747215e+01  1.552216e+00  
   74400  -1.128309e+04  4.428119e+01  1.505848e+00  
   74500  -1.132308e+04  4.648077e+01  1.552553e+00  
   74600  -1.130280e+04  4.234716e+01  1.518691e+00  
   74700  -1.141108e+04  4.712537e+01  1.541115e+00  
   74800  -1.136644e+04  4.880715e+01  1.557290e+00  
   74900  -1.133678e+04  4.610652e+01  1.554409e+00  
   75000  -1.140269e+04  4.599819e+01  1.551147e+00  
   75100  -1.139857e+04  5.173920e+01  1.581587e+00  
   75200  -1.133769e+04  4.569384e+01  1.552722e+00  
   75300  -1.147616e+04  4.333972e+01  1.483011e+00  
   75400  -1.152602e+04  4.420531e+01  1.526228e+00  
   75500  -1.143235e+04  4.497500e+01  1.537276e+00  
   75600  -1.144792e+04  4.581942e+01  1.561375e+00  
   75700  -1.141736e+04  4.634561e+01  1.523858e+00  
   75800  -1.129954e+04  4.783691e+01  1.546919e+00  
   75900  -1.130847e+04  4.927182e+01  1.588738e+00  
   76000  -1.138740e+04  4.581503e+01  1.543141e+00  
   76100  -1.129659e+04  4.983704e+01  1.533913e+00  
   76200  -1.135846e+04  4.340017e+01  1.508204e+00  
   76300  -1.137413e+04  4.764603e+01  1.580967e+00  
   76400  -1.148178e+04  4.345130e+01  1.531795e+00  
   76500  -1.137442e+04  4.525592e+01  1.566383e+00  
   76600  -1.144793e+04  4.773924e+01  1.553138e+00  
   76700  -1.141254e+04  4.515056e+01  1.500336e+00  
   76800  -1.151076e+04  4.916097e+01  1.573253e+00  
   76900  -1.146237e+04  4.696979e+01  1.528466e+00  
   77000  -1.142855e+04  4.939666e+01  1.570537e+00  
   77100  -1.143879e+04  4.702715e+01  1.511478e+00  
   77200  -1.147155e+04  4.594511e+01  1.543889e+00  
   77300  -1.142968e+04  4.598270e+01  1.562569e+00  
   77400  -1.143853e+04  4.576732e+01  1.534815e+00  
   77500  -1.148957e+04  4.892678e+01  1.592226e+00  
   77600  -1.139169e+04  4.691434e+01  1.550814e+00  
   77700  -1.137176e+04  5.082452e+01  1.584539e+00  
   77800  -1.132269e+04  4.908727e+01  1.546073e+00  
   77900  -1.141287e+04  4.888109e+01  1.541307e+00  
   78000  -1.145909e+04  4.866685e+01  1.579092e+00  
   78100  -1.145865e+04  4.695992e+01  1.590069e+00  
   78200  -1.144708e+04  4.506620e+01  1.512532e+00  
   78300  -1.132458e+04  4.674400e+01  1.558830e+00  
   78400  -1.141965e+04  4.627861e+01  1.553604e+00  
   78500  -1.138889e+04  4.809057e+01  1.560392e+00  
   78600  -1.150772e+04  4.789640e+01  1.565220e+00  
   78700  -1.148981e+04  4.460661e+01  1.528884e+00  
   78800  -1.144698e+04  4.941088e+01  1.555251e+00  
   78900  -1.145009e+04  4.636695e+01  1.508656e+00  
   79000  -1.138271e+04  4.678120e+01  1.533973e+00  
   79100  -1.153317e+04  4.808437e+01  1.568762e+00  
   79200  -1.157134e+04  5.332060e+01  1.601968e+00  
   79300  -1.149165e+04  4.884013e+01  1.582606e+00  
   79400  -1.146582e+04  4.856972e+01  1.554207e+00  
   79500  -1.145242e+04  4.789875e+01  1.573418e+00  
   79600  -1.151805e+04  5.011277e+01  1.572341e+00  
   79700  -1.142077e+04  5.020499e+01  1.587855e+00  
   79800  -1.144680e+04  5.240575e+01  1.602617e+00  
   79900  -1.139889e+04  4.892819e+01  1.546507e+00  
   80000  -1.146915e+04  4.958394e+01  1.561155e+00  
   80100  -1.136562e+04  4.553746e+01  1.560586e+00  
   80200  -1.146641e+04  4.734548e+01  1.580449e+00  
   80300  -1.139287e+04  4.484001e+01  1.499072e+00  
   80400  -1.141315e+04  4.933275e+01  1.550317e+00  
   80500  -1.144471e+04  4.915719e+01  1.574504e+00  
   80600  -1.137736e+04  4.625838e+01  1.528476e+00  
   80700  -1.140839e+04  4.497097e+01  1.519709e+00  
   80800  -1.133293e+04  4.491742e+01  1.520482e+00  
   80900  -1.129797e+04  4.516282e+01  1.523352e+00  
   81000  -1.127219e+04  4.612236e+01  1.530948e+00  
   81100  -1.133000e+04  4.350806e+01  1.517392e+00  
   81200  -1.126155e+04  4.633364e+01  1.537381e+00  
   81300  -1.128818e+04  4.527722e+01  1.550690e+00  
   81400  -1.140698e+04  4.932488e+01  1.557199e+00  
   81500  -1.138045e+04  4.574342e+01  1.549859e+00  
   81600  -1.143236e+04  4.595029e+01  1.555151e+00  
   81700  -1.141893e+04  4.627221e+01  1.522759e+00  
   81800  -1.148678e+04  4.874887e+01  1.513821e+00  
   81900  -1.145016e+04  4.592890e+01  1.549136e+00  
   82000  -1.142588e+04  4.823318e+01  1.564575e+00  
   82100  -1.144137e+04  4.823586e+01  1.583496e+00  
   82200  -1.154293e+04  4.515788e+01  1.554497e+00  
   82300  -1.152821e+04  4.990573e+01  1.546766e+00  
   82400  -1.153107e+04  4.858357e+01  1.552711e+00  
   82500  -1.143651e+04  4.778189e+01  1.553158e+00  
   82600  -1.139096e+04  4.497430e+01  1.509381e+00  
   82700  -1.136342e+04  4.632186e+01  1.502803e+00  
   82800  -1.136567e+04  4.645721e+01  1.544105e+00  
   82900  -1.140215e+04  4.860554e+01  1.557047e+00  
   83000  -1.143490e+04  4.530072e+01  1.537285e+00  
   83100  -1.144811e+04  4.854673e+01  1.563478e+00  
   83200  -1.144561e+04  5.040737e+01  1.554297e+00  
   83300  -1.137583e+04  4.595703e+01  1.566049e+00  
   83400  -1.147167e+04  4.979228e+01  1.565576e+00  
   83500  -1.131814e+04  4.971111e+01  1.571471e+00  
   83600  -1.129005e+04  4.587282e+01  1.556175e+00  
   83700  -1.137979e+04  4.071179e+01  1.490465e+00  
   83800  -1.132140e+04  4.319866e+01  1.518763e+00  
   83900  -1.137057e+04  4.589389e+01  1.553200e+00  
   84000  -1.145869e+04  4.703856e+01  1.529112e+00  
   84100  -1.133955e+04  4.987251e+01  1.568740e+00  
   84200  -1.146391e+04  4.809251e+01  1.530884e+00  
   84300  -1.148754e+04  4.901480e+01  1.554945e+00  
   84400  -1.139399e+04  4.572473e+01  1.536052e+00  
   84500  -1.147265e+04  4.737379e+01  1.547802e+00  
   84600  -1.155584e+04  4.423608e+01  1.472970e+00  
   84700  -1.150429e+04  4.633576e+01  1.556282e+00  
   84800  -1.148255e+04  4.606976e+01  1.538601e+00  
   84900  -1.144342e+04  4.854311e+01  1.550736e+00  
   85000  -1.146339e+04  4.425370e+01  1.559251e+00  
   85100  -1.138257e+04  4.331073e+01  1.553415e+00  
   85200  -1.142035e+04  4.751262e+01  1.540656e+00  
   85300  -1.153978e+04  5.011981e+01  1.553900e+00  
   85400  -1.142198e+04  4.979657e+01  1.536316e+00  
   85500  -1.143343e+04  4.522767e+01  1.554122e+00  
   85600  -1.128704e+04  4.472636e+01  1.527610e+00  
   85700  -1.133937e+04  4.682886e+01  1.546498e+00  
   85800  -1.139849e+04  5.380666e+01  1.620258e+00  
   85900  -1.137364e+04  4.506231e+01  1.541033e+00  
   86000  -1.143308e+04  4.986556e+01  1.564860e+00  
   86100  -1.138042e+04  4.849013e+01  1.555328e+00  
   86200  -1.148003e+04  5.048182e+01  1.573009e+00  
   86300  -1.144354e+04  4.672625e+01  1.543197e+00  
   86400  -1.146822e+04  4.925450e+01  1.551710e+00  
   86500  -1.144480e+04  4.930112e+01  1.525047e+00  
   86600  -1.146466e+04  4.817539e+01  1.534265e+00  
   86700  -1.148302e+04  4.550385e+01  1.559296e+00  
   86800  -1.138391e+04  4.905775e+01  1.581226e+00  
   86900  -1.145308e+04  4.604771e+01  1.527011e+00  
   87000  -1.135004e+04  4.420099e+01  1.510188e+00  
   87100  -1.144016e+04  4.443140e+01  1.546154e+00  
   87200  -1.152105e+04  4.544810e+01  1.532001e+00  
   87300  -1.151799e+04  4.763987e+01  1.523587e+00  
   87400  -1.139617e+04  4.985399e+01  1.562529e+00  
   87500  -1.152060e+04  4.571062e+01  1.514136e+00  
   87600  -1.143391e+04  5.112254e+01  1.604314e+00  
   87700  -1.145478e+04  4.606677e+01  1.576961e+00  
   87800  -1.142886e+04  4.380917e+01  1.515792e+00  
   87900  -1.146416e+04  5.089944e+01  1.570362e+00  
   88000  -1.136943e+04  4.753393e+01  1.579685e+00  
   88100  -1.135045e+04  4.446724e+01  1.531044e+00  
   88200  -1.140745e+04  4.640926e+01  1.485219e+00  
   88300  -1.133177e+04  4.499918e+01  1.531775e+00  
   88400  -1.136992e+04  4.436729e+01  1.504374e+00  
   88500  -1.131456e+04  4.519381e+01  1.525207e+00  
   88600  -1.128890e+04  4.517030e+01  1.551929e+00  
   88700  -1.129658e+04  4.797651e+01  1.546179e+00  
   88800  -1.126055e+04  4.485156e+01  1.520015e+00  
   88900  -1.131695e+04  4.384669e+01  1.528918e+00  
   89000  -1.139459e+04  4.250523e+01  1.500652e+00  
   89100  -1.131610e+04  4.742933e+01  1.582081e+00  
   89200  -1.131712e+04  4.871515e+01  1.524501e+00  
   89300  -1.135918e+04  4.441509e+01  1.523678e+00  
   89400  -1.140413e+04  4.600605e+01  1.561750e+00  
   89500  -1.143102e+04  4.653691e+01  1.543570e+00  
   89600  -1.142058e+04  4.451703e+01  1.522777e+00  
   89700  -1.147590e+04  4.799581e+01  1.542528e+00  
   89800  -1.149741e+04  4.676016e+01  1.574167e+00  
   89900  -1.144758e+04  4.851253e+01  1.576610e+00  
   90000  -1.137404e+04  4.626455e+01  1.558453e+00  
   90100  -1.143025e+04  4.460965e+01  1.523348e+00  
   90200  -1.147249e+04  4.804892e+01  1.541337e+00  
   90300  -1.148292e+04  4.574932e+01  1.538843e+00  
   90400  -1.145285e+04  4.376988e+01  1.545392e+00  
   90500  -1.132594e+04  4.736483e+01  1.568390e+00  
   90600  -1.146055e+04  4.326144e+01  1.487943e+00  
   90700  -1.144242e+04  4.456928e+01  1.498756e+00  
   90800  -1.149729e+04  5.075039e+01  1.575054e+00  
   90900  -1.147736e+04  5.012804e+01  1.590322e+00  
   91000  -1.149300e+04  4.947117e+01  1.544598e+00  
   91100  -1.139623e+04  5.031739e+01  1.564259e+00  
   91200  -1.146361e+04  4.798362e+01  1.550271e+00  
   91300  -1.143259e+04  4.719796e+01  1.565372e+00  
   91400  -1.130812e+04  4.745093e+01  1.525317e+00  
   91500  -1.136584e+04  4.477716e+01  1.535688e+00  
   91600  -1.133908e+04  4.833702e+01  1.564262e+00  
   91700  -1.137862e+04  4.932760e+01  1.550881e+00  
   91800  -1.134326e+04  4.539964e+01  1.532861e+00  
   91900  -1.136058e+04  4.995225e+01  1.603720e+00  
   92000  -1.136093e+04  4.295458e+01  1.480838e+00  
   92100  -1.126387e+04  4.545036e+01  1.523538e+00  
   92200  -1.136188e+04  4.986711e+01  1.545361e+00  
   92300  -1.123501e+04  4.672115e+01  1.561576e+00  
   92400  -1.137956e+04  4.490773e+01  1.529989e+00  
   92500  -1.142625e+04  4.726020e+01  1.531793e+00  
   92600  -1.144114e+04  4.730175e+01  1.556110e+00  
   92700  -1.139722e+04  4.790398e+01  1.567563e+00  
   92800  -1.145126e+04  5.047494e+01  1.559297e+00  
   92900  -1.142517e+04  4.782112e+01  1.541349e+00  
   93000  -1.147843e+04  4.586226e+01  1.533194e+00  
   93100  -1.151065e+04  4.910366e+01  1.573013e+00  
   93200  -1.142528e+04  4.592169e+01  1.553488e+00  
   93300  -1.147325e+04  4.560593e+01  1.560319e+00  
   93400  -1.161016e+04  4.704524e+01  1.548616e+00  
   93500  -1.149696e+04  4.701320e+01  1.558071e+00  
   93600  -1.155338e+04  4.804285e+01  1.565851e+00  
   93700  -1.146420e+04  4.609131e+01  1.507848e+00  
   93800  -1.148502e+04  4.870164e+01  1.510300e+00  
   93900  -1.152670e+04  4.578123e+01  1.502235e+00  
   94000  -1.148274e+04  5.017405e+01  1.544991e+00  
   94100  -1.151980e+04  4.706487e+01  1.536361e+00  
   94200  -1.145484e+04  4.609686e+01  1.549018e+00  
   94300  -1.145102e+04  4.577532e+01  1.555261e+00  
   94400  -1.142685e+04  4.748548e+01  1.563954e+00  
   94500  -1.149897e+04  4.779934e+01  1.582387e+00  
   94600  -1.135212e+04  4.765317e+01  1.569591e+00  
   94700  -1.142601e+04  4.765219e+01  1.567117e+00  
   94800  -1.141383e+04  4.542304e+01  1.542762e+00  
   94900  -1.142904e+04  4.911462e+01  1.603074e+00  
   95000  -1.133848e+04  4.455579e+01  1.507408e+00  
   95100  -1.131285e+04  4.921667e+01  1.574805e+00  
   95200  -1.141985e+04  4.493270e+01  1.501415e+00  
   95300  -1.142843e+04  4.970909e+01  1.565835e+00  
   95400  -1.142023e+04  4.510763e+01  1.516684e+00  
   95500  -1.145350e+04  4.891047e+01  1.565200e+00  
   95600  -1.138216e+04  4.678405e+01  1.537629e+00  
   95700  -1.143417e+04  4.750264e+01  1.562780e+00  
   95800  -1.135987e+04  4.895999e+01  1.562409e+00  
   95900  -1.140174e+04  4.548929e+01  1.511637e+00  
   96000  -1.142649e+04  4.750079e+01  1.540875e+00  
   96100  -1.136759e+04  4.662667e+01  1.542891e+00  
   96200  -1.136682e+04  4.380624e+01  1.518903e+00  
   96300  -1.122872e+04  4.435606e+01  1.524454e+00  
   96400  -1.127249e+04  4.679059e+01  1.544223e+00  
   96500  -1.131500e+04  4.434003e+01  1.528310e+00  
   96600  -1.129727e+04  4.621315e+01  1.555003e+00  
   96700  -1.132915e+04  4.567524e+01  1.547560e+00  
   96800  -1.132416e+04  4.349441e+01  1.546473e+00  
   96900  -1.136121e+04  4.348165e+01  1.517066e+00  
   97000  -1.133553e+04  4.516109e+01  1.530592e+00  
   97100  -1.127194e+04  4.481239e+01  1.511065e+00  
   97200  -1.138578e+04  4.500135e+01  1.535763e+00  
   97300  -1.132696e+04  4.209396e+01  1.509094e+00  
   97400  -1.129442e+04  4.101704e+01  1.521687e+00  
   97500  -1.130931e+04  4.667547e+01  1.535286e+00  
   97600  -1.129251e+04  4.648908e+01  1.545288e+00  
   97700  -1.125334e+04  4.870092e+01  1.578138e+00  
   97800  -1.135937e+04  4.995271e+01  1.561948e+00  
   97900  -1.136267e+04  4.427532e+01  1.524178e+00  
   98000  -1.139807e+04  5.056496e+01  1.578805e+00  
   98100  -1.139190e+04  4.676079e+01  1.552519e+00  
   98200  -1.141128e+04  4.641053e+01  1.536556e+00  
   98300  -1.137015e+04  4.609828e+01  1.535197e+00  
   98400  -1.137409e+04  4.499566e+01  1.549814e+00  
   98500  -1.139510e+04  4.487848e+01  1.543444e+00  
   98600  -1.142697e+04  4.248283e+01  1.520852e+00  
   98700  -1.131986e+04  4.619725e+01  1.557518e+00  
   98800  -1.131498e+04  4.604039e+01  1.542139e+00  
   98900  -1.137087e+04  4.665771e+01  1.550330e+00  
   99000  -1.130494e+04  4.415138e+01  1.516647e+00  
   99100  -1.137872e+04  4.918120e+01  1.592777e+00  
   99200  -1.134332e+04  4.461338e+01  1.528715e+00  
   99300  -1.149440e+04  4.925975e+01  1.573142e+00  
   99400  -1.140375e+04  4.167639e+01  1.509425e+00  
   99500  -1.136930e+04  4.034568e+01  1.495022e+00  
   99600  -1.145133e+04  4.592367e+01  1.549245e+00  
   99700  -1.142487e+04  4.874876e+01  1.541121e+00  
   99800  -1.145807e+04  5.117731e+01  1.577693e+00  
   99900  -1.149855e+04  4.879312e+01  1.590499e+00  
  100000  -1.148426e+04  4.549125e+01  1.525584e+00  
  100100  -1.147069e+04  4.591950e+01  1.514562e+00  
  100200  -1.147224e+04  5.027472e+01  1.564103e+00  
  100300  -1.153013e+04  5.128707e+01  1.587729e+00  
  100400  -1.154578e+04  5.116636e+01  1.561406e+00  
  100500  -1.153941e+04  4.586588e+01  1.525777e+00  
  100600  -1.148563e+04  4.535998e+01  1.517004e+00  
  100700  -1.140081e+04  5.155104e+01  1.573571e+00  
  100800  -1.141900e+04  5.069461e+01  1.588583e+00  
  100900  -1.135941e+04  4.453372e+01  1.491294e+00  
  101000  -1.133193e+04  4.580864e+01  1.527691e+00  
  101100  -1.135348e+04  4.716897e+01  1.548156e+00  
  101200  -1.130659e+04  4.556832e+01  1.537053e+00  
  101300  -1.119186e+04  4.148755e+01  1.531190e+00  
  101400  -1.127235e+04  4.666459e+01  1.562994e+00  
  101500  -1.130643e+04  5.387151e+01  1.600913e+00  
  101600  -1.132610e+04  4.463170e+01  1.508476e+00  
  101700  -1.129734e+04  4.302773e+01  1.499448e+00  
  101800  -1.131093e+04  4.128204e+01  1.513021e+00  
  101900  -1.145971e+04  4.187078e+01  1.513046e+00  
  102000  -1.145029e+04  5.223802e+01  1.584762e+00  
  102100  -1.145024e+04  5.149072e+01  1.569652e+00  
  102200  -1.143529e+04  4.712866e+01  1.558377e+00  
  102300  -1.134404e+04  5.078779e+01  1.569887e+00  
  102400  -1.141979e+04  4.468736e+01  1.519274e+00  
  102500  -1.140213e+04  5.016134e+01  1.594998e+00  
  102600  -1.147819e+04  4.619889e+01  1.552995e+00  
  102700  -1.149073e+04  4.644034e+01  1.536664e+00  
  102800  -1.136002e+04  4.636765e+01  1.566100e+00  
  102900  -1.135839e+04  4.395410e+01  1.526163e+00  
  103000  -1.131787e+04  4.827369e+01  1.583315e+00  
  103100  -1.135179e+04  4.303869e+01  1.536021e+00  
  103200  -1.141842e+04  4.723256e+01  1.547324e+00  
  103300  -1.137737e+04  4.702996e+01  1.550764e+00  
  103400  -1.144213e+04  4.756822e+01  1.576452e+00  
  103500  -1.151013e+04  4.677870e+01  1.535992e+00  
  103600  -1.134769e+04  4.715615e+01  1.533319e+00  
  103700  -1.147810e+04  4.443556e+01  1.543756e+00  
  103800  -1.146026e+04  4.815048e+01  1.534033e+00  
  103900  -1.140309e+04  5.070685e+01  1.570630e+00  
  104000  -1.146771e+04  4.892563e+01  1.574582e+00  
  104100  -1.153630e+04  5.108857e+01  1.563195e+00  
  104200  -1.154651e+04  5.292878e+01  1.577516e+00  
  104300  -1.150478e+04  4.562537e+01  1.547489e+00  
  104400  -1.158313e+04  4.970314e+01  1.563926e+00  
  104500  -1.142945e+04  4.782658e+01  1.552580e+00  
  104600  -1.151532e+04  4.702511e+01  1.535307e+00  
  104700  -1.144469e+04  4.249711e+01  1.507135e+00  
  104800  -1.142183e+04  4.853689e+01  1.538573e+00  
  104900  -1.148220e+04  5.045169e+01  1.581465e+00  
  105000  -1.153780e+04  5.163629e+01  1.557621e+00  
  105100  -1.150153e+04  4.880895e+01  1.560072e+00  
  105200  -1.142953e+04  5.105883e+01  1.574871e+00  
  105300  -1.148181e+04  4.509396e+01  1.515660e+00  
  105400  -1.137529e+04  4.565685e+01  1.499695e+00  
  105500  -1.136655e+04  4.855645e+01  1.558857e+00  
  105600  -1.128535e+04  4.865455e+01  1.591795e+00  
  105700  -1.130840e+04  4.821314e+01  1.529207e+00  
  105800  -1.149663e+04  4.600927e+01  1.491183e+00  
  105900  -1.145102e+04  5.024667e+01  1.588773e+00  
  106000  -1.146432e+04  4.675946e+01  1.534144e+00  
  106100  -1.144025e+04  4.658063e+01  1.524498e+00  
  106200  -1.143495e+04  4.799596e+01  1.547336e+00  
  106300  -1.139011e+04  4.881043e+01  1.564919e+00  
  106400  -1.137239e+04  4.812712e+01  1.537455e+00  
  106500  -1.130667e+04  4.438852e+01  1.540593e+00  
  106600  -1.134963e+04  4.396563e+01  1.521400e+00  
  106700  -1.133024e+04  4.516068e+01  1.568166e+00  
  106800  -1.134399e+04  4.534913e+01  1.522036e+00  
  106900  -1.142136e+04  4.424487e+01  1.508589e+00  
  107000  -1.136760e+04  4.943543e+01  1.539061e+00  
  107100  -1.135629e+04  4.759826e+01  1.557678e+00  
  107200  -1.143357e+04  4.800487e+01  1.582087e+00  
  107300  -1.135852e+04  4.683214e+01  1.570159e+00  
  107400  -1.131555e+04  4.370066e+01  1.515067e+00  
  107500  -1.132730e+04  4.731683e+01  1.548917e+00  
  107600  -1.132175e+04  4.400496e+01  1.520301e+00  
  107700  -1.134334e+04  4.436685e+01  1.544940e+00  
  107800  -1.135360e+04  4.778045e+01  1.573871e+00  
  107900  -1.134523e+04  4.466743e+01  1.554860e+00  
  108000  -1.138508e+04  4.670700e+01  1.512369e+00  
  108100  -1.140201e+04  4.754971e+01  1.532222e+00  
  108200  -1.136964e+04  5.223705e+01  1.557123e+00  
  108300  -1.146622e+04  4.882585e+01  1.522705e+00  
  108400  -1.143889e+04  4.322765e+01  1.554589e+00  
  108500  -1.134157e+04  4.819988e+01  1.556795e+00  
  108600  -1.136588e+04  4.759549e+01  1.551088e+00  
  108700  -1.135747e+04  4.510892e+01  1.559509e+00  
  108800  -1.136566e+04  4.940686e+01  1.579814e+00  
  108900  -1.139792e+04  4.826450e+01  1.576330e+00  
  109000  -1.135470e+04  4.561261e+01  1.547527e+00  
  109100  -1.132248e+04  4.707226e+01  1.561068e+00  
  109200  -1.136717e+04  4.894328e+01  1.558235e+00  
  109300  -1.142895e+04  4.642966e+01  1.533721e+00  
  109400  -1.136724e+04  4.416487e+01  1.516509e+00  
  109500  -1.133608e+04  4.682699e+01  1.563996e+00  
  109600  -1.134274e+04  4.748538e+01  1.574095e+00  
  109700  -1.134715e+04  4.452012e+01  1.526726e+00  
  109800  -1.128234e+04  4.290715e+01  1.543494e+00  
  109900  -1.120238e+04  4.562794e+01  1.570901e+00  
  110000  -1.119196e+04  4.988067e+01  1.567941e+00  
